[0.035s] Invoking command in '/home/bayrakt4rdem/ros2_ws/build/articubot_one': CMAKE_PREFIX_PATH=${CMAKE_PREFIX_PATH}:/home/bayrakt4rdem/ros2_ws/install/my_py_pkg:/opt/ros/humble /usr/bin/cmake --build /home/bayrakt4rdem/ros2_ws/build/articubot_one -- -j12 -l12
[0.574s] Invoked command in '/home/bayrakt4rdem/ros2_ws/build/articubot_one' returned '0': CMAKE_PREFIX_PATH=${CMAKE_PREFIX_PATH}:/home/bayrakt4rdem/ros2_ws/install/my_py_pkg:/opt/ros/humble /usr/bin/cmake --build /home/bayrakt4rdem/ros2_ws/build/articubot_one -- -j12 -l12
[0.606s] Invoking command in '/home/bayrakt4rdem/ros2_ws/build/articubot_one': CMAKE_PREFIX_PATH=${CMAKE_PREFIX_PATH}:/home/bayrakt4rdem/ros2_ws/install/my_py_pkg:/opt/ros/humble /usr/bin/cmake --install /home/bayrakt4rdem/ros2_ws/build/articubot_one
[0.613s] -- Install configuration: ""
[0.613s] -- Up-to-date: /home/bayrakt4rdem/ros2_ws/install/articubot_one/share/articubot_one/config
[0.613s] -- Up-to-date: /home/bayrakt4rdem/ros2_ws/install/articubot_one/share/articubot_one/config/empty.yaml
[0.613s] -- Up-to-date: /home/bayrakt4rdem/ros2_ws/install/articubot_one/share/articubot_one/config/view_bot.rviz
[0.613s] -- Up-to-date: /home/bayrakt4rdem/ros2_ws/install/articubot_one/share/articubot_one/description
[0.614s] -- Up-to-date: /home/bayrakt4rdem/ros2_ws/install/articubot_one/share/articubot_one/description/back_wheel_1.stl
[0.614s] -- Up-to-date: /home/bayrakt4rdem/ros2_ws/install/articubot_one/share/articubot_one/description/urdfv4export.gazebo
[0.614s] -- Up-to-date: /home/bayrakt4rdem/ros2_ws/install/articubot_one/share/articubot_one/description/base_link.stl
[0.614s] -- Installing: /home/bayrakt4rdem/ros2_ws/install/articubot_one/share/articubot_one/description/robot.urdf.xacro
[0.615s] -- Up-to-date: /home/bayrakt4rdem/ros2_ws/install/articubot_one/share/articubot_one/description/right_wheel_1.stl
[0.615s] -- Up-to-date: /home/bayrakt4rdem/ros2_ws/install/articubot_one/share/articubot_one/description/urdfv4export.trans
[0.615s] -- Up-to-date: /home/bayrakt4rdem/ros2_ws/install/articubot_one/share/articubot_one/description/materials.xacro
[0.615s] -- Up-to-date: /home/bayrakt4rdem/ros2_ws/install/articubot_one/share/articubot_one/description/left_wheel_1.stl
[0.615s] -- Up-to-date: /home/bayrakt4rdem/ros2_ws/install/articubot_one/share/articubot_one/launch
[0.615s] -- Up-to-date: /home/bayrakt4rdem/ros2_ws/install/articubot_one/share/articubot_one/launch/rsp.launch.py
[0.615s] -- Up-to-date: /home/bayrakt4rdem/ros2_ws/install/articubot_one/share/articubot_one/worlds
[0.616s] -- Up-to-date: /home/bayrakt4rdem/ros2_ws/install/articubot_one/share/articubot_one/worlds/empty.world
[0.616s] -- Up-to-date: /home/bayrakt4rdem/ros2_ws/install/articubot_one/share/ament_index/resource_index/package_run_dependencies/articubot_one
[0.616s] -- Up-to-date: /home/bayrakt4rdem/ros2_ws/install/articubot_one/share/ament_index/resource_index/parent_prefix_path/articubot_one
[0.616s] -- Up-to-date: /home/bayrakt4rdem/ros2_ws/install/articubot_one/share/articubot_one/environment/ament_prefix_path.sh
[0.616s] -- Up-to-date: /home/bayrakt4rdem/ros2_ws/install/articubot_one/share/articubot_one/environment/ament_prefix_path.dsv
[0.616s] -- Up-to-date: /home/bayrakt4rdem/ros2_ws/install/articubot_one/share/articubot_one/environment/path.sh
[0.617s] -- Up-to-date: /home/bayrakt4rdem/ros2_ws/install/articubot_one/share/articubot_one/environment/path.dsv
[0.617s] -- Up-to-date: /home/bayrakt4rdem/ros2_ws/install/articubot_one/share/articubot_one/local_setup.bash
[0.617s] -- Up-to-date: /home/bayrakt4rdem/ros2_ws/install/articubot_one/share/articubot_one/local_setup.sh
[0.617s] -- Up-to-date: /home/bayrakt4rdem/ros2_ws/install/articubot_one/share/articubot_one/local_setup.zsh
[0.617s] -- Up-to-date: /home/bayrakt4rdem/ros2_ws/install/articubot_one/share/articubot_one/local_setup.dsv
[0.617s] -- Installing: /home/bayrakt4rdem/ros2_ws/install/articubot_one/share/articubot_one/package.dsv
[0.617s] -- Up-to-date: /home/bayrakt4rdem/ros2_ws/install/articubot_one/share/ament_index/resource_index/packages/articubot_one
[0.617s] -- Up-to-date: /home/bayrakt4rdem/ros2_ws/install/articubot_one/share/articubot_one/cmake/articubot_oneConfig.cmake
[0.617s] -- Up-to-date: /home/bayrakt4rdem/ros2_ws/install/articubot_one/share/articubot_one/cmake/articubot_oneConfig-version.cmake
[0.617s] -- Up-to-date: /home/bayrakt4rdem/ros2_ws/install/articubot_one/share/articubot_one/package.xml
[0.621s] Invoked command in '/home/bayrakt4rdem/ros2_ws/build/articubot_one' returned '0': CMAKE_PREFIX_PATH=${CMAKE_PREFIX_PATH}:/home/bayrakt4rdem/ros2_ws/install/my_py_pkg:/opt/ros/humble /usr/bin/cmake --install /home/bayrakt4rdem/ros2_ws/build/articubot_one
