[1.536s] Invoking command in '/home/sarpdengizmen/ros2_ws/src/py_pubsub': PYTHONPATH=/home/sarpdengizmen/ros2_ws/build/py_pubsub/prefix_override:/home/sarpdengizmen/ros2_ws/install/py_pubsub/lib/python3.10/site-packages:${PYTHONPATH} /usr/bin/python3 setup.py egg_info --egg-base ../../build/py_pubsub build --build-base /home/sarpdengizmen/ros2_ws/build/py_pubsub/build install --record /home/sarpdengizmen/ros2_ws/build/py_pubsub/install.log --single-version-externally-managed
[2.024s] running egg_info
[2.027s] writing ../../build/py_pubsub/py_pubsub.egg-info/PKG-INFO
[2.029s] writing dependency_links to ../../build/py_pubsub/py_pubsub.egg-info/dependency_links.txt
[2.029s] writing entry points to ../../build/py_pubsub/py_pubsub.egg-info/entry_points.txt
[2.029s] writing requirements to ../../build/py_pubsub/py_pubsub.egg-info/requires.txt
[2.029s] writing top-level names to ../../build/py_pubsub/py_pubsub.egg-info/top_level.txt
[2.036s] reading manifest file '../../build/py_pubsub/py_pubsub.egg-info/SOURCES.txt'
[2.036s] adding license file 'LICENSE'
[2.037s] writing manifest file '../../build/py_pubsub/py_pubsub.egg-info/SOURCES.txt'
[2.037s] running build
[2.038s] running build_py
[2.038s] copying py_pubsub/subscriber_member_function.py -> /home/sarpdengizmen/ros2_ws/build/py_pubsub/build/lib/py_pubsub
[2.038s] creating /home/sarpdengizmen/ros2_ws/build/py_pubsub/build/lib/py_pubsub/submodules
[2.038s] copying py_pubsub/submodules/__init__.py -> /home/sarpdengizmen/ros2_ws/build/py_pubsub/build/lib/py_pubsub/submodules
[2.038s] copying py_pubsub/submodules/serialcom.py -> /home/sarpdengizmen/ros2_ws/build/py_pubsub/build/lib/py_pubsub/submodules
[2.039s] running install
[2.040s] /usr/lib/python3/dist-packages/setuptools/command/install.py:34: SetuptoolsDeprecationWarning: setup.py install is deprecated. Use build and pip and other standards-based tools.
[2.040s]   warnings.warn(
[2.041s] running install_lib
[2.042s] copying /home/sarpdengizmen/ros2_ws/build/py_pubsub/build/lib/py_pubsub/subscriber_member_function.py -> /home/sarpdengizmen/ros2_ws/install/py_pubsub/lib/python3.10/site-packages/py_pubsub
[2.043s] creating /home/sarpdengizmen/ros2_ws/install/py_pubsub/lib/python3.10/site-packages/py_pubsub/submodules
[2.043s] copying /home/sarpdengizmen/ros2_ws/build/py_pubsub/build/lib/py_pubsub/submodules/__init__.py -> /home/sarpdengizmen/ros2_ws/install/py_pubsub/lib/python3.10/site-packages/py_pubsub/submodules
[2.043s] copying /home/sarpdengizmen/ros2_ws/build/py_pubsub/build/lib/py_pubsub/submodules/serialcom.py -> /home/sarpdengizmen/ros2_ws/install/py_pubsub/lib/python3.10/site-packages/py_pubsub/submodules
[2.044s] byte-compiling /home/sarpdengizmen/ros2_ws/install/py_pubsub/lib/python3.10/site-packages/py_pubsub/subscriber_member_function.py to subscriber_member_function.cpython-310.pyc
[2.045s] byte-compiling /home/sarpdengizmen/ros2_ws/install/py_pubsub/lib/python3.10/site-packages/py_pubsub/submodules/__init__.py to __init__.cpython-310.pyc
[2.045s] byte-compiling /home/sarpdengizmen/ros2_ws/install/py_pubsub/lib/python3.10/site-packages/py_pubsub/submodules/serialcom.py to serialcom.cpython-310.pyc
[2.046s] running install_data
[2.047s] running install_egg_info
[2.051s] removing '/home/sarpdengizmen/ros2_ws/install/py_pubsub/lib/python3.10/site-packages/py_pubsub-0.0.0-py3.10.egg-info' (and everything under it)
[2.052s] Copying ../../build/py_pubsub/py_pubsub.egg-info to /home/sarpdengizmen/ros2_ws/install/py_pubsub/lib/python3.10/site-packages/py_pubsub-0.0.0-py3.10.egg-info
[2.053s] running install_scripts
[2.086s] Installing listener script to /home/sarpdengizmen/ros2_ws/install/py_pubsub/lib/py_pubsub
[2.086s] Installing talker script to /home/sarpdengizmen/ros2_ws/install/py_pubsub/lib/py_pubsub
[2.087s] writing list of installed files to '/home/sarpdengizmen/ros2_ws/build/py_pubsub/install.log'
[2.131s] Invoked command in '/home/sarpdengizmen/ros2_ws/src/py_pubsub' returned '0': PYTHONPATH=/home/sarpdengizmen/ros2_ws/build/py_pubsub/prefix_override:/home/sarpdengizmen/ros2_ws/install/py_pubsub/lib/python3.10/site-packages:${PYTHONPATH} /usr/bin/python3 setup.py egg_info --egg-base ../../build/py_pubsub build --build-base /home/sarpdengizmen/ros2_ws/build/py_pubsub/build install --record /home/sarpdengizmen/ros2_ws/build/py_pubsub/install.log --single-version-externally-managed
