[1.515s] DEBUG:colcon:Command line arguments: ['/usr/bin/colcon', 'build', '--packages-select', 'tutorial_interfaces']
[1.515s] DEBUG:colcon:Parsed command line arguments: Namespace(log_base=None, log_level=None, verb_name='build', build_base='build', install_base='install', merge_install=False, symlink_install=False, test_result_base=None, continue_on_error=False, executor='parallel', parallel_workers=4, event_handlers=None, ignore_user_meta=False, metas=['./colcon.meta'], base_paths=['.'], packages_ignore=None, packages_ignore_regex=None, paths=None, packages_up_to=None, packages_up_to_regex=None, packages_above=None, packages_above_and_dependencies=None, packages_above_depth=None, packages_select_by_dep=None, packages_skip_by_dep=None, packages_skip_up_to=None, packages_select_build_failed=False, packages_skip_build_finished=False, packages_select_test_failures=False, packages_skip_test_passed=False, packages_select=['tutorial_interfaces'], packages_skip=None, packages_select_regex=None, packages_skip_regex=None, packages_start=None, packages_end=None, allow_overriding=[], cmake_args=None, cmake_target=None, cmake_target_skip_unavailable=False, cmake_clean_cache=False, cmake_clean_first=False, cmake_force_configure=False, ament_cmake_args=None, catkin_cmake_args=None, catkin_skip_building_tests=False, verb_parser=<colcon_defaults.argument_parser.defaults.DefaultArgumentsDecorator object at 0x7fc3093f66b0>, verb_extension=<colcon_core.verb.build.BuildVerb object at 0x7fc30a1cec80>, main=<bound method BuildVerb.main of <colcon_core.verb.build.BuildVerb object at 0x7fc30a1cec80>>)
[1.584s] Level 1:colcon.colcon_core.package_discovery:discover_packages(colcon_meta) check parameters
[1.584s] Level 1:colcon.colcon_core.package_discovery:discover_packages(recursive) check parameters
[1.584s] Level 1:colcon.colcon_core.package_discovery:discover_packages(ignore) check parameters
[1.584s] Level 1:colcon.colcon_core.package_discovery:discover_packages(path) check parameters
[1.584s] Level 1:colcon.colcon_core.package_discovery:discover_packages(colcon_meta) discover
[1.584s] Level 1:colcon.colcon_core.package_discovery:discover_packages(recursive) discover
[1.584s] INFO:colcon.colcon_core.package_discovery:Crawling recursively for packages in '/home/sarpdengizmen/ros2_ws'
[1.585s] Level 1:colcon.colcon_core.package_identification:_identify(.) by extensions ['ignore', 'ignore_ament_install']
[1.585s] Level 1:colcon.colcon_core.package_identification:_identify(.) by extension 'ignore'
[1.585s] Level 1:colcon.colcon_core.package_identification:_identify(.) by extension 'ignore_ament_install'
[1.585s] Level 1:colcon.colcon_core.package_identification:_identify(.) by extensions ['colcon_pkg']
[1.585s] Level 1:colcon.colcon_core.package_identification:_identify(.) by extension 'colcon_pkg'
[1.585s] Level 1:colcon.colcon_core.package_identification:_identify(.) by extensions ['colcon_meta']
[1.585s] Level 1:colcon.colcon_core.package_identification:_identify(.) by extension 'colcon_meta'
[1.585s] Level 1:colcon.colcon_core.package_identification:_identify(.) by extensions ['ros']
[1.585s] Level 1:colcon.colcon_core.package_identification:_identify(.) by extension 'ros'
[1.599s] Level 1:colcon.colcon_core.package_identification:_identify(.) by extensions ['cmake', 'python']
[1.599s] Level 1:colcon.colcon_core.package_identification:_identify(.) by extension 'cmake'
[1.599s] Level 1:colcon.colcon_core.package_identification:_identify(.) by extension 'python'
[1.600s] Level 1:colcon.colcon_core.package_identification:_identify(.) by extensions ['python_setup_py']
[1.600s] Level 1:colcon.colcon_core.package_identification:_identify(.) by extension 'python_setup_py'
[1.600s] Level 1:colcon.colcon_core.package_identification:_identify(build) by extensions ['ignore', 'ignore_ament_install']
[1.600s] Level 1:colcon.colcon_core.package_identification:_identify(build) by extension 'ignore'
[1.600s] Level 1:colcon.colcon_core.package_identification:_identify(build) ignored
[1.600s] Level 1:colcon.colcon_core.package_identification:_identify(install) by extensions ['ignore', 'ignore_ament_install']
[1.600s] Level 1:colcon.colcon_core.package_identification:_identify(install) by extension 'ignore'
[1.600s] Level 1:colcon.colcon_core.package_identification:_identify(install) ignored
[1.600s] Level 1:colcon.colcon_core.package_identification:_identify(log) by extensions ['ignore', 'ignore_ament_install']
[1.601s] Level 1:colcon.colcon_core.package_identification:_identify(log) by extension 'ignore'
[1.601s] Level 1:colcon.colcon_core.package_identification:_identify(log) ignored
[1.601s] Level 1:colcon.colcon_core.package_identification:_identify(src) by extensions ['ignore', 'ignore_ament_install']
[1.601s] Level 1:colcon.colcon_core.package_identification:_identify(src) by extension 'ignore'
[1.601s] Level 1:colcon.colcon_core.package_identification:_identify(src) by extension 'ignore_ament_install'
[1.601s] Level 1:colcon.colcon_core.package_identification:_identify(src) by extensions ['colcon_pkg']
[1.601s] Level 1:colcon.colcon_core.package_identification:_identify(src) by extension 'colcon_pkg'
[1.601s] Level 1:colcon.colcon_core.package_identification:_identify(src) by extensions ['colcon_meta']
[1.601s] Level 1:colcon.colcon_core.package_identification:_identify(src) by extension 'colcon_meta'
[1.601s] Level 1:colcon.colcon_core.package_identification:_identify(src) by extensions ['ros']
[1.601s] Level 1:colcon.colcon_core.package_identification:_identify(src) by extension 'ros'
[1.601s] Level 1:colcon.colcon_core.package_identification:_identify(src) by extensions ['cmake', 'python']
[1.601s] Level 1:colcon.colcon_core.package_identification:_identify(src) by extension 'cmake'
[1.601s] Level 1:colcon.colcon_core.package_identification:_identify(src) by extension 'python'
[1.601s] Level 1:colcon.colcon_core.package_identification:_identify(src) by extensions ['python_setup_py']
[1.602s] Level 1:colcon.colcon_core.package_identification:_identify(src) by extension 'python_setup_py'
[1.602s] Level 1:colcon.colcon_core.package_identification:_identify(src/py_pubsub) by extensions ['ignore', 'ignore_ament_install']
[1.602s] Level 1:colcon.colcon_core.package_identification:_identify(src/py_pubsub) by extension 'ignore'
[1.602s] Level 1:colcon.colcon_core.package_identification:_identify(src/py_pubsub) by extension 'ignore_ament_install'
[1.602s] Level 1:colcon.colcon_core.package_identification:_identify(src/py_pubsub) by extensions ['colcon_pkg']
[1.602s] Level 1:colcon.colcon_core.package_identification:_identify(src/py_pubsub) by extension 'colcon_pkg'
[1.602s] Level 1:colcon.colcon_core.package_identification:_identify(src/py_pubsub) by extensions ['colcon_meta']
[1.602s] Level 1:colcon.colcon_core.package_identification:_identify(src/py_pubsub) by extension 'colcon_meta'
[1.602s] Level 1:colcon.colcon_core.package_identification:_identify(src/py_pubsub) by extensions ['ros']
[1.602s] Level 1:colcon.colcon_core.package_identification:_identify(src/py_pubsub) by extension 'ros'
[1.605s] DEBUG:colcon.colcon_core.package_identification:Package 'src/py_pubsub' with type 'ros.ament_python' and name 'py_pubsub'
[1.605s] Level 1:colcon.colcon_core.package_identification:_identify(src/py_srvcli) by extensions ['ignore', 'ignore_ament_install']
[1.605s] Level 1:colcon.colcon_core.package_identification:_identify(src/py_srvcli) by extension 'ignore'
[1.605s] Level 1:colcon.colcon_core.package_identification:_identify(src/py_srvcli) by extension 'ignore_ament_install'
[1.606s] Level 1:colcon.colcon_core.package_identification:_identify(src/py_srvcli) by extensions ['colcon_pkg']
[1.606s] Level 1:colcon.colcon_core.package_identification:_identify(src/py_srvcli) by extension 'colcon_pkg'
[1.606s] Level 1:colcon.colcon_core.package_identification:_identify(src/py_srvcli) by extensions ['colcon_meta']
[1.606s] Level 1:colcon.colcon_core.package_identification:_identify(src/py_srvcli) by extension 'colcon_meta'
[1.606s] Level 1:colcon.colcon_core.package_identification:_identify(src/py_srvcli) by extensions ['ros']
[1.606s] Level 1:colcon.colcon_core.package_identification:_identify(src/py_srvcli) by extension 'ros'
[1.607s] DEBUG:colcon.colcon_core.package_identification:Package 'src/py_srvcli' with type 'ros.ament_python' and name 'py_srvcli'
[1.607s] Level 1:colcon.colcon_core.package_identification:_identify(src/tutorial_interfaces) by extensions ['ignore', 'ignore_ament_install']
[1.607s] Level 1:colcon.colcon_core.package_identification:_identify(src/tutorial_interfaces) by extension 'ignore'
[1.607s] Level 1:colcon.colcon_core.package_identification:_identify(src/tutorial_interfaces) by extension 'ignore_ament_install'
[1.607s] Level 1:colcon.colcon_core.package_identification:_identify(src/tutorial_interfaces) by extensions ['colcon_pkg']
[1.607s] Level 1:colcon.colcon_core.package_identification:_identify(src/tutorial_interfaces) by extension 'colcon_pkg'
[1.607s] Level 1:colcon.colcon_core.package_identification:_identify(src/tutorial_interfaces) by extensions ['colcon_meta']
[1.607s] Level 1:colcon.colcon_core.package_identification:_identify(src/tutorial_interfaces) by extension 'colcon_meta'
[1.607s] Level 1:colcon.colcon_core.package_identification:_identify(src/tutorial_interfaces) by extensions ['ros']
[1.607s] Level 1:colcon.colcon_core.package_identification:_identify(src/tutorial_interfaces) by extension 'ros'
[1.608s] DEBUG:colcon.colcon_core.package_identification:Package 'src/tutorial_interfaces' with type 'ros.ament_cmake' and name 'tutorial_interfaces'
[1.608s] Level 1:colcon.colcon_core.package_discovery:discover_packages(recursive) using defaults
[1.608s] Level 1:colcon.colcon_core.package_discovery:discover_packages(ignore) discover
[1.608s] Level 1:colcon.colcon_core.package_discovery:discover_packages(ignore) using defaults
[1.608s] Level 1:colcon.colcon_core.package_discovery:discover_packages(path) discover
[1.608s] Level 1:colcon.colcon_core.package_discovery:discover_packages(path) using defaults
[1.701s] INFO:colcon.colcon_core.package_selection:Skipping not selected package 'py_pubsub' in 'src/py_pubsub'
[1.701s] INFO:colcon.colcon_core.package_selection:Skipping not selected package 'py_srvcli' in 'src/py_srvcli'
[1.746s] Level 1:colcon.colcon_core.package_discovery:discover_packages(prefix_path) check parameters
[1.746s] Level 1:colcon.colcon_core.package_discovery:discover_packages(prefix_path) discover
[1.793s] DEBUG:colcon.colcon_installed_package_information.package_discovery:Found 295 installed packages in /opt/ros/iron
[1.795s] Level 1:colcon.colcon_core.package_discovery:discover_packages(prefix_path) using defaults
[1.925s] Level 5:colcon.colcon_core.verb:set package 'tutorial_interfaces' build argument 'cmake_args' from command line to 'None'
[1.925s] Level 5:colcon.colcon_core.verb:set package 'tutorial_interfaces' build argument 'cmake_target' from command line to 'None'
[1.925s] Level 5:colcon.colcon_core.verb:set package 'tutorial_interfaces' build argument 'cmake_target_skip_unavailable' from command line to 'False'
[1.925s] Level 5:colcon.colcon_core.verb:set package 'tutorial_interfaces' build argument 'cmake_clean_cache' from command line to 'False'
[1.925s] Level 5:colcon.colcon_core.verb:set package 'tutorial_interfaces' build argument 'cmake_clean_first' from command line to 'False'
[1.925s] Level 5:colcon.colcon_core.verb:set package 'tutorial_interfaces' build argument 'cmake_force_configure' from command line to 'False'
[1.926s] Level 5:colcon.colcon_core.verb:set package 'tutorial_interfaces' build argument 'ament_cmake_args' from command line to 'None'
[1.926s] Level 5:colcon.colcon_core.verb:set package 'tutorial_interfaces' build argument 'catkin_cmake_args' from command line to 'None'
[1.926s] Level 5:colcon.colcon_core.verb:set package 'tutorial_interfaces' build argument 'catkin_skip_building_tests' from command line to 'False'
[1.926s] DEBUG:colcon.colcon_core.verb:Building package 'tutorial_interfaces' with the following arguments: {'ament_cmake_args': None, 'build_base': '/home/sarpdengizmen/ros2_ws/build/tutorial_interfaces', 'catkin_cmake_args': None, 'catkin_skip_building_tests': False, 'cmake_args': None, 'cmake_clean_cache': False, 'cmake_clean_first': False, 'cmake_force_configure': False, 'cmake_target': None, 'cmake_target_skip_unavailable': False, 'install_base': '/home/sarpdengizmen/ros2_ws/install/tutorial_interfaces', 'merge_install': False, 'path': '/home/sarpdengizmen/ros2_ws/src/tutorial_interfaces', 'symlink_install': False, 'test_result_base': None}
[1.948s] INFO:colcon.colcon_core.executor:Executing jobs using 'parallel' executor
[1.972s] DEBUG:colcon.colcon_parallel_executor.executor.parallel:run_until_complete
[1.973s] INFO:colcon.colcon_ros.task.ament_cmake.build:Building ROS package in '/home/sarpdengizmen/ros2_ws/src/tutorial_interfaces' with build type 'ament_cmake'
[1.973s] INFO:colcon.colcon_cmake.task.cmake.build:Building CMake package in '/home/sarpdengizmen/ros2_ws/src/tutorial_interfaces'
[2.001s] INFO:colcon.colcon_core.plugin_system:Skipping extension 'colcon_core.shell.bat': Not used on non-Windows systems
[2.001s] INFO:colcon.colcon_core.shell:Skip shell extension 'powershell' for command environment: Not usable outside of PowerShell
[2.001s] DEBUG:colcon.colcon_core.shell:Skip shell extension 'dsv' for command environment
[2.062s] DEBUG:colcon.colcon_core.event_handler.log_command:Invoking command in '/home/sarpdengizmen/ros2_ws/build/tutorial_interfaces': CMAKE_PREFIX_PATH=/opt/ros/iron /usr/bin/cmake /home/sarpdengizmen/ros2_ws/src/tutorial_interfaces -DCMAKE_INSTALL_PREFIX=/home/sarpdengizmen/ros2_ws/install/tutorial_interfaces
[5.083s] DEBUG:colcon.colcon_core.event_handler.log_command:Invoked command in '/home/sarpdengizmen/ros2_ws/build/tutorial_interfaces' returned '0': CMAKE_PREFIX_PATH=/opt/ros/iron /usr/bin/cmake /home/sarpdengizmen/ros2_ws/src/tutorial_interfaces -DCMAKE_INSTALL_PREFIX=/home/sarpdengizmen/ros2_ws/install/tutorial_interfaces
[5.087s] DEBUG:colcon.colcon_core.event_handler.log_command:Invoking command in '/home/sarpdengizmen/ros2_ws/build/tutorial_interfaces': CMAKE_PREFIX_PATH=/opt/ros/iron /usr/bin/cmake --build /home/sarpdengizmen/ros2_ws/build/tutorial_interfaces -- -j4 -l4
[13.127s] DEBUG:colcon.colcon_core.event_handler.log_command:Invoked command in '/home/sarpdengizmen/ros2_ws/build/tutorial_interfaces' returned '0': CMAKE_PREFIX_PATH=/opt/ros/iron /usr/bin/cmake --build /home/sarpdengizmen/ros2_ws/build/tutorial_interfaces -- -j4 -l4
[13.313s] DEBUG:colcon.colcon_core.event_handler.log_command:Invoking command in '/home/sarpdengizmen/ros2_ws/build/tutorial_interfaces': CMAKE_PREFIX_PATH=/opt/ros/iron /usr/bin/cmake --install /home/sarpdengizmen/ros2_ws/build/tutorial_interfaces
[13.436s] Level 1:colcon.colcon_core.environment:create_environment_scripts_only(tutorial_interfaces)
[13.437s] DEBUG:colcon.colcon_core.event_handler.log_command:Invoked command in '/home/sarpdengizmen/ros2_ws/build/tutorial_interfaces' returned '0': CMAKE_PREFIX_PATH=/opt/ros/iron /usr/bin/cmake --install /home/sarpdengizmen/ros2_ws/build/tutorial_interfaces
[13.463s] Level 1:colcon.colcon_core.environment:checking '/home/sarpdengizmen/ros2_ws/install/tutorial_interfaces' for CMake module files
[13.464s] Level 1:colcon.colcon_core.environment:checking '/home/sarpdengizmen/ros2_ws/install/tutorial_interfaces' for CMake config files
[13.465s] Level 1:colcon.colcon_core.shell:create_environment_hook('tutorial_interfaces', 'cmake_prefix_path')
[13.487s] INFO:colcon.colcon_core.shell:Creating environment hook '/home/sarpdengizmen/ros2_ws/install/tutorial_interfaces/share/tutorial_interfaces/hook/cmake_prefix_path.ps1'
[13.488s] INFO:colcon.colcon_core.shell:Creating environment descriptor '/home/sarpdengizmen/ros2_ws/install/tutorial_interfaces/share/tutorial_interfaces/hook/cmake_prefix_path.dsv'
[13.488s] INFO:colcon.colcon_core.shell:Creating environment hook '/home/sarpdengizmen/ros2_ws/install/tutorial_interfaces/share/tutorial_interfaces/hook/cmake_prefix_path.sh'
[13.489s] Level 1:colcon.colcon_core.environment:checking '/home/sarpdengizmen/ros2_ws/install/tutorial_interfaces/lib'
[13.490s] Level 1:colcon.colcon_core.shell:create_environment_hook('tutorial_interfaces', 'ld_library_path_lib')
[13.513s] INFO:colcon.colcon_core.shell:Creating environment hook '/home/sarpdengizmen/ros2_ws/install/tutorial_interfaces/share/tutorial_interfaces/hook/ld_library_path_lib.ps1'
[13.514s] INFO:colcon.colcon_core.shell:Creating environment descriptor '/home/sarpdengizmen/ros2_ws/install/tutorial_interfaces/share/tutorial_interfaces/hook/ld_library_path_lib.dsv'
[13.514s] INFO:colcon.colcon_core.shell:Creating environment hook '/home/sarpdengizmen/ros2_ws/install/tutorial_interfaces/share/tutorial_interfaces/hook/ld_library_path_lib.sh'
[13.515s] Level 1:colcon.colcon_core.environment:checking '/home/sarpdengizmen/ros2_ws/install/tutorial_interfaces/bin'
[13.515s] Level 1:colcon.colcon_core.environment:checking '/home/sarpdengizmen/ros2_ws/install/tutorial_interfaces/lib/pkgconfig/tutorial_interfaces.pc'
[13.515s] Level 1:colcon.colcon_core.environment:checking '/home/sarpdengizmen/ros2_ws/install/tutorial_interfaces/lib/python3.10/site-packages'
[13.515s] Level 1:colcon.colcon_core.shell:create_environment_hook('tutorial_interfaces', 'pythonpath')
[13.539s] INFO:colcon.colcon_core.shell:Creating environment hook '/home/sarpdengizmen/ros2_ws/install/tutorial_interfaces/share/tutorial_interfaces/hook/pythonpath.ps1'
[13.539s] INFO:colcon.colcon_core.shell:Creating environment descriptor '/home/sarpdengizmen/ros2_ws/install/tutorial_interfaces/share/tutorial_interfaces/hook/pythonpath.dsv'
[13.540s] INFO:colcon.colcon_core.shell:Creating environment hook '/home/sarpdengizmen/ros2_ws/install/tutorial_interfaces/share/tutorial_interfaces/hook/pythonpath.sh'
[13.541s] Level 1:colcon.colcon_core.environment:checking '/home/sarpdengizmen/ros2_ws/install/tutorial_interfaces/bin'
[13.563s] INFO:colcon.colcon_core.shell:Creating package script '/home/sarpdengizmen/ros2_ws/install/tutorial_interfaces/share/tutorial_interfaces/package.ps1'
[13.565s] INFO:colcon.colcon_core.shell:Creating package descriptor '/home/sarpdengizmen/ros2_ws/install/tutorial_interfaces/share/tutorial_interfaces/package.dsv'
[13.565s] INFO:colcon.colcon_core.shell:Creating package script '/home/sarpdengizmen/ros2_ws/install/tutorial_interfaces/share/tutorial_interfaces/package.sh'
[13.566s] INFO:colcon.colcon_core.shell:Creating package script '/home/sarpdengizmen/ros2_ws/install/tutorial_interfaces/share/tutorial_interfaces/package.bash'
[13.567s] INFO:colcon.colcon_core.shell:Creating package script '/home/sarpdengizmen/ros2_ws/install/tutorial_interfaces/share/tutorial_interfaces/package.zsh'
[13.568s] Level 1:colcon.colcon_core.environment:create_file_with_runtime_dependencies(/home/sarpdengizmen/ros2_ws/install/tutorial_interfaces/share/colcon-core/packages/tutorial_interfaces)
[13.772s] Level 1:colcon.colcon_core.environment:create_environment_scripts_only(tutorial_interfaces)
[13.795s] Level 1:colcon.colcon_core.environment:checking '/home/sarpdengizmen/ros2_ws/install/tutorial_interfaces' for CMake module files
[13.795s] Level 1:colcon.colcon_core.environment:checking '/home/sarpdengizmen/ros2_ws/install/tutorial_interfaces' for CMake config files
[13.796s] Level 1:colcon.colcon_core.shell:create_environment_hook('tutorial_interfaces', 'cmake_prefix_path')
[13.819s] INFO:colcon.colcon_core.shell:Creating environment hook '/home/sarpdengizmen/ros2_ws/install/tutorial_interfaces/share/tutorial_interfaces/hook/cmake_prefix_path.ps1'
[13.820s] INFO:colcon.colcon_core.shell:Creating environment descriptor '/home/sarpdengizmen/ros2_ws/install/tutorial_interfaces/share/tutorial_interfaces/hook/cmake_prefix_path.dsv'
[13.820s] INFO:colcon.colcon_core.shell:Creating environment hook '/home/sarpdengizmen/ros2_ws/install/tutorial_interfaces/share/tutorial_interfaces/hook/cmake_prefix_path.sh'
[13.821s] Level 1:colcon.colcon_core.environment:checking '/home/sarpdengizmen/ros2_ws/install/tutorial_interfaces/lib'
[13.821s] Level 1:colcon.colcon_core.shell:create_environment_hook('tutorial_interfaces', 'ld_library_path_lib')
[13.844s] INFO:colcon.colcon_core.shell:Creating environment hook '/home/sarpdengizmen/ros2_ws/install/tutorial_interfaces/share/tutorial_interfaces/hook/ld_library_path_lib.ps1'
[13.845s] INFO:colcon.colcon_core.shell:Creating environment descriptor '/home/sarpdengizmen/ros2_ws/install/tutorial_interfaces/share/tutorial_interfaces/hook/ld_library_path_lib.dsv'
[13.845s] INFO:colcon.colcon_core.shell:Creating environment hook '/home/sarpdengizmen/ros2_ws/install/tutorial_interfaces/share/tutorial_interfaces/hook/ld_library_path_lib.sh'
[13.846s] Level 1:colcon.colcon_core.environment:checking '/home/sarpdengizmen/ros2_ws/install/tutorial_interfaces/bin'
[13.846s] Level 1:colcon.colcon_core.environment:checking '/home/sarpdengizmen/ros2_ws/install/tutorial_interfaces/lib/pkgconfig/tutorial_interfaces.pc'
[13.847s] Level 1:colcon.colcon_core.environment:checking '/home/sarpdengizmen/ros2_ws/install/tutorial_interfaces/lib/python3.10/site-packages'
[13.847s] Level 1:colcon.colcon_core.shell:create_environment_hook('tutorial_interfaces', 'pythonpath')
[13.869s] INFO:colcon.colcon_core.shell:Creating environment hook '/home/sarpdengizmen/ros2_ws/install/tutorial_interfaces/share/tutorial_interfaces/hook/pythonpath.ps1'
[13.870s] INFO:colcon.colcon_core.shell:Creating environment descriptor '/home/sarpdengizmen/ros2_ws/install/tutorial_interfaces/share/tutorial_interfaces/hook/pythonpath.dsv'
[13.870s] INFO:colcon.colcon_core.shell:Creating environment hook '/home/sarpdengizmen/ros2_ws/install/tutorial_interfaces/share/tutorial_interfaces/hook/pythonpath.sh'
[13.871s] Level 1:colcon.colcon_core.environment:checking '/home/sarpdengizmen/ros2_ws/install/tutorial_interfaces/bin'
[13.894s] INFO:colcon.colcon_core.shell:Creating package script '/home/sarpdengizmen/ros2_ws/install/tutorial_interfaces/share/tutorial_interfaces/package.ps1'
[13.895s] INFO:colcon.colcon_core.shell:Creating package descriptor '/home/sarpdengizmen/ros2_ws/install/tutorial_interfaces/share/tutorial_interfaces/package.dsv'
[13.895s] INFO:colcon.colcon_core.shell:Creating package script '/home/sarpdengizmen/ros2_ws/install/tutorial_interfaces/share/tutorial_interfaces/package.sh'
[13.896s] INFO:colcon.colcon_core.shell:Creating package script '/home/sarpdengizmen/ros2_ws/install/tutorial_interfaces/share/tutorial_interfaces/package.bash'
[13.896s] INFO:colcon.colcon_core.shell:Creating package script '/home/sarpdengizmen/ros2_ws/install/tutorial_interfaces/share/tutorial_interfaces/package.zsh'
[13.897s] Level 1:colcon.colcon_core.environment:create_file_with_runtime_dependencies(/home/sarpdengizmen/ros2_ws/install/tutorial_interfaces/share/colcon-core/packages/tutorial_interfaces)
[13.897s] DEBUG:colcon.colcon_parallel_executor.executor.parallel:closing loop
[13.898s] DEBUG:colcon.colcon_parallel_executor.executor.parallel:loop closed
[13.898s] DEBUG:colcon.colcon_parallel_executor.executor.parallel:run_until_complete finished with '0'
[13.898s] DEBUG:colcon.colcon_core.event_reactor:joining thread
[13.935s] INFO:colcon.colcon_core.plugin_system:Skipping extension 'colcon_notification.desktop_notification.notify_send': Could not find 'notify-send'
[13.935s] INFO:colcon.colcon_core.plugin_system:Skipping extension 'colcon_notification.desktop_notification.terminal_notifier': Not used on non-Darwin systems
[13.935s] INFO:colcon.colcon_core.plugin_system:Skipping extension 'colcon_notification.desktop_notification.win32': Not used on non-Windows systems
[13.935s] INFO:colcon.colcon_notification.desktop_notification:Sending desktop notification using 'notify2'
[13.951s] DEBUG:colcon.colcon_core.event_reactor:joined thread
[13.977s] INFO:colcon.colcon_core.shell:Creating prefix script '/home/sarpdengizmen/ros2_ws/install/local_setup.ps1'
[13.978s] INFO:colcon.colcon_core.shell:Creating prefix util module '/home/sarpdengizmen/ros2_ws/install/_local_setup_util_ps1.py'
[13.980s] INFO:colcon.colcon_core.shell:Creating prefix chain script '/home/sarpdengizmen/ros2_ws/install/setup.ps1'
[14.005s] INFO:colcon.colcon_core.shell:Creating prefix script '/home/sarpdengizmen/ros2_ws/install/local_setup.sh'
[14.005s] INFO:colcon.colcon_core.shell:Creating prefix util module '/home/sarpdengizmen/ros2_ws/install/_local_setup_util_sh.py'
[14.006s] INFO:colcon.colcon_core.shell:Creating prefix chain script '/home/sarpdengizmen/ros2_ws/install/setup.sh'
[14.030s] INFO:colcon.colcon_core.shell:Creating prefix script '/home/sarpdengizmen/ros2_ws/install/local_setup.bash'
[14.031s] INFO:colcon.colcon_core.shell:Creating prefix chain script '/home/sarpdengizmen/ros2_ws/install/setup.bash'
[14.055s] INFO:colcon.colcon_core.shell:Creating prefix script '/home/sarpdengizmen/ros2_ws/install/local_setup.zsh'
[14.056s] INFO:colcon.colcon_core.shell:Creating prefix chain script '/home/sarpdengizmen/ros2_ws/install/setup.zsh'
