[0.273s] Invoking command in '/home/bayrakt4rdem/ros2_ws/build/urdfv4export_description': /usr/bin/cmake /home/bayrakt4rdem/ros2_ws/src/urdfv4export_description -DCATKIN_INSTALL_INTO_PREFIX_ROOT=0 -DCMAKE_INSTALL_PREFIX=/home/bayrakt4rdem/ros2_ws/install/urdfv4export_description
[0.280s] [0mCMake Deprecation Warning at CMakeLists.txt:1 (cmake_minimum_required):
[0.280s]   Compatibility with CMake < 2.8.12 will be removed from a future version of
[0.281s]   CMake.
[0.281s] 
[0.281s]   Update the VERSION argument <min> value or use a ...<max> suffix to tell
[0.281s]   CMake that the project does not need compatibility with older versions.
[0.281s] 
[0.281s] [0m
[0.337s] -- The C compiler identification is GNU 11.4.0
[0.403s] -- The CXX compiler identification is GNU 11.4.0
[0.411s] -- Detecting C compiler ABI info
[0.481s] -- Detecting C compiler ABI info - done
[0.490s] -- Check for working C compiler: /usr/bin/cc - skipped
[0.490s] -- Detecting C compile features
[0.491s] -- Detecting C compile features - done
[0.494s] -- Detecting CXX compiler ABI info
[0.578s] -- Detecting CXX compiler ABI info - done
[0.587s] -- Check for working CXX compiler: /usr/bin/c++ - skipped
[0.588s] -- Detecting CXX compile features
[0.588s] -- Detecting CXX compile features - done
[0.598s] [31mCMake Error at CMakeLists.txt:10 (find_package):
[0.598s]   By not providing "Findcatkin.cmake" in CMAKE_MODULE_PATH this project has
[0.598s]   asked CMake to find a package configuration file provided by "catkin", but
[0.598s]   CMake did not find one.
[0.598s] 
[0.599s]   Could not find a package configuration file provided by "catkin" with any
[0.599s]   of the following names:
[0.599s] 
[0.599s]     catkinConfig.cmake
[0.599s]     catkin-config.cmake
[0.599s] 
[0.599s]   Add the installation prefix of "catkin" to CMAKE_PREFIX_PATH or set
[0.599s]   "catkin_DIR" to a directory containing one of the above files.  If "catkin"
[0.599s]   provides a separate development package or SDK, be sure it has been
[0.599s]   installed.
[0.599s] 
[0.599s] [0m
[0.599s] -- Configuring incomplete, errors occurred!
[0.599s] See also "/home/bayrakt4rdem/ros2_ws/build/urdfv4export_description/CMakeFiles/CMakeOutput.log".
[0.601s] Invoked command in '/home/bayrakt4rdem/ros2_ws/build/urdfv4export_description' returned '1': /usr/bin/cmake /home/bayrakt4rdem/ros2_ws/src/urdfv4export_description -DCATKIN_INSTALL_INTO_PREFIX_ROOT=0 -DCMAKE_INSTALL_PREFIX=/home/bayrakt4rdem/ros2_ws/install/urdfv4export_description
