/home/bayrakt4rdem/ros2_ws/install/midibot_description/lib/python3.10/site-packages/midibot_description/__init__.py
/home/bayrakt4rdem/ros2_ws/install/midibot_description/lib/python3.10/site-packages/midibot_description/__pycache__/__init__.cpython-310.pyc
/home/bayrakt4rdem/ros2_ws/install/midibot_description/share/ament_index/resource_index/packages/midibot_description
/home/bayrakt4rdem/ros2_ws/install/midibot_description/share/midibot_description/package.xml
/home/bayrakt4rdem/ros2_ws/install/midibot_description/share/midibot_description/launch/gazebo.launch.py
/home/bayrakt4rdem/ros2_ws/install/midibot_description/share/midibot_description/launch/display.launch.py
/home/bayrakt4rdem/ros2_ws/install/midibot_description/share/midibot_description/urdf/midibot.gazebo
/home/bayrakt4rdem/ros2_ws/install/midibot_description/share/midibot_description/urdf/midibot.trans
/home/bayrakt4rdem/ros2_ws/install/midibot_description/share/midibot_description/urdf/midibot.xacro
/home/bayrakt4rdem/ros2_ws/install/midibot_description/share/midibot_description/urdf/materials.xacro
/home/bayrakt4rdem/ros2_ws/install/midibot_description/share/midibot_description/meshes/back_wheel_1.stl
/home/bayrakt4rdem/ros2_ws/install/midibot_description/share/midibot_description/meshes/base_link.stl
/home/bayrakt4rdem/ros2_ws/install/midibot_description/share/midibot_description/meshes/right_wheel_1.stl
/home/bayrakt4rdem/ros2_ws/install/midibot_description/share/midibot_description/meshes/left_wheel_1.stl
/home/bayrakt4rdem/ros2_ws/install/midibot_description/share/midibot_description/config/display.rviz
/home/bayrakt4rdem/ros2_ws/install/midibot_description/lib/python3.10/site-packages/midibot_description-0.0.0-py3.10.egg-info/PKG-INFO
/home/bayrakt4rdem/ros2_ws/install/midibot_description/lib/python3.10/site-packages/midibot_description-0.0.0-py3.10.egg-info/entry_points.txt
/home/bayrakt4rdem/ros2_ws/install/midibot_description/lib/python3.10/site-packages/midibot_description-0.0.0-py3.10.egg-info/dependency_links.txt
/home/bayrakt4rdem/ros2_ws/install/midibot_description/lib/python3.10/site-packages/midibot_description-0.0.0-py3.10.egg-info/zip-safe
/home/bayrakt4rdem/ros2_ws/install/midibot_description/lib/python3.10/site-packages/midibot_description-0.0.0-py3.10.egg-info/requires.txt
/home/bayrakt4rdem/ros2_ws/install/midibot_description/lib/python3.10/site-packages/midibot_description-0.0.0-py3.10.egg-info/SOURCES.txt
/home/bayrakt4rdem/ros2_ws/install/midibot_description/lib/python3.10/site-packages/midibot_description-0.0.0-py3.10.egg-info/top_level.txt
