[1.627s] Invoking command in '/home/sarpdengizmen/ros2_ws/src/py_pubsub': PYTHONPATH=/home/sarpdengizmen/ros2_ws/build/py_pubsub/prefix_override:/home/sarpdengizmen/ros2_ws/install/py_pubsub/lib/python3.10/site-packages:${PYTHONPATH} /usr/bin/python3 setup.py egg_info --egg-base ../../build/py_pubsub build --build-base /home/sarpdengizmen/ros2_ws/build/py_pubsub/build install --record /home/sarpdengizmen/ros2_ws/build/py_pubsub/install.log --single-version-externally-managed
[2.100s] running egg_info
[2.101s] writing ../../build/py_pubsub/py_pubsub.egg-info/PKG-INFO
[2.102s] writing dependency_links to ../../build/py_pubsub/py_pubsub.egg-info/dependency_links.txt
[2.102s] writing entry points to ../../build/py_pubsub/py_pubsub.egg-info/entry_points.txt
[2.102s] writing requirements to ../../build/py_pubsub/py_pubsub.egg-info/requires.txt
[2.102s] writing top-level names to ../../build/py_pubsub/py_pubsub.egg-info/top_level.txt
[2.107s] reading manifest file '../../build/py_pubsub/py_pubsub.egg-info/SOURCES.txt'
[2.108s] adding license file 'LICENSE'
[2.109s] writing manifest file '../../build/py_pubsub/py_pubsub.egg-info/SOURCES.txt'
[2.110s] running build
[2.110s] running build_py
[2.110s] copying py_pubsub/subscriber_member_function.py -> /home/sarpdengizmen/ros2_ws/build/py_pubsub/build/lib/py_pubsub
[2.111s] copying py_pubsub/submodules/serialcom.py -> /home/sarpdengizmen/ros2_ws/build/py_pubsub/build/lib/py_pubsub/submodules
[2.112s] running install
[2.113s] /usr/lib/python3/dist-packages/setuptools/command/install.py:34: SetuptoolsDeprecationWarning: setup.py install is deprecated. Use build and pip and other standards-based tools.
[2.113s]   warnings.warn(
[2.113s] running install_lib
[2.116s] copying /home/sarpdengizmen/ros2_ws/build/py_pubsub/build/lib/py_pubsub/subscriber_member_function.py -> /home/sarpdengizmen/ros2_ws/install/py_pubsub/lib/python3.10/site-packages/py_pubsub
[2.116s] copying /home/sarpdengizmen/ros2_ws/build/py_pubsub/build/lib/py_pubsub/submodules/serialcom.py -> /home/sarpdengizmen/ros2_ws/install/py_pubsub/lib/python3.10/site-packages/py_pubsub/submodules
[2.117s] byte-compiling /home/sarpdengizmen/ros2_ws/install/py_pubsub/lib/python3.10/site-packages/py_pubsub/subscriber_member_function.py to subscriber_member_function.cpython-310.pyc
[2.118s] byte-compiling /home/sarpdengizmen/ros2_ws/install/py_pubsub/lib/python3.10/site-packages/py_pubsub/submodules/serialcom.py to serialcom.cpython-310.pyc
[2.119s] running install_data
[2.120s] copying package.xml -> /home/sarpdengizmen/ros2_ws/install/py_pubsub/share/py_pubsub
[2.120s] running install_egg_info
[2.125s] removing '/home/sarpdengizmen/ros2_ws/install/py_pubsub/lib/python3.10/site-packages/py_pubsub-0.0.0-py3.10.egg-info' (and everything under it)
[2.125s] Copying ../../build/py_pubsub/py_pubsub.egg-info to /home/sarpdengizmen/ros2_ws/install/py_pubsub/lib/python3.10/site-packages/py_pubsub-0.0.0-py3.10.egg-info
[2.128s] running install_scripts
[2.167s] Installing listener script to /home/sarpdengizmen/ros2_ws/install/py_pubsub/lib/py_pubsub
[2.167s] Installing talker script to /home/sarpdengizmen/ros2_ws/install/py_pubsub/lib/py_pubsub
[2.167s] writing list of installed files to '/home/sarpdengizmen/ros2_ws/build/py_pubsub/install.log'
[2.218s] Invoked command in '/home/sarpdengizmen/ros2_ws/src/py_pubsub' returned '0': PYTHONPATH=/home/sarpdengizmen/ros2_ws/build/py_pubsub/prefix_override:/home/sarpdengizmen/ros2_ws/install/py_pubsub/lib/python3.10/site-packages:${PYTHONPATH} /usr/bin/python3 setup.py egg_info --egg-base ../../build/py_pubsub build --build-base /home/sarpdengizmen/ros2_ws/build/py_pubsub/build install --record /home/sarpdengizmen/ros2_ws/build/py_pubsub/install.log --single-version-externally-managed
