[0.600s] Invoking command in '/home/bayrakt4rdem/ros2_ws/build/my_py_pkg': PYTHONPATH=/home/bayrakt4rdem/ros2_ws/build/my_py_pkg/prefix_override:/home/bayrakt4rdem/ros2_ws/install/my_py_pkg/lib/python3.10/site-packages:${PYTHONPATH} /usr/bin/python3 -W ignore:setup.py install is deprecated setup.py develop --editable --build-directory /home/bayrakt4rdem/ros2_ws/build/my_py_pkg/build --no-deps symlink_data
[0.850s] running develop
[1.020s] running egg_info
[1.020s] writing my_py_pkg.egg-info/PKG-INFO
[1.022s] writing dependency_links to my_py_pkg.egg-info/dependency_links.txt
[1.024s] writing entry points to my_py_pkg.egg-info/entry_points.txt
[1.027s] writing requirements to my_py_pkg.egg-info/requires.txt
[1.029s] writing top-level names to my_py_pkg.egg-info/top_level.txt
[1.032s] reading manifest file 'my_py_pkg.egg-info/SOURCES.txt'
[1.033s] writing manifest file 'my_py_pkg.egg-info/SOURCES.txt'
[1.036s] running build_ext
[1.036s] Creating /home/bayrakt4rdem/ros2_ws/install/my_py_pkg/lib/python3.10/site-packages/my-py-pkg.egg-link (link to .)
[1.037s] Installing template_publishernode script to /home/bayrakt4rdem/ros2_ws/install/my_py_pkg/lib/my_py_pkg
[1.037s] Installing template_subscribernode script to /home/bayrakt4rdem/ros2_ws/install/my_py_pkg/lib/my_py_pkg
[1.037s] 
[1.038s] Installed /home/bayrakt4rdem/ros2_ws/build/my_py_pkg
[1.038s] running symlink_data
[1.038s] creating /home/bayrakt4rdem/ros2_ws/install/my_py_pkg/share/ament_index
[1.038s] creating /home/bayrakt4rdem/ros2_ws/install/my_py_pkg/share/ament_index/resource_index
[1.038s] creating /home/bayrakt4rdem/ros2_ws/install/my_py_pkg/share/ament_index/resource_index/packages
[1.038s] symbolically linking /home/bayrakt4rdem/ros2_ws/build/my_py_pkg/resource/my_py_pkg -> /home/bayrakt4rdem/ros2_ws/install/my_py_pkg/share/ament_index/resource_index/packages
[1.038s] symbolically linking /home/bayrakt4rdem/ros2_ws/build/my_py_pkg/package.xml -> /home/bayrakt4rdem/ros2_ws/install/my_py_pkg/share/my_py_pkg
[1.057s] Invoked command in '/home/bayrakt4rdem/ros2_ws/build/my_py_pkg' returned '0': PYTHONPATH=/home/bayrakt4rdem/ros2_ws/build/my_py_pkg/prefix_override:/home/bayrakt4rdem/ros2_ws/install/my_py_pkg/lib/python3.10/site-packages:${PYTHONPATH} /usr/bin/python3 -W ignore:setup.py install is deprecated setup.py develop --editable --build-directory /home/bayrakt4rdem/ros2_ws/build/my_py_pkg/build --no-deps symlink_data
