[0.623s] Invoking command in '/home/bayrakt4rdem/ros2_ws/build/my_py_pkg': PYTHONPATH=/home/bayrakt4rdem/ros2_ws/build/my_py_pkg/prefix_override:/home/bayrakt4rdem/ros2_ws/install/my_py_pkg/lib/python3.10/site-packages:${PYTHONPATH} /usr/bin/python3 -W ignore:setup.py install is deprecated setup.py develop --editable --build-directory /home/bayrakt4rdem/ros2_ws/build/my_py_pkg/build --no-deps symlink_data
[0.874s] running develop
[1.048s] running egg_info
[1.048s] writing my_py_pkg.egg-info/PKG-INFO
[1.050s] writing dependency_links to my_py_pkg.egg-info/dependency_links.txt
[1.052s] writing entry points to my_py_pkg.egg-info/entry_points.txt
[1.054s] writing requirements to my_py_pkg.egg-info/requires.txt
[1.056s] writing top-level names to my_py_pkg.egg-info/top_level.txt
[1.059s] reading manifest file 'my_py_pkg.egg-info/SOURCES.txt'
[1.060s] writing manifest file 'my_py_pkg.egg-info/SOURCES.txt'
[1.063s] running build_ext
[1.063s] Creating /home/bayrakt4rdem/ros2_ws/install/my_py_pkg/lib/python3.10/site-packages/my-py-pkg.egg-link (link to .)
[1.064s] Installing template_publishernode script to /home/bayrakt4rdem/ros2_ws/install/my_py_pkg/lib/my_py_pkg
[1.064s] Installing template_subscribernode script to /home/bayrakt4rdem/ros2_ws/install/my_py_pkg/lib/my_py_pkg
[1.065s] 
[1.065s] Installed /home/bayrakt4rdem/ros2_ws/build/my_py_pkg
[1.065s] running symlink_data
[1.065s] creating /home/bayrakt4rdem/ros2_ws/install/my_py_pkg/share/ament_index
[1.065s] creating /home/bayrakt4rdem/ros2_ws/install/my_py_pkg/share/ament_index/resource_index
[1.065s] creating /home/bayrakt4rdem/ros2_ws/install/my_py_pkg/share/ament_index/resource_index/packages
[1.065s] symbolically linking /home/bayrakt4rdem/ros2_ws/build/my_py_pkg/resource/my_py_pkg -> /home/bayrakt4rdem/ros2_ws/install/my_py_pkg/share/ament_index/resource_index/packages
[1.065s] symbolically linking /home/bayrakt4rdem/ros2_ws/build/my_py_pkg/package.xml -> /home/bayrakt4rdem/ros2_ws/install/my_py_pkg/share/my_py_pkg
[1.085s] Invoked command in '/home/bayrakt4rdem/ros2_ws/build/my_py_pkg' returned '0': PYTHONPATH=/home/bayrakt4rdem/ros2_ws/build/my_py_pkg/prefix_override:/home/bayrakt4rdem/ros2_ws/install/my_py_pkg/lib/python3.10/site-packages:${PYTHONPATH} /usr/bin/python3 -W ignore:setup.py install is deprecated setup.py develop --editable --build-directory /home/bayrakt4rdem/ros2_ws/build/my_py_pkg/build --no-deps symlink_data
