[0.650s] Invoking command in '/home/bayrakt4rdem/ros2_ws/src/my_py_pkg': PYTHONPATH=/home/bayrakt4rdem/ros2_ws/build/my_py_pkg/prefix_override:/home/bayrakt4rdem/ros2_ws/install/my_py_pkg/lib/python3.10/site-packages:${PYTHONPATH} /usr/bin/python3 -W ignore:setup.py install is deprecated setup.py egg_info --egg-base ../../build/my_py_pkg build --build-base /home/bayrakt4rdem/ros2_ws/build/my_py_pkg/build install --record /home/bayrakt4rdem/ros2_ws/build/my_py_pkg/install.log --single-version-externally-managed install_data
[0.885s] running egg_info
[0.885s] writing ../../build/my_py_pkg/my_py_pkg.egg-info/PKG-INFO
[0.887s] writing dependency_links to ../../build/my_py_pkg/my_py_pkg.egg-info/dependency_links.txt
[0.889s] writing entry points to ../../build/my_py_pkg/my_py_pkg.egg-info/entry_points.txt
[0.891s] writing requirements to ../../build/my_py_pkg/my_py_pkg.egg-info/requires.txt
[0.894s] writing top-level names to ../../build/my_py_pkg/my_py_pkg.egg-info/top_level.txt
[0.897s] reading manifest file '../../build/my_py_pkg/my_py_pkg.egg-info/SOURCES.txt'
[0.898s] writing manifest file '../../build/my_py_pkg/my_py_pkg.egg-info/SOURCES.txt'
[0.900s] running build
[0.900s] running build_py
[0.900s] running install
[0.900s] running install_lib
[0.901s] running install_data
[0.902s] running install_egg_info
[0.903s] removing '/home/bayrakt4rdem/ros2_ws/install/my_py_pkg/lib/python3.10/site-packages/my_py_pkg-0.0.0-py3.10.egg-info' (and everything under it)
[0.903s] Copying ../../build/my_py_pkg/my_py_pkg.egg-info to /home/bayrakt4rdem/ros2_ws/install/my_py_pkg/lib/python3.10/site-packages/my_py_pkg-0.0.0-py3.10.egg-info
[0.904s] running install_scripts
[0.920s] Installing template_publishernode script to /home/bayrakt4rdem/ros2_ws/install/my_py_pkg/lib/my_py_pkg
[0.922s] Installing template_subscribernode script to /home/bayrakt4rdem/ros2_ws/install/my_py_pkg/lib/my_py_pkg
[0.925s] writing list of installed files to '/home/bayrakt4rdem/ros2_ws/build/my_py_pkg/install.log'
[0.945s] Invoked command in '/home/bayrakt4rdem/ros2_ws/src/my_py_pkg' returned '0': PYTHONPATH=/home/bayrakt4rdem/ros2_ws/build/my_py_pkg/prefix_override:/home/bayrakt4rdem/ros2_ws/install/my_py_pkg/lib/python3.10/site-packages:${PYTHONPATH} /usr/bin/python3 -W ignore:setup.py install is deprecated setup.py egg_info --egg-base ../../build/my_py_pkg build --build-base /home/bayrakt4rdem/ros2_ws/build/my_py_pkg/build install --record /home/bayrakt4rdem/ros2_ws/build/my_py_pkg/install.log --single-version-externally-managed install_data
