[0.654s] Invoking command in '/home/bayrakt4rdem/ros2_ws/src/my_py_pkg': PYTHONPATH=/home/bayrakt4rdem/ros2_ws/build/my_py_pkg/prefix_override:/home/bayrakt4rdem/ros2_ws/install/my_py_pkg/lib/python3.10/site-packages:${PYTHONPATH} /usr/bin/python3 -W ignore:setup.py install is deprecated setup.py egg_info --egg-base ../../build/my_py_pkg build --build-base /home/bayrakt4rdem/ros2_ws/build/my_py_pkg/build install --record /home/bayrakt4rdem/ros2_ws/build/my_py_pkg/install.log --single-version-externally-managed install_data
[0.929s] running egg_info
[0.930s] writing ../../build/my_py_pkg/my_py_pkg.egg-info/PKG-INFO
[0.932s] writing dependency_links to ../../build/my_py_pkg/my_py_pkg.egg-info/dependency_links.txt
[0.934s] writing entry points to ../../build/my_py_pkg/my_py_pkg.egg-info/entry_points.txt
[0.937s] writing requirements to ../../build/my_py_pkg/my_py_pkg.egg-info/requires.txt
[0.939s] writing top-level names to ../../build/my_py_pkg/my_py_pkg.egg-info/top_level.txt
[0.942s] reading manifest file '../../build/my_py_pkg/my_py_pkg.egg-info/SOURCES.txt'
[0.943s] writing manifest file '../../build/my_py_pkg/my_py_pkg.egg-info/SOURCES.txt'
[0.945s] running build
[0.946s] running build_py
[0.946s] copying my_py_pkg/battery_publishernode.py -> /home/bayrakt4rdem/ros2_ws/build/my_py_pkg/build/lib/my_py_pkg
[0.946s] running install
[0.946s] running install_lib
[0.947s] copying /home/bayrakt4rdem/ros2_ws/build/my_py_pkg/build/lib/my_py_pkg/battery_publishernode.py -> /home/bayrakt4rdem/ros2_ws/install/my_py_pkg/lib/python3.10/site-packages/my_py_pkg
[0.947s] byte-compiling /home/bayrakt4rdem/ros2_ws/install/my_py_pkg/lib/python3.10/site-packages/my_py_pkg/battery_publishernode.py to battery_publishernode.cpython-310.pyc
[0.951s] running install_data
[0.951s] running install_egg_info
[0.952s] removing '/home/bayrakt4rdem/ros2_ws/install/my_py_pkg/lib/python3.10/site-packages/my_py_pkg-0.0.0-py3.10.egg-info' (and everything under it)
[0.952s] Copying ../../build/my_py_pkg/my_py_pkg.egg-info to /home/bayrakt4rdem/ros2_ws/install/my_py_pkg/lib/python3.10/site-packages/my_py_pkg-0.0.0-py3.10.egg-info
[0.953s] running install_scripts
[0.969s] Installing battery_publishernode script to /home/bayrakt4rdem/ros2_ws/install/my_py_pkg/lib/my_py_pkg
[0.971s] Installing serial_publisher script to /home/bayrakt4rdem/ros2_ws/install/my_py_pkg/lib/my_py_pkg
[0.973s] Installing template_publishernode script to /home/bayrakt4rdem/ros2_ws/install/my_py_pkg/lib/my_py_pkg
[0.975s] Installing template_subscribernode script to /home/bayrakt4rdem/ros2_ws/install/my_py_pkg/lib/my_py_pkg
[0.978s] writing list of installed files to '/home/bayrakt4rdem/ros2_ws/build/my_py_pkg/install.log'
[0.996s] Invoked command in '/home/bayrakt4rdem/ros2_ws/src/my_py_pkg' returned '0': PYTHONPATH=/home/bayrakt4rdem/ros2_ws/build/my_py_pkg/prefix_override:/home/bayrakt4rdem/ros2_ws/install/my_py_pkg/lib/python3.10/site-packages:${PYTHONPATH} /usr/bin/python3 -W ignore:setup.py install is deprecated setup.py egg_info --egg-base ../../build/my_py_pkg build --build-base /home/bayrakt4rdem/ros2_ws/build/my_py_pkg/build install --record /home/bayrakt4rdem/ros2_ws/build/my_py_pkg/install.log --single-version-externally-managed install_data
