[1.261s] Invoking command in '/home/sarpdengizmen/ros2_ws/src/py_pubsub': PYTHONPATH=/home/sarpdengizmen/ros2_ws/build/py_pubsub/prefix_override:/home/sarpdengizmen/ros2_ws/install/py_pubsub/lib/python3.10/site-packages:${PYTHONPATH} /usr/bin/python3 setup.py egg_info --egg-base ../../build/py_pubsub build --build-base /home/sarpdengizmen/ros2_ws/build/py_pubsub/build install --record /home/sarpdengizmen/ros2_ws/build/py_pubsub/install.log --single-version-externally-managed
[1.677s] running egg_info
[1.679s] creating ../../build/py_pubsub/py_pubsub.egg-info
[1.679s] writing ../../build/py_pubsub/py_pubsub.egg-info/PKG-INFO
[1.679s] writing dependency_links to ../../build/py_pubsub/py_pubsub.egg-info/dependency_links.txt
[1.680s] writing entry points to ../../build/py_pubsub/py_pubsub.egg-info/entry_points.txt
[1.680s] writing requirements to ../../build/py_pubsub/py_pubsub.egg-info/requires.txt
[1.680s] writing top-level names to ../../build/py_pubsub/py_pubsub.egg-info/top_level.txt
[1.680s] writing manifest file '../../build/py_pubsub/py_pubsub.egg-info/SOURCES.txt'
[1.683s] reading manifest file '../../build/py_pubsub/py_pubsub.egg-info/SOURCES.txt'
[1.683s] adding license file 'LICENSE'
[1.684s] writing manifest file '../../build/py_pubsub/py_pubsub.egg-info/SOURCES.txt'
[1.684s] running build
[1.684s] running build_py
[1.684s] creating /home/sarpdengizmen/ros2_ws/build/py_pubsub/build
[1.685s] creating /home/sarpdengizmen/ros2_ws/build/py_pubsub/build/lib
[1.685s] creating /home/sarpdengizmen/ros2_ws/build/py_pubsub/build/lib/py_pubsub
[1.685s] copying py_pubsub/publisher_member_function.py -> /home/sarpdengizmen/ros2_ws/build/py_pubsub/build/lib/py_pubsub
[1.685s] copying py_pubsub/__init__.py -> /home/sarpdengizmen/ros2_ws/build/py_pubsub/build/lib/py_pubsub
[1.685s] copying py_pubsub/subscriber_member_function.py -> /home/sarpdengizmen/ros2_ws/build/py_pubsub/build/lib/py_pubsub
[1.685s] running install
[1.686s] /usr/lib/python3/dist-packages/setuptools/command/install.py:34: SetuptoolsDeprecationWarning: setup.py install is deprecated. Use build and pip and other standards-based tools.
[1.686s]   warnings.warn(
[1.686s] running install_lib
[1.688s] creating /home/sarpdengizmen/ros2_ws/install/py_pubsub/lib/python3.10/site-packages/py_pubsub
[1.688s] copying /home/sarpdengizmen/ros2_ws/build/py_pubsub/build/lib/py_pubsub/publisher_member_function.py -> /home/sarpdengizmen/ros2_ws/install/py_pubsub/lib/python3.10/site-packages/py_pubsub
[1.688s] copying /home/sarpdengizmen/ros2_ws/build/py_pubsub/build/lib/py_pubsub/__init__.py -> /home/sarpdengizmen/ros2_ws/install/py_pubsub/lib/python3.10/site-packages/py_pubsub
[1.689s] copying /home/sarpdengizmen/ros2_ws/build/py_pubsub/build/lib/py_pubsub/subscriber_member_function.py -> /home/sarpdengizmen/ros2_ws/install/py_pubsub/lib/python3.10/site-packages/py_pubsub
[1.689s] byte-compiling /home/sarpdengizmen/ros2_ws/install/py_pubsub/lib/python3.10/site-packages/py_pubsub/publisher_member_function.py to publisher_member_function.cpython-310.pyc
[1.690s] byte-compiling /home/sarpdengizmen/ros2_ws/install/py_pubsub/lib/python3.10/site-packages/py_pubsub/__init__.py to __init__.cpython-310.pyc
[1.690s] byte-compiling /home/sarpdengizmen/ros2_ws/install/py_pubsub/lib/python3.10/site-packages/py_pubsub/subscriber_member_function.py to subscriber_member_function.cpython-310.pyc
[1.691s] running install_data
[1.692s] creating /home/sarpdengizmen/ros2_ws/install/py_pubsub/share/ament_index
[1.692s] creating /home/sarpdengizmen/ros2_ws/install/py_pubsub/share/ament_index/resource_index
[1.693s] creating /home/sarpdengizmen/ros2_ws/install/py_pubsub/share/ament_index/resource_index/packages
[1.693s] copying resource/py_pubsub -> /home/sarpdengizmen/ros2_ws/install/py_pubsub/share/ament_index/resource_index/packages
[1.693s] copying package.xml -> /home/sarpdengizmen/ros2_ws/install/py_pubsub/share/py_pubsub
[1.693s] running install_egg_info
[1.697s] Copying ../../build/py_pubsub/py_pubsub.egg-info to /home/sarpdengizmen/ros2_ws/install/py_pubsub/lib/python3.10/site-packages/py_pubsub-0.0.0-py3.10.egg-info
[1.699s] running install_scripts
[1.730s] Installing listener script to /home/sarpdengizmen/ros2_ws/install/py_pubsub/lib/py_pubsub
[1.731s] Installing talker script to /home/sarpdengizmen/ros2_ws/install/py_pubsub/lib/py_pubsub
[1.731s] writing list of installed files to '/home/sarpdengizmen/ros2_ws/build/py_pubsub/install.log'
[1.775s] Invoked command in '/home/sarpdengizmen/ros2_ws/src/py_pubsub' returned '0': PYTHONPATH=/home/sarpdengizmen/ros2_ws/build/py_pubsub/prefix_override:/home/sarpdengizmen/ros2_ws/install/py_pubsub/lib/python3.10/site-packages:${PYTHONPATH} /usr/bin/python3 setup.py egg_info --egg-base ../../build/py_pubsub build --build-base /home/sarpdengizmen/ros2_ws/build/py_pubsub/build install --record /home/sarpdengizmen/ros2_ws/build/py_pubsub/install.log --single-version-externally-managed
