[1.083s] Invoking command in '/home/sarpdengizmen/ros2_ws/src/py_pubsub': PYTHONPATH=/home/sarpdengizmen/ros2_ws/build/py_pubsub/prefix_override:/home/sarpdengizmen/ros2_ws/install/py_pubsub/lib/python3.10/site-packages:${PYTHONPATH} /usr/bin/python3 setup.py egg_info --egg-base ../../build/py_pubsub build --build-base /home/sarpdengizmen/ros2_ws/build/py_pubsub/build install --record /home/sarpdengizmen/ros2_ws/build/py_pubsub/install.log --single-version-externally-managed
[1.440s] running egg_info
[1.441s] writing ../../build/py_pubsub/py_pubsub.egg-info/PKG-INFO
[1.442s] writing dependency_links to ../../build/py_pubsub/py_pubsub.egg-info/dependency_links.txt
[1.442s] writing entry points to ../../build/py_pubsub/py_pubsub.egg-info/entry_points.txt
[1.442s] writing requirements to ../../build/py_pubsub/py_pubsub.egg-info/requires.txt
[1.442s] writing top-level names to ../../build/py_pubsub/py_pubsub.egg-info/top_level.txt
[1.446s] reading manifest file '../../build/py_pubsub/py_pubsub.egg-info/SOURCES.txt'
[1.447s] adding license file 'LICENSE'
[1.448s] writing manifest file '../../build/py_pubsub/py_pubsub.egg-info/SOURCES.txt'
[1.448s] running build
[1.448s] running build_py
[1.449s] running install
[1.449s] /usr/lib/python3/dist-packages/setuptools/command/install.py:34: SetuptoolsDeprecationWarning: setup.py install is deprecated. Use build and pip and other standards-based tools.
[1.449s]   warnings.warn(
[1.450s] running install_lib
[1.452s] running install_data
[1.453s] running install_egg_info
[1.456s] removing '/home/sarpdengizmen/ros2_ws/install/py_pubsub/lib/python3.10/site-packages/py_pubsub-0.0.0-py3.10.egg-info' (and everything under it)
[1.456s] Copying ../../build/py_pubsub/py_pubsub.egg-info to /home/sarpdengizmen/ros2_ws/install/py_pubsub/lib/python3.10/site-packages/py_pubsub-0.0.0-py3.10.egg-info
[1.458s] running install_scripts
[1.487s] Installing listener script to /home/sarpdengizmen/ros2_ws/install/py_pubsub/lib/py_pubsub
[1.487s] Installing talker script to /home/sarpdengizmen/ros2_ws/install/py_pubsub/lib/py_pubsub
[1.488s] writing list of installed files to '/home/sarpdengizmen/ros2_ws/build/py_pubsub/install.log'
[1.523s] Invoked command in '/home/sarpdengizmen/ros2_ws/src/py_pubsub' returned '0': PYTHONPATH=/home/sarpdengizmen/ros2_ws/build/py_pubsub/prefix_override:/home/sarpdengizmen/ros2_ws/install/py_pubsub/lib/python3.10/site-packages:${PYTHONPATH} /usr/bin/python3 setup.py egg_info --egg-base ../../build/py_pubsub build --build-base /home/sarpdengizmen/ros2_ws/build/py_pubsub/build install --record /home/sarpdengizmen/ros2_ws/build/py_pubsub/install.log --single-version-externally-managed
