/home/sarpdengizmen/ME462-MIDI/ros2_ws/install/py_pubsub/lib/python3.10/site-packages/py_pubsub/publisher_member_function.py
/home/sarpdengizmen/ME462-MIDI/ros2_ws/install/py_pubsub/lib/python3.10/site-packages/py_pubsub/__init__.py
/home/sarpdengizmen/ME462-MIDI/ros2_ws/install/py_pubsub/lib/python3.10/site-packages/py_pubsub/subscriber_member_function.py
/home/sarpdengizmen/ME462-MIDI/ros2_ws/install/py_pubsub/lib/python3.10/site-packages/py_pubsub/subscriber_member_function_twist.py
/home/sarpdengizmen/ME462-MIDI/ros2_ws/install/py_pubsub/lib/python3.10/site-packages/py_pubsub/submodules/__init__.py
/home/sarpdengizmen/ME462-MIDI/ros2_ws/install/py_pubsub/lib/python3.10/site-packages/py_pubsub/submodules/serialcom.py
/home/sarpdengizmen/ME462-MIDI/ros2_ws/install/py_pubsub/lib/python3.10/site-packages/py_pubsub/__pycache__/publisher_member_function.cpython-310.pyc
/home/sarpdengizmen/ME462-MIDI/ros2_ws/install/py_pubsub/lib/python3.10/site-packages/py_pubsub/__pycache__/__init__.cpython-310.pyc
/home/sarpdengizmen/ME462-MIDI/ros2_ws/install/py_pubsub/lib/python3.10/site-packages/py_pubsub/__pycache__/subscriber_member_function.cpython-310.pyc
/home/sarpdengizmen/ME462-MIDI/ros2_ws/install/py_pubsub/lib/python3.10/site-packages/py_pubsub/__pycache__/subscriber_member_function_twist.cpython-310.pyc
/home/sarpdengizmen/ME462-MIDI/ros2_ws/install/py_pubsub/lib/python3.10/site-packages/py_pubsub/submodules/__pycache__/__init__.cpython-310.pyc
/home/sarpdengizmen/ME462-MIDI/ros2_ws/install/py_pubsub/lib/python3.10/site-packages/py_pubsub/submodules/__pycache__/serialcom.cpython-310.pyc
/home/sarpdengizmen/ME462-MIDI/ros2_ws/install/py_pubsub/share/ament_index/resource_index/packages/py_pubsub
/home/sarpdengizmen/ME462-MIDI/ros2_ws/install/py_pubsub/share/py_pubsub/package.xml
/home/sarpdengizmen/ME462-MIDI/ros2_ws/install/py_pubsub/lib/python3.10/site-packages/py_pubsub-0.0.0-py3.10.egg-info/requires.txt
/home/sarpdengizmen/ME462-MIDI/ros2_ws/install/py_pubsub/lib/python3.10/site-packages/py_pubsub-0.0.0-py3.10.egg-info/PKG-INFO
/home/sarpdengizmen/ME462-MIDI/ros2_ws/install/py_pubsub/lib/python3.10/site-packages/py_pubsub-0.0.0-py3.10.egg-info/SOURCES.txt
/home/sarpdengizmen/ME462-MIDI/ros2_ws/install/py_pubsub/lib/python3.10/site-packages/py_pubsub-0.0.0-py3.10.egg-info/top_level.txt
/home/sarpdengizmen/ME462-MIDI/ros2_ws/install/py_pubsub/lib/python3.10/site-packages/py_pubsub-0.0.0-py3.10.egg-info/entry_points.txt
/home/sarpdengizmen/ME462-MIDI/ros2_ws/install/py_pubsub/lib/python3.10/site-packages/py_pubsub-0.0.0-py3.10.egg-info/dependency_links.txt
/home/sarpdengizmen/ME462-MIDI/ros2_ws/install/py_pubsub/lib/python3.10/site-packages/py_pubsub-0.0.0-py3.10.egg-info/zip-safe
/home/sarpdengizmen/ME462-MIDI/ros2_ws/install/py_pubsub/lib/py_pubsub/listener
/home/sarpdengizmen/ME462-MIDI/ros2_ws/install/py_pubsub/lib/py_pubsub/talker
