[0.020s] Invoking command in '/home/bayrakt4rdem/ros2_ws/build/articubot_one': CMAKE_PREFIX_PATH=/home/bayrakt4rdem/ros2_ws/install/my_py_pkg:/opt/ros/humble /usr/bin/cmake /home/bayrakt4rdem/ros2_ws/src/articubot_one -DCMAKE_INSTALL_PREFIX=/home/bayrakt4rdem/ros2_ws/install/articubot_one
[0.070s] -- The C compiler identification is GNU 11.4.0
[0.124s] -- The CXX compiler identification is GNU 11.4.0
[0.130s] -- Detecting C compiler ABI info
[0.196s] -- Detecting C compiler ABI info - done
[0.202s] -- Check for working C compiler: /usr/bin/cc - skipped
[0.203s] -- Detecting C compile features
[0.203s] -- Detecting C compile features - done
[0.205s] -- Detecting CXX compiler ABI info
[0.279s] -- Detecting CXX compiler ABI info - done
[0.288s] -- Check for working CXX compiler: /usr/bin/c++ - skipped
[0.288s] -- Detecting CXX compile features
[0.289s] -- Detecting CXX compile features - done
[0.289s] -- Found ament_cmake: 1.3.8 (/opt/ros/humble/share/ament_cmake/cmake)
[0.425s] -- Found Python3: /usr/bin/python3 (found version "3.10.12") found components: Interpreter 
[0.498s] -- Found ament_lint_auto: 0.12.10 (/opt/ros/humble/share/ament_lint_auto/cmake)
[0.584s] -- Added test 'copyright' to check source files copyright and LICENSE
[0.587s] -- Added test 'flake8' to check Python code syntax and style conventions
[0.587s] -- Added test 'lint_cmake' to check CMake code style
[0.588s] -- Added test 'pep257' to check Python code against some of the docstring style conventions in PEP 257
[0.589s] -- Added test 'xmllint' to check XML markup files
[0.590s] -- Configuring done
[0.593s] -- Generating done
[0.596s] -- Build files have been written to: /home/bayrakt4rdem/ros2_ws/build/articubot_one
[0.599s] Invoked command in '/home/bayrakt4rdem/ros2_ws/build/articubot_one' returned '0': CMAKE_PREFIX_PATH=/home/bayrakt4rdem/ros2_ws/install/my_py_pkg:/opt/ros/humble /usr/bin/cmake /home/bayrakt4rdem/ros2_ws/src/articubot_one -DCMAKE_INSTALL_PREFIX=/home/bayrakt4rdem/ros2_ws/install/articubot_one
[0.601s] Invoking command in '/home/bayrakt4rdem/ros2_ws/build/articubot_one': CMAKE_PREFIX_PATH=/home/bayrakt4rdem/ros2_ws/install/my_py_pkg:/opt/ros/humble /usr/bin/cmake --build /home/bayrakt4rdem/ros2_ws/build/articubot_one -- -j12 -l12
[0.634s] Invoked command in '/home/bayrakt4rdem/ros2_ws/build/articubot_one' returned '0': CMAKE_PREFIX_PATH=/home/bayrakt4rdem/ros2_ws/install/my_py_pkg:/opt/ros/humble /usr/bin/cmake --build /home/bayrakt4rdem/ros2_ws/build/articubot_one -- -j12 -l12
[0.663s] Invoking command in '/home/bayrakt4rdem/ros2_ws/build/articubot_one': CMAKE_PREFIX_PATH=/home/bayrakt4rdem/ros2_ws/install/my_py_pkg:/opt/ros/humble /usr/bin/cmake --install /home/bayrakt4rdem/ros2_ws/build/articubot_one
[0.669s] -- Install configuration: ""
[0.669s] -- Installing: /home/bayrakt4rdem/ros2_ws/install/articubot_one/share/articubot_one/config
[0.669s] -- Installing: /home/bayrakt4rdem/ros2_ws/install/articubot_one/share/articubot_one/config/empty.yaml
[0.669s] -- Installing: /home/bayrakt4rdem/ros2_ws/install/articubot_one/share/articubot_one/config/view_bot.rviz
[0.669s] -- Installing: /home/bayrakt4rdem/ros2_ws/install/articubot_one/share/articubot_one/description
[0.670s] -- Installing: /home/bayrakt4rdem/ros2_ws/install/articubot_one/share/articubot_one/description/inertial_macros.xacro
[0.670s] -- Installing: /home/bayrakt4rdem/ros2_ws/install/articubot_one/share/articubot_one/description/robot.urdf.xacro
[0.670s] -- Installing: /home/bayrakt4rdem/ros2_ws/install/articubot_one/share/articubot_one/description/robot_core.xacro
[0.670s] -- Installing: /home/bayrakt4rdem/ros2_ws/install/articubot_one/share/articubot_one/launch
[0.670s] -- Installing: /home/bayrakt4rdem/ros2_ws/install/articubot_one/share/articubot_one/launch/rsp.launch.py
[0.670s] -- Installing: /home/bayrakt4rdem/ros2_ws/install/articubot_one/share/articubot_one/worlds
[0.670s] -- Installing: /home/bayrakt4rdem/ros2_ws/install/articubot_one/share/articubot_one/worlds/empty.world
[0.670s] -- Installing: /home/bayrakt4rdem/ros2_ws/install/articubot_one/share/ament_index/resource_index/package_run_dependencies/articubot_one
[0.670s] -- Installing: /home/bayrakt4rdem/ros2_ws/install/articubot_one/share/ament_index/resource_index/parent_prefix_path/articubot_one
[0.670s] -- Installing: /home/bayrakt4rdem/ros2_ws/install/articubot_one/share/articubot_one/environment/ament_prefix_path.sh
[0.671s] -- Installing: /home/bayrakt4rdem/ros2_ws/install/articubot_one/share/articubot_one/environment/ament_prefix_path.dsv
[0.671s] -- Installing: /home/bayrakt4rdem/ros2_ws/install/articubot_one/share/articubot_one/environment/path.sh
[0.671s] -- Installing: /home/bayrakt4rdem/ros2_ws/install/articubot_one/share/articubot_one/environment/path.dsv
[0.671s] -- Installing: /home/bayrakt4rdem/ros2_ws/install/articubot_one/share/articubot_one/local_setup.bash
[0.671s] -- Installing: /home/bayrakt4rdem/ros2_ws/install/articubot_one/share/articubot_one/local_setup.sh
[0.671s] -- Installing: /home/bayrakt4rdem/ros2_ws/install/articubot_one/share/articubot_one/local_setup.zsh
[0.671s] -- Installing: /home/bayrakt4rdem/ros2_ws/install/articubot_one/share/articubot_one/local_setup.dsv
[0.671s] -- Installing: /home/bayrakt4rdem/ros2_ws/install/articubot_one/share/articubot_one/package.dsv
[0.672s] -- Installing: /home/bayrakt4rdem/ros2_ws/install/articubot_one/share/ament_index/resource_index/packages/articubot_one
[0.672s] -- Installing: /home/bayrakt4rdem/ros2_ws/install/articubot_one/share/articubot_one/cmake/articubot_oneConfig.cmake
[0.672s] -- Installing: /home/bayrakt4rdem/ros2_ws/install/articubot_one/share/articubot_one/cmake/articubot_oneConfig-version.cmake
[0.672s] -- Installing: /home/bayrakt4rdem/ros2_ws/install/articubot_one/share/articubot_one/package.xml
[0.674s] Invoked command in '/home/bayrakt4rdem/ros2_ws/build/articubot_one' returned '0': CMAKE_PREFIX_PATH=/home/bayrakt4rdem/ros2_ws/install/my_py_pkg:/opt/ros/humble /usr/bin/cmake --install /home/bayrakt4rdem/ros2_ws/build/articubot_one
