[0.024s] Invoking command in '/home/sarpdengizmen/ME462-MIDI/URDF_denemeler/build/URDFv4export_description': /usr/bin/cmake /home/sarpdengizmen/ME462-MIDI/URDF_denemeler/midi-urdf_original/URDFv4export_description -DCATKIN_INSTALL_INTO_PREFIX_ROOT=0 -DCMAKE_INSTALL_PREFIX=/home/sarpdengizmen/ME462-MIDI/URDF_denemeler/install/URDFv4export_description
[0.063s] [0mCMake Deprecation Warning at CMakeLists.txt:1 (cmake_minimum_required):
[0.063s]   Compatibility with CMake < 2.8.12 will be removed from a future version of
[0.063s]   CMake.
[0.063s] 
[0.063s]   Update the VERSION argument <min> value or use a ...<max> suffix to tell
[0.063s]   CMake that the project does not need compatibility with older versions.
[0.063s] 
[0.063s] [0m
[0.164s] -- The C compiler identification is GNU 11.4.0
[0.250s] -- The CXX compiler identification is GNU 11.4.0
[0.268s] -- Detecting C compiler ABI info
[0.387s] -- Detecting C compiler ABI info - done
[0.397s] -- Check for working C compiler: /usr/bin/cc - skipped
[0.398s] -- Detecting C compile features
[0.400s] -- Detecting C compile features - done
[0.403s] -- Detecting CXX compiler ABI info
[0.516s] -- Detecting CXX compiler ABI info - done
[0.526s] -- Check for working CXX compiler: /usr/bin/c++ - skipped
[0.527s] -- Detecting CXX compile features
[0.528s] -- Detecting CXX compile features - done
[0.556s] [31mCMake Error at CMakeLists.txt:10 (find_package):
[0.557s]   By not providing "Findcatkin.cmake" in CMAKE_MODULE_PATH this project has
[0.557s]   asked CMake to find a package configuration file provided by "catkin", but
[0.557s]   CMake did not find one.
[0.557s] 
[0.557s]   Could not find a package configuration file provided by "catkin" with any
[0.557s]   of the following names:
[0.557s] 
[0.558s]     catkinConfig.cmake
[0.558s]     catkin-config.cmake
[0.558s] 
[0.558s]   Add the installation prefix of "catkin" to CMAKE_PREFIX_PATH or set
[0.558s]   "catkin_DIR" to a directory containing one of the above files.  If "catkin"
[0.558s]   provides a separate development package or SDK, be sure it has been
[0.558s]   installed.
[0.558s] 
[0.558s] [0m
[0.558s] -- Configuring incomplete, errors occurred!
[0.559s] See also "/home/sarpdengizmen/ME462-MIDI/URDF_denemeler/build/URDFv4export_description/CMakeFiles/CMakeOutput.log".
[0.563s] Invoked command in '/home/sarpdengizmen/ME462-MIDI/URDF_denemeler/build/URDFv4export_description' returned '1': /usr/bin/cmake /home/sarpdengizmen/ME462-MIDI/URDF_denemeler/midi-urdf_original/URDFv4export_description -DCATKIN_INSTALL_INTO_PREFIX_ROOT=0 -DCMAKE_INSTALL_PREFIX=/home/sarpdengizmen/ME462-MIDI/URDF_denemeler/install/URDFv4export_description
