[0.054s] Invoking command in '/home/sarpdengizmen/ME462-MIDI/URDF_denemeler/build/articubot_one': CMAKE_PREFIX_PATH=${CMAKE_PREFIX_PATH}:/home/sarpdengizmen/ME462-MIDI/dev_ws/install/socket_comm:/home/sarpdengizmen/ME462-MIDI/dev_ws/install/serial_comm:/home/sarpdengizmen/ME462-MIDI/dev_ws/install/robot_drive:/home/sarpdengizmen/ME462-MIDI/dev_ws/install/py_srvcli:/home/sarpdengizmen/ME462-MIDI/dev_ws/install/py_pubsub:/home/sarpdengizmen/ROS-Tutorials/ros2_ws/install/urdf_tutorial_r2d2:/home/sarpdengizmen/ROS-Tutorials/ros2_ws/install/learning_tf2_py:/opt/ros/iron /usr/bin/cmake /home/sarpdengizmen/ME462-MIDI/URDF_denemeler/articubot_one -DCMAKE_INSTALL_PREFIX=/home/sarpdengizmen/ME462-MIDI/URDF_denemeler/install/articubot_one
[0.130s] -- The C compiler identification is GNU 11.4.0
[0.222s] -- The CXX compiler identification is GNU 11.4.0
[0.245s] -- Detecting C compiler ABI info
[0.366s] -- Detecting C compiler ABI info - done
[0.375s] -- Check for working C compiler: /usr/bin/cc - skipped
[0.375s] -- Detecting C compile features
[0.376s] -- Detecting C compile features - done
[0.380s] -- Detecting CXX compiler ABI info
[0.498s] -- Detecting CXX compiler ABI info - done
[0.508s] -- Check for working CXX compiler: /usr/bin/c++ - skipped
[0.508s] -- Detecting CXX compile features
[0.509s] -- Detecting CXX compile features - done
[0.515s] -- Found ament_cmake: 2.0.4 (/opt/ros/iron/share/ament_cmake/cmake)
[0.814s] -- Found Python3: /usr/bin/python3.10 (found version "3.10.12") found components: Interpreter 
[0.977s] -- Found ament_lint_auto: 0.14.3 (/opt/ros/iron/share/ament_lint_auto/cmake)
[1.109s] -- Added test 'copyright' to check source files copyright and LICENSE
[1.115s] -- Added test 'flake8' to check Python code syntax and style conventions
[1.115s] -- Configured 'flake8' exclude dirs and/or files: 
[1.118s] -- Added test 'lint_cmake' to check CMake code style
[1.119s] -- Added test 'pep257' to check Python code against some of the docstring style conventions in PEP 257
[1.121s] -- Added test 'xmllint' to check XML markup files
[1.123s] -- Configuring done
[1.129s] -- Generating done
[1.131s] -- Build files have been written to: /home/sarpdengizmen/ME462-MIDI/URDF_denemeler/build/articubot_one
