[0.739s] Invoking command in '/home/bayrakt4rdem/ros2_ws/build/my_py_pkg': PYTHONPATH=/home/bayrakt4rdem/ros2_ws/build/my_py_pkg/prefix_override:/home/bayrakt4rdem/ros2_ws/install/my_py_pkg/lib/python3.10/site-packages:${PYTHONPATH} /usr/bin/python3 -W ignore:setup.py install is deprecated setup.py develop --editable --build-directory /home/bayrakt4rdem/ros2_ws/build/my_py_pkg/build --no-deps symlink_data
[1.006s] running develop
[1.176s] running egg_info
[1.176s] writing my_py_pkg.egg-info/PKG-INFO
[1.178s] writing dependency_links to my_py_pkg.egg-info/dependency_links.txt
[1.180s] writing entry points to my_py_pkg.egg-info/entry_points.txt
[1.182s] writing requirements to my_py_pkg.egg-info/requires.txt
[1.185s] writing top-level names to my_py_pkg.egg-info/top_level.txt
[1.188s] reading manifest file 'my_py_pkg.egg-info/SOURCES.txt'
[1.189s] writing manifest file 'my_py_pkg.egg-info/SOURCES.txt'
[1.193s] running build_ext
[1.194s] Creating /home/bayrakt4rdem/ros2_ws/install/my_py_pkg/lib/python3.10/site-packages/my-py-pkg.egg-link (link to .)
[1.194s] Installing template_publishernode script to /home/bayrakt4rdem/ros2_ws/install/my_py_pkg/lib/my_py_pkg
[1.194s] Installing template_subscribernode script to /home/bayrakt4rdem/ros2_ws/install/my_py_pkg/lib/my_py_pkg
[1.194s] 
[1.194s] Installed /home/bayrakt4rdem/ros2_ws/build/my_py_pkg
[1.194s] running symlink_data
[1.194s] creating /home/bayrakt4rdem/ros2_ws/install/my_py_pkg/share/ament_index
[1.194s] creating /home/bayrakt4rdem/ros2_ws/install/my_py_pkg/share/ament_index/resource_index
[1.194s] creating /home/bayrakt4rdem/ros2_ws/install/my_py_pkg/share/ament_index/resource_index/packages
[1.194s] symbolically linking /home/bayrakt4rdem/ros2_ws/build/my_py_pkg/resource/my_py_pkg -> /home/bayrakt4rdem/ros2_ws/install/my_py_pkg/share/ament_index/resource_index/packages
[1.194s] symbolically linking /home/bayrakt4rdem/ros2_ws/build/my_py_pkg/package.xml -> /home/bayrakt4rdem/ros2_ws/install/my_py_pkg/share/my_py_pkg
[1.216s] Invoked command in '/home/bayrakt4rdem/ros2_ws/build/my_py_pkg' returned '0': PYTHONPATH=/home/bayrakt4rdem/ros2_ws/build/my_py_pkg/prefix_override:/home/bayrakt4rdem/ros2_ws/install/my_py_pkg/lib/python3.10/site-packages:${PYTHONPATH} /usr/bin/python3 -W ignore:setup.py install is deprecated setup.py develop --editable --build-directory /home/bayrakt4rdem/ros2_ws/build/my_py_pkg/build --no-deps symlink_data
