[1.140s] Invoking command in '/home/sarpdengizmen/ros2_ws/src/py_srvcli': PYTHONPATH=/home/sarpdengizmen/ros2_ws/build/py_srvcli/prefix_override:/home/sarpdengizmen/ros2_ws/install/py_srvcli/lib/python3.10/site-packages:${PYTHONPATH} /usr/bin/python3 setup.py egg_info --egg-base ../../build/py_srvcli build --build-base /home/sarpdengizmen/ros2_ws/build/py_srvcli/build install --record /home/sarpdengizmen/ros2_ws/build/py_srvcli/install.log --single-version-externally-managed
[1.492s] running egg_info
[1.494s] creating ../../build/py_srvcli/py_srvcli.egg-info
[1.495s] writing ../../build/py_srvcli/py_srvcli.egg-info/PKG-INFO
[1.495s] writing dependency_links to ../../build/py_srvcli/py_srvcli.egg-info/dependency_links.txt
[1.495s] writing entry points to ../../build/py_srvcli/py_srvcli.egg-info/entry_points.txt
[1.495s] writing requirements to ../../build/py_srvcli/py_srvcli.egg-info/requires.txt
[1.496s] writing top-level names to ../../build/py_srvcli/py_srvcli.egg-info/top_level.txt
[1.496s] writing manifest file '../../build/py_srvcli/py_srvcli.egg-info/SOURCES.txt'
[1.498s] reading manifest file '../../build/py_srvcli/py_srvcli.egg-info/SOURCES.txt'
[1.499s] adding license file 'LICENSE'
[1.500s] writing manifest file '../../build/py_srvcli/py_srvcli.egg-info/SOURCES.txt'
[1.500s] running build
[1.500s] running build_py
[1.500s] creating /home/sarpdengizmen/ros2_ws/build/py_srvcli/build
[1.500s] creating /home/sarpdengizmen/ros2_ws/build/py_srvcli/build/lib
[1.500s] creating /home/sarpdengizmen/ros2_ws/build/py_srvcli/build/lib/py_srvcli
[1.500s] copying py_srvcli/__init__.py -> /home/sarpdengizmen/ros2_ws/build/py_srvcli/build/lib/py_srvcli
[1.501s] copying py_srvcli/client_member_function.py -> /home/sarpdengizmen/ros2_ws/build/py_srvcli/build/lib/py_srvcli
[1.502s] copying py_srvcli/service_member_function.py -> /home/sarpdengizmen/ros2_ws/build/py_srvcli/build/lib/py_srvcli
[1.503s] running install
[1.504s] /usr/lib/python3/dist-packages/setuptools/command/install.py:34: SetuptoolsDeprecationWarning: setup.py install is deprecated. Use build and pip and other standards-based tools.
[1.504s]   warnings.warn(
[1.505s] running install_lib
[1.506s] creating /home/sarpdengizmen/ros2_ws/install/py_srvcli/lib/python3.10/site-packages/py_srvcli
[1.506s] copying /home/sarpdengizmen/ros2_ws/build/py_srvcli/build/lib/py_srvcli/__init__.py -> /home/sarpdengizmen/ros2_ws/install/py_srvcli/lib/python3.10/site-packages/py_srvcli
[1.507s] copying /home/sarpdengizmen/ros2_ws/build/py_srvcli/build/lib/py_srvcli/client_member_function.py -> /home/sarpdengizmen/ros2_ws/install/py_srvcli/lib/python3.10/site-packages/py_srvcli
[1.507s] copying /home/sarpdengizmen/ros2_ws/build/py_srvcli/build/lib/py_srvcli/service_member_function.py -> /home/sarpdengizmen/ros2_ws/install/py_srvcli/lib/python3.10/site-packages/py_srvcli
[1.508s] byte-compiling /home/sarpdengizmen/ros2_ws/install/py_srvcli/lib/python3.10/site-packages/py_srvcli/__init__.py to __init__.cpython-310.pyc
[1.508s] byte-compiling /home/sarpdengizmen/ros2_ws/install/py_srvcli/lib/python3.10/site-packages/py_srvcli/client_member_function.py to client_member_function.cpython-310.pyc
[1.509s] byte-compiling /home/sarpdengizmen/ros2_ws/install/py_srvcli/lib/python3.10/site-packages/py_srvcli/service_member_function.py to service_member_function.cpython-310.pyc
[1.509s] running install_data
[1.510s] creating /home/sarpdengizmen/ros2_ws/install/py_srvcli/share/ament_index
[1.511s] creating /home/sarpdengizmen/ros2_ws/install/py_srvcli/share/ament_index/resource_index
[1.511s] creating /home/sarpdengizmen/ros2_ws/install/py_srvcli/share/ament_index/resource_index/packages
[1.511s] copying resource/py_srvcli -> /home/sarpdengizmen/ros2_ws/install/py_srvcli/share/ament_index/resource_index/packages
[1.511s] copying package.xml -> /home/sarpdengizmen/ros2_ws/install/py_srvcli/share/py_srvcli
[1.511s] running install_egg_info
[1.514s] Copying ../../build/py_srvcli/py_srvcli.egg-info to /home/sarpdengizmen/ros2_ws/install/py_srvcli/lib/python3.10/site-packages/py_srvcli-0.0.0-py3.10.egg-info
[1.515s] running install_scripts
[1.543s] Installing client script to /home/sarpdengizmen/ros2_ws/install/py_srvcli/lib/py_srvcli
[1.543s] Installing service script to /home/sarpdengizmen/ros2_ws/install/py_srvcli/lib/py_srvcli
[1.543s] writing list of installed files to '/home/sarpdengizmen/ros2_ws/build/py_srvcli/install.log'
[1.578s] Invoked command in '/home/sarpdengizmen/ros2_ws/src/py_srvcli' returned '0': PYTHONPATH=/home/sarpdengizmen/ros2_ws/build/py_srvcli/prefix_override:/home/sarpdengizmen/ros2_ws/install/py_srvcli/lib/python3.10/site-packages:${PYTHONPATH} /usr/bin/python3 setup.py egg_info --egg-base ../../build/py_srvcli build --build-base /home/sarpdengizmen/ros2_ws/build/py_srvcli/build install --record /home/sarpdengizmen/ros2_ws/build/py_srvcli/install.log --single-version-externally-managed
