[0.660s] Invoking command in '/home/bayrakt4rdem/ros2_ws/build/my_py_pkg': PYTHONPATH=/home/bayrakt4rdem/ros2_ws/build/my_py_pkg/prefix_override:/home/bayrakt4rdem/ros2_ws/install/my_py_pkg/lib/python3.10/site-packages:${PYTHONPATH} /usr/bin/python3 -W ignore:setup.py install is deprecated setup.py develop --uninstall --editable --build-directory /home/bayrakt4rdem/ros2_ws/build/my_py_pkg/build
[0.977s] running develop
[1.163s] Removing /home/bayrakt4rdem/ros2_ws/install/my_py_pkg/lib/python3.10/site-packages/my-py-pkg.egg-link (link to .)
[1.183s] Invoked command in '/home/bayrakt4rdem/ros2_ws/build/my_py_pkg' returned '0': PYTHONPATH=/home/bayrakt4rdem/ros2_ws/build/my_py_pkg/prefix_override:/home/bayrakt4rdem/ros2_ws/install/my_py_pkg/lib/python3.10/site-packages:${PYTHONPATH} /usr/bin/python3 -W ignore:setup.py install is deprecated setup.py develop --uninstall --editable --build-directory /home/bayrakt4rdem/ros2_ws/build/my_py_pkg/build
[1.185s] Invoking command in '/home/bayrakt4rdem/ros2_ws/src/my_py_pkg': PYTHONPATH=/home/bayrakt4rdem/ros2_ws/build/my_py_pkg/prefix_override:/home/bayrakt4rdem/ros2_ws/install/my_py_pkg/lib/python3.10/site-packages:${PYTHONPATH} /usr/bin/python3 -W ignore:setup.py install is deprecated setup.py egg_info --egg-base ../../build/my_py_pkg build --build-base /home/bayrakt4rdem/ros2_ws/build/my_py_pkg/build install --record /home/bayrakt4rdem/ros2_ws/build/my_py_pkg/install.log --single-version-externally-managed install_data --force
[1.419s] running egg_info
[1.420s] writing ../../build/my_py_pkg/my_py_pkg.egg-info/PKG-INFO
[1.422s] writing dependency_links to ../../build/my_py_pkg/my_py_pkg.egg-info/dependency_links.txt
[1.424s] writing entry points to ../../build/my_py_pkg/my_py_pkg.egg-info/entry_points.txt
[1.426s] writing requirements to ../../build/my_py_pkg/my_py_pkg.egg-info/requires.txt
[1.429s] writing top-level names to ../../build/my_py_pkg/my_py_pkg.egg-info/top_level.txt
[1.432s] reading manifest file '../../build/my_py_pkg/my_py_pkg.egg-info/SOURCES.txt'
[1.433s] writing manifest file '../../build/my_py_pkg/my_py_pkg.egg-info/SOURCES.txt'
[1.435s] running build
[1.435s] running build_py
[1.435s] copying my_py_pkg/template_subscribernode.py -> /home/bayrakt4rdem/ros2_ws/build/my_py_pkg/build/lib/my_py_pkg
[1.436s] copying my_py_pkg/template_publishernode.py -> /home/bayrakt4rdem/ros2_ws/build/my_py_pkg/build/lib/my_py_pkg
[1.436s] running install
[1.436s] running install_lib
[1.437s] creating /home/bayrakt4rdem/ros2_ws/install/my_py_pkg/lib/python3.10/site-packages/my_py_pkg
[1.437s] copying /home/bayrakt4rdem/ros2_ws/build/my_py_pkg/build/lib/my_py_pkg/__init__.py -> /home/bayrakt4rdem/ros2_ws/install/my_py_pkg/lib/python3.10/site-packages/my_py_pkg
[1.437s] copying /home/bayrakt4rdem/ros2_ws/build/my_py_pkg/build/lib/my_py_pkg/template_subscribernode.py -> /home/bayrakt4rdem/ros2_ws/install/my_py_pkg/lib/python3.10/site-packages/my_py_pkg
[1.437s] copying /home/bayrakt4rdem/ros2_ws/build/my_py_pkg/build/lib/my_py_pkg/template_publishernode.py -> /home/bayrakt4rdem/ros2_ws/install/my_py_pkg/lib/python3.10/site-packages/my_py_pkg
[1.437s] byte-compiling /home/bayrakt4rdem/ros2_ws/install/my_py_pkg/lib/python3.10/site-packages/my_py_pkg/__init__.py to __init__.cpython-310.pyc
[1.437s] byte-compiling /home/bayrakt4rdem/ros2_ws/install/my_py_pkg/lib/python3.10/site-packages/my_py_pkg/template_subscribernode.py to template_subscribernode.cpython-310.pyc
[1.438s] byte-compiling /home/bayrakt4rdem/ros2_ws/install/my_py_pkg/lib/python3.10/site-packages/my_py_pkg/template_publishernode.py to template_publishernode.cpython-310.pyc
[1.438s] running install_data
[1.438s] copying resource/my_py_pkg -> /home/bayrakt4rdem/ros2_ws/install/my_py_pkg/share/ament_index/resource_index/packages
[1.438s] copying package.xml -> /home/bayrakt4rdem/ros2_ws/install/my_py_pkg/share/my_py_pkg
[1.438s] running install_egg_info
[1.440s] Copying ../../build/my_py_pkg/my_py_pkg.egg-info to /home/bayrakt4rdem/ros2_ws/install/my_py_pkg/lib/python3.10/site-packages/my_py_pkg-0.0.0-py3.10.egg-info
[1.441s] running install_scripts
[1.457s] Installing template_publishernode script to /home/bayrakt4rdem/ros2_ws/install/my_py_pkg/lib/my_py_pkg
[1.459s] Installing template_subscribernode script to /home/bayrakt4rdem/ros2_ws/install/my_py_pkg/lib/my_py_pkg
[1.461s] writing list of installed files to '/home/bayrakt4rdem/ros2_ws/build/my_py_pkg/install.log'
[1.478s] Invoked command in '/home/bayrakt4rdem/ros2_ws/src/my_py_pkg' returned '0': PYTHONPATH=/home/bayrakt4rdem/ros2_ws/build/my_py_pkg/prefix_override:/home/bayrakt4rdem/ros2_ws/install/my_py_pkg/lib/python3.10/site-packages:${PYTHONPATH} /usr/bin/python3 -W ignore:setup.py install is deprecated setup.py egg_info --egg-base ../../build/my_py_pkg build --build-base /home/bayrakt4rdem/ros2_ws/build/my_py_pkg/build install --record /home/bayrakt4rdem/ros2_ws/build/my_py_pkg/install.log --single-version-externally-managed install_data --force
