[0.323s] DEBUG:colcon:Command line arguments: ['/usr/bin/colcon', 'build']
[0.323s] DEBUG:colcon:Parsed command line arguments: Namespace(log_base=None, log_level=None, verb_name='build', build_base='build', install_base='install', merge_install=False, symlink_install=False, test_result_base=None, continue_on_error=False, executor='parallel', parallel_workers=12, event_handlers=None, ignore_user_meta=False, metas=['./colcon.meta'], base_paths=['.'], packages_ignore=None, packages_ignore_regex=None, paths=None, packages_up_to=None, packages_up_to_regex=None, packages_above=None, packages_above_and_dependencies=None, packages_above_depth=None, packages_select_by_dep=None, packages_skip_by_dep=None, packages_skip_up_to=None, packages_select_build_failed=False, packages_skip_build_finished=False, packages_select_test_failures=False, packages_skip_test_passed=False, packages_select=None, packages_skip=None, packages_select_regex=None, packages_skip_regex=None, packages_start=None, packages_end=None, allow_overriding=[], cmake_args=None, cmake_target=None, cmake_target_skip_unavailable=False, cmake_clean_cache=False, cmake_clean_first=False, cmake_force_configure=False, ament_cmake_args=None, catkin_cmake_args=None, catkin_skip_building_tests=False, verb_parser=<colcon_defaults.argument_parser.defaults.DefaultArgumentsDecorator object at 0x707c32e51720>, verb_extension=<colcon_core.verb.build.BuildVerb object at 0x707c32e51210>, main=<bound method BuildVerb.main of <colcon_core.verb.build.BuildVerb object at 0x707c32e51210>>)
[0.859s] Level 1:colcon.colcon_core.package_discovery:discover_packages(colcon_meta) check parameters
[0.859s] Level 1:colcon.colcon_core.package_discovery:discover_packages(recursive) check parameters
[0.859s] Level 1:colcon.colcon_core.package_discovery:discover_packages(ignore) check parameters
[0.859s] Level 1:colcon.colcon_core.package_discovery:discover_packages(path) check parameters
[0.859s] Level 1:colcon.colcon_core.package_discovery:discover_packages(colcon_meta) discover
[0.859s] Level 1:colcon.colcon_core.package_discovery:discover_packages(recursive) discover
[0.859s] INFO:colcon.colcon_core.package_discovery:Crawling recursively for packages in '/home/bayrakt4rdem/ros2_ws'
[0.859s] Level 1:colcon.colcon_core.package_identification:_identify(.) by extensions ['ignore', 'ignore_ament_install']
[0.859s] Level 1:colcon.colcon_core.package_identification:_identify(.) by extension 'ignore'
[0.860s] Level 1:colcon.colcon_core.package_identification:_identify(.) by extension 'ignore_ament_install'
[0.860s] Level 1:colcon.colcon_core.package_identification:_identify(.) by extensions ['colcon_pkg']
[0.860s] Level 1:colcon.colcon_core.package_identification:_identify(.) by extension 'colcon_pkg'
[0.860s] Level 1:colcon.colcon_core.package_identification:_identify(.) by extensions ['colcon_meta']
[0.860s] Level 1:colcon.colcon_core.package_identification:_identify(.) by extension 'colcon_meta'
[0.860s] Level 1:colcon.colcon_core.package_identification:_identify(.) by extensions ['ros']
[0.860s] Level 1:colcon.colcon_core.package_identification:_identify(.) by extension 'ros'
[0.888s] Level 1:colcon.colcon_core.package_identification:_identify(.) by extensions ['cmake', 'python']
[0.888s] Level 1:colcon.colcon_core.package_identification:_identify(.) by extension 'cmake'
[0.889s] Level 1:colcon.colcon_core.package_identification:_identify(.) by extension 'python'
[0.889s] Level 1:colcon.colcon_core.package_identification:_identify(.) by extensions ['python_setup_py']
[0.889s] Level 1:colcon.colcon_core.package_identification:_identify(.) by extension 'python_setup_py'
[0.889s] Level 1:colcon.colcon_core.package_identification:_identify(build) by extensions ['ignore', 'ignore_ament_install']
[0.889s] Level 1:colcon.colcon_core.package_identification:_identify(build) by extension 'ignore'
[0.889s] Level 1:colcon.colcon_core.package_identification:_identify(build) ignored
[0.889s] Level 1:colcon.colcon_core.package_identification:_identify(install) by extensions ['ignore', 'ignore_ament_install']
[0.889s] Level 1:colcon.colcon_core.package_identification:_identify(install) by extension 'ignore'
[0.889s] Level 1:colcon.colcon_core.package_identification:_identify(install) ignored
[0.889s] Level 1:colcon.colcon_core.package_identification:_identify(log) by extensions ['ignore', 'ignore_ament_install']
[0.889s] Level 1:colcon.colcon_core.package_identification:_identify(log) by extension 'ignore'
[0.889s] Level 1:colcon.colcon_core.package_identification:_identify(log) ignored
[0.889s] Level 1:colcon.colcon_core.package_identification:_identify(src) by extensions ['ignore', 'ignore_ament_install']
[0.889s] Level 1:colcon.colcon_core.package_identification:_identify(src) by extension 'ignore'
[0.889s] Level 1:colcon.colcon_core.package_identification:_identify(src) by extension 'ignore_ament_install'
[0.890s] Level 1:colcon.colcon_core.package_identification:_identify(src) by extensions ['colcon_pkg']
[0.890s] Level 1:colcon.colcon_core.package_identification:_identify(src) by extension 'colcon_pkg'
[0.890s] Level 1:colcon.colcon_core.package_identification:_identify(src) by extensions ['colcon_meta']
[0.890s] Level 1:colcon.colcon_core.package_identification:_identify(src) by extension 'colcon_meta'
[0.890s] Level 1:colcon.colcon_core.package_identification:_identify(src) by extensions ['ros']
[0.890s] Level 1:colcon.colcon_core.package_identification:_identify(src) by extension 'ros'
[0.890s] Level 1:colcon.colcon_core.package_identification:_identify(src) by extensions ['cmake', 'python']
[0.890s] Level 1:colcon.colcon_core.package_identification:_identify(src) by extension 'cmake'
[0.890s] Level 1:colcon.colcon_core.package_identification:_identify(src) by extension 'python'
[0.890s] Level 1:colcon.colcon_core.package_identification:_identify(src) by extensions ['python_setup_py']
[0.890s] Level 1:colcon.colcon_core.package_identification:_identify(src) by extension 'python_setup_py'
[0.890s] Level 1:colcon.colcon_core.package_identification:_identify(src/articubot_one) by extensions ['ignore', 'ignore_ament_install']
[0.890s] Level 1:colcon.colcon_core.package_identification:_identify(src/articubot_one) by extension 'ignore'
[0.890s] Level 1:colcon.colcon_core.package_identification:_identify(src/articubot_one) by extension 'ignore_ament_install'
[0.890s] Level 1:colcon.colcon_core.package_identification:_identify(src/articubot_one) by extensions ['colcon_pkg']
[0.890s] Level 1:colcon.colcon_core.package_identification:_identify(src/articubot_one) by extension 'colcon_pkg'
[0.890s] Level 1:colcon.colcon_core.package_identification:_identify(src/articubot_one) by extensions ['colcon_meta']
[0.890s] Level 1:colcon.colcon_core.package_identification:_identify(src/articubot_one) by extension 'colcon_meta'
[0.890s] Level 1:colcon.colcon_core.package_identification:_identify(src/articubot_one) by extensions ['ros']
[0.890s] Level 1:colcon.colcon_core.package_identification:_identify(src/articubot_one) by extension 'ros'
[0.895s] DEBUG:colcon.colcon_core.package_identification:Package 'src/articubot_one' with type 'ros.ament_cmake' and name 'articubot_one'
[0.895s] Level 1:colcon.colcon_core.package_identification:_identify(src/midibot_description) by extensions ['ignore', 'ignore_ament_install']
[0.895s] Level 1:colcon.colcon_core.package_identification:_identify(src/midibot_description) by extension 'ignore'
[0.895s] Level 1:colcon.colcon_core.package_identification:_identify(src/midibot_description) by extension 'ignore_ament_install'
[0.895s] Level 1:colcon.colcon_core.package_identification:_identify(src/midibot_description) by extensions ['colcon_pkg']
[0.895s] Level 1:colcon.colcon_core.package_identification:_identify(src/midibot_description) by extension 'colcon_pkg'
[0.895s] Level 1:colcon.colcon_core.package_identification:_identify(src/midibot_description) by extensions ['colcon_meta']
[0.895s] Level 1:colcon.colcon_core.package_identification:_identify(src/midibot_description) by extension 'colcon_meta'
[0.895s] Level 1:colcon.colcon_core.package_identification:_identify(src/midibot_description) by extensions ['ros']
[0.896s] Level 1:colcon.colcon_core.package_identification:_identify(src/midibot_description) by extension 'ros'
[0.897s] DEBUG:colcon.colcon_core.package_identification:Package 'src/midibot_description' with type 'ros.ament_python' and name 'midibot_description'
[0.897s] Level 1:colcon.colcon_core.package_identification:_identify(src/my_py_pkg) by extensions ['ignore', 'ignore_ament_install']
[0.897s] Level 1:colcon.colcon_core.package_identification:_identify(src/my_py_pkg) by extension 'ignore'
[0.897s] Level 1:colcon.colcon_core.package_identification:_identify(src/my_py_pkg) by extension 'ignore_ament_install'
[0.897s] Level 1:colcon.colcon_core.package_identification:_identify(src/my_py_pkg) by extensions ['colcon_pkg']
[0.897s] Level 1:colcon.colcon_core.package_identification:_identify(src/my_py_pkg) by extension 'colcon_pkg'
[0.897s] Level 1:colcon.colcon_core.package_identification:_identify(src/my_py_pkg) by extensions ['colcon_meta']
[0.897s] Level 1:colcon.colcon_core.package_identification:_identify(src/my_py_pkg) by extension 'colcon_meta'
[0.897s] Level 1:colcon.colcon_core.package_identification:_identify(src/my_py_pkg) by extensions ['ros']
[0.897s] Level 1:colcon.colcon_core.package_identification:_identify(src/my_py_pkg) by extension 'ros'
[0.898s] DEBUG:colcon.colcon_core.package_identification:Package 'src/my_py_pkg' with type 'ros.ament_python' and name 'my_py_pkg'
[0.898s] Level 1:colcon.colcon_core.package_discovery:discover_packages(recursive) using defaults
[0.898s] Level 1:colcon.colcon_core.package_discovery:discover_packages(ignore) discover
[0.898s] Level 1:colcon.colcon_core.package_discovery:discover_packages(ignore) using defaults
[0.898s] Level 1:colcon.colcon_core.package_discovery:discover_packages(path) discover
[0.898s] Level 1:colcon.colcon_core.package_discovery:discover_packages(path) using defaults
[0.925s] Level 1:colcon.colcon_core.package_discovery:discover_packages(prefix_path) check parameters
[0.926s] Level 1:colcon.colcon_core.package_discovery:discover_packages(prefix_path) discover
[0.930s] DEBUG:colcon.colcon_installed_package_information.package_discovery:Found 5 installed packages in /home/bayrakt4rdem/ros2_ws/install
[0.931s] DEBUG:colcon.colcon_installed_package_information.package_discovery:Found 280 installed packages in /opt/ros/humble
[0.932s] Level 1:colcon.colcon_core.package_discovery:discover_packages(prefix_path) using defaults
[0.970s] Level 5:colcon.colcon_core.verb:set package 'articubot_one' build argument 'cmake_args' from command line to 'None'
[0.970s] Level 5:colcon.colcon_core.verb:set package 'articubot_one' build argument 'cmake_target' from command line to 'None'
[0.970s] Level 5:colcon.colcon_core.verb:set package 'articubot_one' build argument 'cmake_target_skip_unavailable' from command line to 'False'
[0.970s] Level 5:colcon.colcon_core.verb:set package 'articubot_one' build argument 'cmake_clean_cache' from command line to 'False'
[0.970s] Level 5:colcon.colcon_core.verb:set package 'articubot_one' build argument 'cmake_clean_first' from command line to 'False'
[0.970s] Level 5:colcon.colcon_core.verb:set package 'articubot_one' build argument 'cmake_force_configure' from command line to 'False'
[0.970s] Level 5:colcon.colcon_core.verb:set package 'articubot_one' build argument 'ament_cmake_args' from command line to 'None'
[0.970s] Level 5:colcon.colcon_core.verb:set package 'articubot_one' build argument 'catkin_cmake_args' from command line to 'None'
[0.970s] Level 5:colcon.colcon_core.verb:set package 'articubot_one' build argument 'catkin_skip_building_tests' from command line to 'False'
[0.970s] DEBUG:colcon.colcon_core.verb:Building package 'articubot_one' with the following arguments: {'ament_cmake_args': None, 'build_base': '/home/bayrakt4rdem/ros2_ws/build/articubot_one', 'catkin_cmake_args': None, 'catkin_skip_building_tests': False, 'cmake_args': None, 'cmake_clean_cache': False, 'cmake_clean_first': False, 'cmake_force_configure': False, 'cmake_target': None, 'cmake_target_skip_unavailable': False, 'install_base': '/home/bayrakt4rdem/ros2_ws/install/articubot_one', 'merge_install': False, 'path': '/home/bayrakt4rdem/ros2_ws/src/articubot_one', 'symlink_install': False, 'test_result_base': None}
[0.970s] Level 5:colcon.colcon_core.verb:set package 'midibot_description' build argument 'cmake_args' from command line to 'None'
[0.970s] Level 5:colcon.colcon_core.verb:set package 'midibot_description' build argument 'cmake_target' from command line to 'None'
[0.970s] Level 5:colcon.colcon_core.verb:set package 'midibot_description' build argument 'cmake_target_skip_unavailable' from command line to 'False'
[0.970s] Level 5:colcon.colcon_core.verb:set package 'midibot_description' build argument 'cmake_clean_cache' from command line to 'False'
[0.970s] Level 5:colcon.colcon_core.verb:set package 'midibot_description' build argument 'cmake_clean_first' from command line to 'False'
[0.970s] Level 5:colcon.colcon_core.verb:set package 'midibot_description' build argument 'cmake_force_configure' from command line to 'False'
[0.970s] Level 5:colcon.colcon_core.verb:set package 'midibot_description' build argument 'ament_cmake_args' from command line to 'None'
[0.970s] Level 5:colcon.colcon_core.verb:set package 'midibot_description' build argument 'catkin_cmake_args' from command line to 'None'
[0.970s] Level 5:colcon.colcon_core.verb:set package 'midibot_description' build argument 'catkin_skip_building_tests' from command line to 'False'
[0.971s] DEBUG:colcon.colcon_core.verb:Building package 'midibot_description' with the following arguments: {'ament_cmake_args': None, 'build_base': '/home/bayrakt4rdem/ros2_ws/build/midibot_description', 'catkin_cmake_args': None, 'catkin_skip_building_tests': False, 'cmake_args': None, 'cmake_clean_cache': False, 'cmake_clean_first': False, 'cmake_force_configure': False, 'cmake_target': None, 'cmake_target_skip_unavailable': False, 'install_base': '/home/bayrakt4rdem/ros2_ws/install/midibot_description', 'merge_install': False, 'path': '/home/bayrakt4rdem/ros2_ws/src/midibot_description', 'symlink_install': False, 'test_result_base': None}
[0.971s] Level 5:colcon.colcon_core.verb:set package 'my_py_pkg' build argument 'cmake_args' from command line to 'None'
[0.971s] Level 5:colcon.colcon_core.verb:set package 'my_py_pkg' build argument 'cmake_target' from command line to 'None'
[0.971s] Level 5:colcon.colcon_core.verb:set package 'my_py_pkg' build argument 'cmake_target_skip_unavailable' from command line to 'False'
[0.971s] Level 5:colcon.colcon_core.verb:set package 'my_py_pkg' build argument 'cmake_clean_cache' from command line to 'False'
[0.971s] Level 5:colcon.colcon_core.verb:set package 'my_py_pkg' build argument 'cmake_clean_first' from command line to 'False'
[0.971s] Level 5:colcon.colcon_core.verb:set package 'my_py_pkg' build argument 'cmake_force_configure' from command line to 'False'
[0.971s] Level 5:colcon.colcon_core.verb:set package 'my_py_pkg' build argument 'ament_cmake_args' from command line to 'None'
[0.971s] Level 5:colcon.colcon_core.verb:set package 'my_py_pkg' build argument 'catkin_cmake_args' from command line to 'None'
[0.971s] Level 5:colcon.colcon_core.verb:set package 'my_py_pkg' build argument 'catkin_skip_building_tests' from command line to 'False'
[0.971s] DEBUG:colcon.colcon_core.verb:Building package 'my_py_pkg' with the following arguments: {'ament_cmake_args': None, 'build_base': '/home/bayrakt4rdem/ros2_ws/build/my_py_pkg', 'catkin_cmake_args': None, 'catkin_skip_building_tests': False, 'cmake_args': None, 'cmake_clean_cache': False, 'cmake_clean_first': False, 'cmake_force_configure': False, 'cmake_target': None, 'cmake_target_skip_unavailable': False, 'install_base': '/home/bayrakt4rdem/ros2_ws/install/my_py_pkg', 'merge_install': False, 'path': '/home/bayrakt4rdem/ros2_ws/src/my_py_pkg', 'symlink_install': False, 'test_result_base': None}
[0.971s] INFO:colcon.colcon_core.executor:Executing jobs using 'parallel' executor
[0.972s] DEBUG:colcon.colcon_parallel_executor.executor.parallel:run_until_complete
[0.972s] INFO:colcon.colcon_ros.task.ament_cmake.build:Building ROS package in '/home/bayrakt4rdem/ros2_ws/src/articubot_one' with build type 'ament_cmake'
[0.972s] INFO:colcon.colcon_cmake.task.cmake.build:Building CMake package in '/home/bayrakt4rdem/ros2_ws/src/articubot_one'
[0.979s] INFO:colcon.colcon_core.plugin_system:Skipping extension 'colcon_core.shell.bat': Not used on non-Windows systems
[0.979s] INFO:colcon.colcon_core.shell:Skip shell extension 'powershell' for command environment: Not usable outside of PowerShell
[0.979s] DEBUG:colcon.colcon_core.shell:Skip shell extension 'dsv' for command environment
[0.984s] INFO:colcon.colcon_ros.task.ament_python.build:Building ROS package in '/home/bayrakt4rdem/ros2_ws/src/midibot_description' with build type 'ament_python'
[0.984s] Level 1:colcon.colcon_core.shell:create_environment_hook('midibot_description', 'ament_prefix_path')
[0.985s] INFO:colcon.colcon_core.shell:Creating environment hook '/home/bayrakt4rdem/ros2_ws/install/midibot_description/share/midibot_description/hook/ament_prefix_path.ps1'
[0.988s] INFO:colcon.colcon_core.shell:Creating environment descriptor '/home/bayrakt4rdem/ros2_ws/install/midibot_description/share/midibot_description/hook/ament_prefix_path.dsv'
[0.990s] INFO:colcon.colcon_core.shell:Creating environment hook '/home/bayrakt4rdem/ros2_ws/install/midibot_description/share/midibot_description/hook/ament_prefix_path.sh'
[0.993s] INFO:colcon.colcon_core.shell:Skip shell extension 'powershell' for command environment: Not usable outside of PowerShell
[0.993s] DEBUG:colcon.colcon_core.shell:Skip shell extension 'dsv' for command environment
[0.998s] INFO:colcon.colcon_ros.task.ament_python.build:Building ROS package in '/home/bayrakt4rdem/ros2_ws/src/my_py_pkg' with build type 'ament_python'
[0.998s] Level 1:colcon.colcon_core.shell:create_environment_hook('my_py_pkg', 'ament_prefix_path')
[0.998s] INFO:colcon.colcon_core.shell:Creating environment hook '/home/bayrakt4rdem/ros2_ws/install/my_py_pkg/share/my_py_pkg/hook/ament_prefix_path.ps1'
[1.001s] INFO:colcon.colcon_core.shell:Creating environment descriptor '/home/bayrakt4rdem/ros2_ws/install/my_py_pkg/share/my_py_pkg/hook/ament_prefix_path.dsv'
[1.003s] INFO:colcon.colcon_core.shell:Creating environment hook '/home/bayrakt4rdem/ros2_ws/install/my_py_pkg/share/my_py_pkg/hook/ament_prefix_path.sh'
[1.006s] INFO:colcon.colcon_core.shell:Skip shell extension 'powershell' for command environment: Not usable outside of PowerShell
[1.006s] DEBUG:colcon.colcon_core.shell:Skip shell extension 'dsv' for command environment
[1.018s] DEBUG:colcon.colcon_core.event_handler.log_command:Invoking command in '/home/bayrakt4rdem/ros2_ws/build/articubot_one': CMAKE_PREFIX_PATH=${CMAKE_PREFIX_PATH}:/home/bayrakt4rdem/ros2_ws/install/my_py_pkg:/home/bayrakt4rdem/ros2_ws/install/midibot_description:/opt/ros/humble /usr/bin/cmake --build /home/bayrakt4rdem/ros2_ws/build/articubot_one -- -j12 -l12
[1.312s] INFO:colcon.colcon_core.task.python.build:Building Python package in '/home/bayrakt4rdem/ros2_ws/src/midibot_description'
[1.312s] INFO:colcon.colcon_core.shell:Skip shell extension 'powershell' for command environment: Not usable outside of PowerShell
[1.312s] DEBUG:colcon.colcon_core.shell:Skip shell extension 'dsv' for command environment
[1.585s] INFO:colcon.colcon_core.task.python.build:Building Python package in '/home/bayrakt4rdem/ros2_ws/src/my_py_pkg'
[1.585s] INFO:colcon.colcon_core.shell:Skip shell extension 'powershell' for command environment: Not usable outside of PowerShell
[1.585s] DEBUG:colcon.colcon_core.shell:Skip shell extension 'dsv' for command environment
[1.591s] DEBUG:colcon.colcon_core.event_handler.log_command:Invoked command in '/home/bayrakt4rdem/ros2_ws/build/articubot_one' returned '0': CMAKE_PREFIX_PATH=${CMAKE_PREFIX_PATH}:/home/bayrakt4rdem/ros2_ws/install/my_py_pkg:/home/bayrakt4rdem/ros2_ws/install/midibot_description:/opt/ros/humble /usr/bin/cmake --build /home/bayrakt4rdem/ros2_ws/build/articubot_one -- -j12 -l12
[1.625s] DEBUG:colcon.colcon_core.event_handler.log_command:Invoking command in '/home/bayrakt4rdem/ros2_ws/build/articubot_one': CMAKE_PREFIX_PATH=${CMAKE_PREFIX_PATH}:/home/bayrakt4rdem/ros2_ws/install/my_py_pkg:/home/bayrakt4rdem/ros2_ws/install/midibot_description:/opt/ros/humble /usr/bin/cmake --install /home/bayrakt4rdem/ros2_ws/build/articubot_one
[1.640s] Level 1:colcon.colcon_core.environment:create_environment_scripts_only(articubot_one)
[1.641s] DEBUG:colcon.colcon_core.event_handler.log_command:Invoked command in '/home/bayrakt4rdem/ros2_ws/build/articubot_one' returned '0': CMAKE_PREFIX_PATH=${CMAKE_PREFIX_PATH}:/home/bayrakt4rdem/ros2_ws/install/my_py_pkg:/home/bayrakt4rdem/ros2_ws/install/midibot_description:/opt/ros/humble /usr/bin/cmake --install /home/bayrakt4rdem/ros2_ws/build/articubot_one
[1.648s] Level 1:colcon.colcon_core.environment:checking '/home/bayrakt4rdem/ros2_ws/install/articubot_one' for CMake module files
[1.649s] Level 1:colcon.colcon_core.environment:checking '/home/bayrakt4rdem/ros2_ws/install/articubot_one' for CMake config files
[1.649s] Level 1:colcon.colcon_core.shell:create_environment_hook('articubot_one', 'cmake_prefix_path')
[1.650s] INFO:colcon.colcon_core.shell:Creating environment hook '/home/bayrakt4rdem/ros2_ws/install/articubot_one/share/articubot_one/hook/cmake_prefix_path.ps1'
[1.652s] INFO:colcon.colcon_core.shell:Creating environment descriptor '/home/bayrakt4rdem/ros2_ws/install/articubot_one/share/articubot_one/hook/cmake_prefix_path.dsv'
[1.654s] INFO:colcon.colcon_core.shell:Creating environment hook '/home/bayrakt4rdem/ros2_ws/install/articubot_one/share/articubot_one/hook/cmake_prefix_path.sh'
[1.657s] Level 1:colcon.colcon_core.environment:checking '/home/bayrakt4rdem/ros2_ws/install/articubot_one/bin'
[1.657s] Level 1:colcon.colcon_core.environment:checking '/home/bayrakt4rdem/ros2_ws/install/articubot_one/lib/pkgconfig/articubot_one.pc'
[1.657s] Level 1:colcon.colcon_core.environment:checking '/home/bayrakt4rdem/ros2_ws/install/articubot_one/lib/python3.10/site-packages'
[1.657s] Level 1:colcon.colcon_core.environment:checking '/home/bayrakt4rdem/ros2_ws/install/articubot_one/bin'
[1.658s] INFO:colcon.colcon_core.shell:Creating package script '/home/bayrakt4rdem/ros2_ws/install/articubot_one/share/articubot_one/package.ps1'
[1.660s] INFO:colcon.colcon_core.shell:Creating package descriptor '/home/bayrakt4rdem/ros2_ws/install/articubot_one/share/articubot_one/package.dsv'
[1.663s] INFO:colcon.colcon_core.shell:Creating package script '/home/bayrakt4rdem/ros2_ws/install/articubot_one/share/articubot_one/package.sh'
[1.666s] INFO:colcon.colcon_core.shell:Creating package script '/home/bayrakt4rdem/ros2_ws/install/articubot_one/share/articubot_one/package.bash'
[1.669s] INFO:colcon.colcon_core.shell:Creating package script '/home/bayrakt4rdem/ros2_ws/install/articubot_one/share/articubot_one/package.zsh'
[1.672s] Level 1:colcon.colcon_core.environment:create_file_with_runtime_dependencies(/home/bayrakt4rdem/ros2_ws/install/articubot_one/share/colcon-core/packages/articubot_one)
[1.691s] Level 1:colcon.colcon_core.environment:create_environment_scripts_only(articubot_one)
[1.691s] Level 1:colcon.colcon_core.environment:checking '/home/bayrakt4rdem/ros2_ws/install/articubot_one' for CMake module files
[1.691s] Level 1:colcon.colcon_core.environment:checking '/home/bayrakt4rdem/ros2_ws/install/articubot_one' for CMake config files
[1.691s] Level 1:colcon.colcon_core.shell:create_environment_hook('articubot_one', 'cmake_prefix_path')
[1.692s] INFO:colcon.colcon_core.shell:Creating environment hook '/home/bayrakt4rdem/ros2_ws/install/articubot_one/share/articubot_one/hook/cmake_prefix_path.ps1'
[1.694s] INFO:colcon.colcon_core.shell:Creating environment descriptor '/home/bayrakt4rdem/ros2_ws/install/articubot_one/share/articubot_one/hook/cmake_prefix_path.dsv'
[1.696s] INFO:colcon.colcon_core.shell:Creating environment hook '/home/bayrakt4rdem/ros2_ws/install/articubot_one/share/articubot_one/hook/cmake_prefix_path.sh'
[1.699s] Level 1:colcon.colcon_core.environment:checking '/home/bayrakt4rdem/ros2_ws/install/articubot_one/bin'
[1.699s] Level 1:colcon.colcon_core.environment:checking '/home/bayrakt4rdem/ros2_ws/install/articubot_one/lib/pkgconfig/articubot_one.pc'
[1.699s] Level 1:colcon.colcon_core.environment:checking '/home/bayrakt4rdem/ros2_ws/install/articubot_one/lib/python3.10/site-packages'
[1.699s] Level 1:colcon.colcon_core.environment:checking '/home/bayrakt4rdem/ros2_ws/install/articubot_one/bin'
[1.699s] INFO:colcon.colcon_core.shell:Creating package script '/home/bayrakt4rdem/ros2_ws/install/articubot_one/share/articubot_one/package.ps1'
[1.702s] INFO:colcon.colcon_core.shell:Creating package descriptor '/home/bayrakt4rdem/ros2_ws/install/articubot_one/share/articubot_one/package.dsv'
[1.704s] INFO:colcon.colcon_core.shell:Creating package script '/home/bayrakt4rdem/ros2_ws/install/articubot_one/share/articubot_one/package.sh'
[1.706s] INFO:colcon.colcon_core.shell:Creating package script '/home/bayrakt4rdem/ros2_ws/install/articubot_one/share/articubot_one/package.bash'
[1.709s] INFO:colcon.colcon_core.shell:Creating package script '/home/bayrakt4rdem/ros2_ws/install/articubot_one/share/articubot_one/package.zsh'
[1.711s] Level 1:colcon.colcon_core.environment:create_file_with_runtime_dependencies(/home/bayrakt4rdem/ros2_ws/install/articubot_one/share/colcon-core/packages/articubot_one)
[2.085s] DEBUG:colcon.colcon_core.event_handler.log_command:Invoking command in '/home/bayrakt4rdem/ros2_ws/src/midibot_description': PYTHONPATH=/home/bayrakt4rdem/ros2_ws/build/midibot_description/prefix_override:/home/bayrakt4rdem/ros2_ws/install/midibot_description/lib/python3.10/site-packages:${PYTHONPATH} /usr/bin/python3 -W ignore:setup.py install is deprecated setup.py egg_info --egg-base ../../build/midibot_description build --build-base /home/bayrakt4rdem/ros2_ws/build/midibot_description/build install --record /home/bayrakt4rdem/ros2_ws/build/midibot_description/install.log --install-scripts $base/lib/midibot_description --single-version-externally-managed install_data
[2.087s] DEBUG:colcon.colcon_core.event_handler.log_command:Invoking command in '/home/bayrakt4rdem/ros2_ws/src/my_py_pkg': PYTHONPATH=/home/bayrakt4rdem/ros2_ws/build/my_py_pkg/prefix_override:/home/bayrakt4rdem/ros2_ws/install/my_py_pkg/lib/python3.10/site-packages:${PYTHONPATH} /usr/bin/python3 -W ignore:setup.py install is deprecated setup.py egg_info --egg-base ../../build/my_py_pkg build --build-base /home/bayrakt4rdem/ros2_ws/build/my_py_pkg/build install --record /home/bayrakt4rdem/ros2_ws/build/my_py_pkg/install.log --single-version-externally-managed install_data
[2.427s] Level 1:colcon.colcon_core.environment:checking '/home/bayrakt4rdem/ros2_ws/install/my_py_pkg' for CMake module files
[2.428s] DEBUG:colcon.colcon_core.event_handler.log_command:Invoked command in '/home/bayrakt4rdem/ros2_ws/src/my_py_pkg' returned '0': PYTHONPATH=/home/bayrakt4rdem/ros2_ws/build/my_py_pkg/prefix_override:/home/bayrakt4rdem/ros2_ws/install/my_py_pkg/lib/python3.10/site-packages:${PYTHONPATH} /usr/bin/python3 -W ignore:setup.py install is deprecated setup.py egg_info --egg-base ../../build/my_py_pkg build --build-base /home/bayrakt4rdem/ros2_ws/build/my_py_pkg/build install --record /home/bayrakt4rdem/ros2_ws/build/my_py_pkg/install.log --single-version-externally-managed install_data
[2.428s] Level 1:colcon.colcon_core.environment:checking '/home/bayrakt4rdem/ros2_ws/install/my_py_pkg' for CMake config files
[2.429s] Level 1:colcon.colcon_core.environment:checking '/home/bayrakt4rdem/ros2_ws/install/my_py_pkg/lib'
[2.430s] Level 1:colcon.colcon_core.environment:checking '/home/bayrakt4rdem/ros2_ws/install/my_py_pkg/bin'
[2.430s] Level 1:colcon.colcon_core.environment:checking '/home/bayrakt4rdem/ros2_ws/install/my_py_pkg/lib/pkgconfig/my_py_pkg.pc'
[2.430s] Level 1:colcon.colcon_core.environment:checking '/home/bayrakt4rdem/ros2_ws/install/my_py_pkg/lib/python3.10/site-packages'
[2.430s] Level 1:colcon.colcon_core.shell:create_environment_hook('my_py_pkg', 'pythonpath')
[2.430s] INFO:colcon.colcon_core.shell:Creating environment hook '/home/bayrakt4rdem/ros2_ws/install/my_py_pkg/share/my_py_pkg/hook/pythonpath.ps1'
[2.434s] INFO:colcon.colcon_core.shell:Creating environment descriptor '/home/bayrakt4rdem/ros2_ws/install/my_py_pkg/share/my_py_pkg/hook/pythonpath.dsv'
[2.437s] INFO:colcon.colcon_core.shell:Creating environment hook '/home/bayrakt4rdem/ros2_ws/install/my_py_pkg/share/my_py_pkg/hook/pythonpath.sh'
[2.441s] Level 1:colcon.colcon_core.environment:checking '/home/bayrakt4rdem/ros2_ws/install/my_py_pkg/bin'
[2.441s] Level 1:colcon.colcon_core.environment:create_environment_scripts_only(my_py_pkg)
[2.441s] INFO:colcon.colcon_core.shell:Creating package script '/home/bayrakt4rdem/ros2_ws/install/my_py_pkg/share/my_py_pkg/package.ps1'
[2.445s] INFO:colcon.colcon_core.shell:Creating package descriptor '/home/bayrakt4rdem/ros2_ws/install/my_py_pkg/share/my_py_pkg/package.dsv'
[2.448s] INFO:colcon.colcon_core.shell:Creating package script '/home/bayrakt4rdem/ros2_ws/install/my_py_pkg/share/my_py_pkg/package.sh'
[2.451s] INFO:colcon.colcon_core.shell:Creating package script '/home/bayrakt4rdem/ros2_ws/install/my_py_pkg/share/my_py_pkg/package.bash'
[2.454s] INFO:colcon.colcon_core.shell:Creating package script '/home/bayrakt4rdem/ros2_ws/install/my_py_pkg/share/my_py_pkg/package.zsh'
[2.458s] Level 1:colcon.colcon_core.environment:create_file_with_runtime_dependencies(/home/bayrakt4rdem/ros2_ws/install/my_py_pkg/share/colcon-core/packages/my_py_pkg)
[2.461s] Level 1:colcon.colcon_core.environment:checking '/home/bayrakt4rdem/ros2_ws/install/midibot_description' for CMake module files
[2.462s] Level 1:colcon.colcon_core.environment:checking '/home/bayrakt4rdem/ros2_ws/install/midibot_description' for CMake config files
[2.463s] Level 1:colcon.colcon_core.environment:checking '/home/bayrakt4rdem/ros2_ws/install/midibot_description/lib'
[2.463s] Level 1:colcon.colcon_core.environment:checking '/home/bayrakt4rdem/ros2_ws/install/midibot_description/bin'
[2.463s] Level 1:colcon.colcon_core.environment:checking '/home/bayrakt4rdem/ros2_ws/install/midibot_description/lib/pkgconfig/midibot_description.pc'
[2.463s] Level 1:colcon.colcon_core.environment:checking '/home/bayrakt4rdem/ros2_ws/install/midibot_description/lib/python3.10/site-packages'
[2.463s] Level 1:colcon.colcon_core.shell:create_environment_hook('midibot_description', 'pythonpath')
[2.463s] INFO:colcon.colcon_core.shell:Creating environment hook '/home/bayrakt4rdem/ros2_ws/install/midibot_description/share/midibot_description/hook/pythonpath.ps1'
[2.464s] DEBUG:colcon.colcon_core.event_handler.log_command:Invoked command in '/home/bayrakt4rdem/ros2_ws/src/midibot_description' returned '0': PYTHONPATH=/home/bayrakt4rdem/ros2_ws/build/midibot_description/prefix_override:/home/bayrakt4rdem/ros2_ws/install/midibot_description/lib/python3.10/site-packages:${PYTHONPATH} /usr/bin/python3 -W ignore:setup.py install is deprecated setup.py egg_info --egg-base ../../build/midibot_description build --build-base /home/bayrakt4rdem/ros2_ws/build/midibot_description/build install --record /home/bayrakt4rdem/ros2_ws/build/midibot_description/install.log --install-scripts $base/lib/midibot_description --single-version-externally-managed install_data
[2.466s] INFO:colcon.colcon_core.shell:Creating environment descriptor '/home/bayrakt4rdem/ros2_ws/install/midibot_description/share/midibot_description/hook/pythonpath.dsv'
[2.469s] INFO:colcon.colcon_core.shell:Creating environment hook '/home/bayrakt4rdem/ros2_ws/install/midibot_description/share/midibot_description/hook/pythonpath.sh'
[2.472s] Level 1:colcon.colcon_core.environment:checking '/home/bayrakt4rdem/ros2_ws/install/midibot_description/bin'
[2.472s] Level 1:colcon.colcon_core.environment:create_environment_scripts_only(midibot_description)
[2.472s] INFO:colcon.colcon_core.shell:Creating package script '/home/bayrakt4rdem/ros2_ws/install/midibot_description/share/midibot_description/package.ps1'
[2.474s] INFO:colcon.colcon_core.shell:Creating package descriptor '/home/bayrakt4rdem/ros2_ws/install/midibot_description/share/midibot_description/package.dsv'
[2.477s] INFO:colcon.colcon_core.shell:Creating package script '/home/bayrakt4rdem/ros2_ws/install/midibot_description/share/midibot_description/package.sh'
[2.479s] INFO:colcon.colcon_core.shell:Creating package script '/home/bayrakt4rdem/ros2_ws/install/midibot_description/share/midibot_description/package.bash'
[2.482s] INFO:colcon.colcon_core.shell:Creating package script '/home/bayrakt4rdem/ros2_ws/install/midibot_description/share/midibot_description/package.zsh'
[2.484s] Level 1:colcon.colcon_core.environment:create_file_with_runtime_dependencies(/home/bayrakt4rdem/ros2_ws/install/midibot_description/share/colcon-core/packages/midibot_description)
[2.487s] DEBUG:colcon.colcon_parallel_executor.executor.parallel:closing loop
[2.487s] DEBUG:colcon.colcon_parallel_executor.executor.parallel:loop closed
[2.487s] DEBUG:colcon.colcon_parallel_executor.executor.parallel:run_until_complete finished with '0'
[2.487s] DEBUG:colcon.colcon_core.event_reactor:joining thread
[2.499s] INFO:colcon.colcon_core.plugin_system:Skipping extension 'colcon_notification.desktop_notification.terminal_notifier': Not used on non-Darwin systems
[2.499s] INFO:colcon.colcon_core.plugin_system:Skipping extension 'colcon_notification.desktop_notification.win32': Not used on non-Windows systems
[2.499s] INFO:colcon.colcon_notification.desktop_notification:Sending desktop notification using 'notify2'
[2.510s] DEBUG:colcon.colcon_core.event_reactor:joined thread
[2.511s] INFO:colcon.colcon_core.shell:Creating prefix script '/home/bayrakt4rdem/ros2_ws/install/local_setup.ps1'
[2.515s] INFO:colcon.colcon_core.shell:Creating prefix util module '/home/bayrakt4rdem/ros2_ws/install/_local_setup_util_ps1.py'
[2.519s] INFO:colcon.colcon_core.shell:Creating prefix chain script '/home/bayrakt4rdem/ros2_ws/install/setup.ps1'
[2.522s] INFO:colcon.colcon_core.shell:Creating prefix script '/home/bayrakt4rdem/ros2_ws/install/local_setup.sh'
[2.525s] INFO:colcon.colcon_core.shell:Creating prefix util module '/home/bayrakt4rdem/ros2_ws/install/_local_setup_util_sh.py'
[2.528s] INFO:colcon.colcon_core.shell:Creating prefix chain script '/home/bayrakt4rdem/ros2_ws/install/setup.sh'
[2.532s] INFO:colcon.colcon_core.shell:Creating prefix script '/home/bayrakt4rdem/ros2_ws/install/local_setup.bash'
[2.535s] INFO:colcon.colcon_core.shell:Creating prefix chain script '/home/bayrakt4rdem/ros2_ws/install/setup.bash'
[2.538s] INFO:colcon.colcon_core.shell:Creating prefix script '/home/bayrakt4rdem/ros2_ws/install/local_setup.zsh'
[2.541s] INFO:colcon.colcon_core.shell:Creating prefix chain script '/home/bayrakt4rdem/ros2_ws/install/setup.zsh'
