[1.420s] Invoking command in '/home/sarpdengizmen/ME462-MIDI/ros2_ws/src/py_pubsub': PYTHONPATH=/home/sarpdengizmen/ME462-MIDI/ros2_ws/build/py_pubsub/prefix_override:/home/sarpdengizmen/ME462-MIDI/ros2_ws/install/py_pubsub/lib/python3.10/site-packages:${PYTHONPATH} /usr/bin/python3 setup.py egg_info --egg-base ../../build/py_pubsub build --build-base /home/sarpdengizmen/ME462-MIDI/ros2_ws/build/py_pubsub/build install --record /home/sarpdengizmen/ME462-MIDI/ros2_ws/build/py_pubsub/install.log --single-version-externally-managed
[1.866s] running egg_info
[1.867s] writing ../../build/py_pubsub/py_pubsub.egg-info/PKG-INFO
[1.867s] writing dependency_links to ../../build/py_pubsub/py_pubsub.egg-info/dependency_links.txt
[1.867s] writing entry points to ../../build/py_pubsub/py_pubsub.egg-info/entry_points.txt
[1.868s] writing requirements to ../../build/py_pubsub/py_pubsub.egg-info/requires.txt
[1.868s] writing top-level names to ../../build/py_pubsub/py_pubsub.egg-info/top_level.txt
[1.872s] reading manifest file '../../build/py_pubsub/py_pubsub.egg-info/SOURCES.txt'
[1.873s] adding license file 'LICENSE'
[1.874s] writing manifest file '../../build/py_pubsub/py_pubsub.egg-info/SOURCES.txt'
[1.874s] running build
[1.874s] running build_py
[1.874s] copying py_pubsub/subscriber_member_function.py -> /home/sarpdengizmen/ME462-MIDI/ros2_ws/build/py_pubsub/build/lib/py_pubsub
[1.875s] running install
[1.876s] /usr/lib/python3/dist-packages/setuptools/command/install.py:34: SetuptoolsDeprecationWarning: setup.py install is deprecated. Use build and pip and other standards-based tools.
[1.876s]   warnings.warn(
[1.876s] running install_lib
[1.878s] copying /home/sarpdengizmen/ME462-MIDI/ros2_ws/build/py_pubsub/build/lib/py_pubsub/subscriber_member_function.py -> /home/sarpdengizmen/ME462-MIDI/ros2_ws/install/py_pubsub/lib/python3.10/site-packages/py_pubsub
[1.879s] byte-compiling /home/sarpdengizmen/ME462-MIDI/ros2_ws/install/py_pubsub/lib/python3.10/site-packages/py_pubsub/subscriber_member_function.py to subscriber_member_function.cpython-310.pyc
[1.880s] running install_data
[1.882s] running install_egg_info
[1.884s] removing '/home/sarpdengizmen/ME462-MIDI/ros2_ws/install/py_pubsub/lib/python3.10/site-packages/py_pubsub-0.0.0-py3.10.egg-info' (and everything under it)
[1.885s] Copying ../../build/py_pubsub/py_pubsub.egg-info to /home/sarpdengizmen/ME462-MIDI/ros2_ws/install/py_pubsub/lib/python3.10/site-packages/py_pubsub-0.0.0-py3.10.egg-info
[1.886s] running install_scripts
[1.918s] Installing listener script to /home/sarpdengizmen/ME462-MIDI/ros2_ws/install/py_pubsub/lib/py_pubsub
[1.918s] Installing talker script to /home/sarpdengizmen/ME462-MIDI/ros2_ws/install/py_pubsub/lib/py_pubsub
[1.919s] writing list of installed files to '/home/sarpdengizmen/ME462-MIDI/ros2_ws/build/py_pubsub/install.log'
[1.959s] Invoked command in '/home/sarpdengizmen/ME462-MIDI/ros2_ws/src/py_pubsub' returned '0': PYTHONPATH=/home/sarpdengizmen/ME462-MIDI/ros2_ws/build/py_pubsub/prefix_override:/home/sarpdengizmen/ME462-MIDI/ros2_ws/install/py_pubsub/lib/python3.10/site-packages:${PYTHONPATH} /usr/bin/python3 setup.py egg_info --egg-base ../../build/py_pubsub build --build-base /home/sarpdengizmen/ME462-MIDI/ros2_ws/build/py_pubsub/build install --record /home/sarpdengizmen/ME462-MIDI/ros2_ws/build/py_pubsub/install.log --single-version-externally-managed
