[1.252s] Invoking command in '/home/sarpdengizmen/ros2_ws/src/py_pubsub': PYTHONPATH=/home/sarpdengizmen/ros2_ws/build/py_pubsub/prefix_override:/home/sarpdengizmen/ros2_ws/install/py_pubsub/lib/python3.10/site-packages:${PYTHONPATH} /usr/bin/python3 setup.py egg_info --egg-base ../../build/py_pubsub build --build-base /home/sarpdengizmen/ros2_ws/build/py_pubsub/build install --record /home/sarpdengizmen/ros2_ws/build/py_pubsub/install.log --single-version-externally-managed
[1.624s] running egg_info
[1.625s] writing ../../build/py_pubsub/py_pubsub.egg-info/PKG-INFO
[1.626s] writing dependency_links to ../../build/py_pubsub/py_pubsub.egg-info/dependency_links.txt
[1.626s] writing entry points to ../../build/py_pubsub/py_pubsub.egg-info/entry_points.txt
[1.626s] writing requirements to ../../build/py_pubsub/py_pubsub.egg-info/requires.txt
[1.626s] writing top-level names to ../../build/py_pubsub/py_pubsub.egg-info/top_level.txt
[1.630s] reading manifest file '../../build/py_pubsub/py_pubsub.egg-info/SOURCES.txt'
[1.630s] adding license file 'LICENSE'
[1.632s] writing manifest file '../../build/py_pubsub/py_pubsub.egg-info/SOURCES.txt'
[1.632s] running build
[1.633s] running build_py
[1.633s] copying py_pubsub/serialcom.py -> /home/sarpdengizmen/ros2_ws/build/py_pubsub/build/lib/py_pubsub
[1.633s] copying py_pubsub/subscriber_member_function.py -> /home/sarpdengizmen/ros2_ws/build/py_pubsub/build/lib/py_pubsub
[1.634s] running install
[1.634s] /usr/lib/python3/dist-packages/setuptools/command/install.py:34: SetuptoolsDeprecationWarning: setup.py install is deprecated. Use build and pip and other standards-based tools.
[1.635s]   warnings.warn(
[1.635s] running install_lib
[1.637s] copying /home/sarpdengizmen/ros2_ws/build/py_pubsub/build/lib/py_pubsub/serialcom.py -> /home/sarpdengizmen/ros2_ws/install/py_pubsub/lib/python3.10/site-packages/py_pubsub
[1.637s] copying /home/sarpdengizmen/ros2_ws/build/py_pubsub/build/lib/py_pubsub/subscriber_member_function.py -> /home/sarpdengizmen/ros2_ws/install/py_pubsub/lib/python3.10/site-packages/py_pubsub
[1.638s] byte-compiling /home/sarpdengizmen/ros2_ws/install/py_pubsub/lib/python3.10/site-packages/py_pubsub/serialcom.py to serialcom.cpython-310.pyc
[1.639s] byte-compiling /home/sarpdengizmen/ros2_ws/install/py_pubsub/lib/python3.10/site-packages/py_pubsub/subscriber_member_function.py to subscriber_member_function.cpython-310.pyc
[1.640s] running install_data
[1.641s] running install_egg_info
[1.644s] removing '/home/sarpdengizmen/ros2_ws/install/py_pubsub/lib/python3.10/site-packages/py_pubsub-0.0.0-py3.10.egg-info' (and everything under it)
[1.645s] Copying ../../build/py_pubsub/py_pubsub.egg-info to /home/sarpdengizmen/ros2_ws/install/py_pubsub/lib/python3.10/site-packages/py_pubsub-0.0.0-py3.10.egg-info
[1.646s] running install_scripts
[1.679s] Installing listener script to /home/sarpdengizmen/ros2_ws/install/py_pubsub/lib/py_pubsub
[1.679s] Installing talker script to /home/sarpdengizmen/ros2_ws/install/py_pubsub/lib/py_pubsub
[1.680s] writing list of installed files to '/home/sarpdengizmen/ros2_ws/build/py_pubsub/install.log'
[1.714s] Invoked command in '/home/sarpdengizmen/ros2_ws/src/py_pubsub' returned '0': PYTHONPATH=/home/sarpdengizmen/ros2_ws/build/py_pubsub/prefix_override:/home/sarpdengizmen/ros2_ws/install/py_pubsub/lib/python3.10/site-packages:${PYTHONPATH} /usr/bin/python3 setup.py egg_info --egg-base ../../build/py_pubsub build --build-base /home/sarpdengizmen/ros2_ws/build/py_pubsub/build install --record /home/sarpdengizmen/ros2_ws/build/py_pubsub/install.log --single-version-externally-managed
