/home/bayrakt4rdem/ros2_ws/install/my_py_pkg/lib/python3.10/site-packages/my_py_pkg/__init__.py
/home/bayrakt4rdem/ros2_ws/install/my_py_pkg/lib/python3.10/site-packages/my_py_pkg/battery_publishernode.py
/home/bayrakt4rdem/ros2_ws/install/my_py_pkg/lib/python3.10/site-packages/my_py_pkg/serial_publisher.py
/home/bayrakt4rdem/ros2_ws/install/my_py_pkg/lib/python3.10/site-packages/my_py_pkg/template_subscribernode.py
/home/bayrakt4rdem/ros2_ws/install/my_py_pkg/lib/python3.10/site-packages/my_py_pkg/template_publishernode.py
/home/bayrakt4rdem/ros2_ws/install/my_py_pkg/lib/python3.10/site-packages/my_py_pkg/__pycache__/__init__.cpython-310.pyc
/home/bayrakt4rdem/ros2_ws/install/my_py_pkg/lib/python3.10/site-packages/my_py_pkg/__pycache__/battery_publishernode.cpython-310.pyc
/home/bayrakt4rdem/ros2_ws/install/my_py_pkg/lib/python3.10/site-packages/my_py_pkg/__pycache__/serial_publisher.cpython-310.pyc
/home/bayrakt4rdem/ros2_ws/install/my_py_pkg/lib/python3.10/site-packages/my_py_pkg/__pycache__/template_subscribernode.cpython-310.pyc
/home/bayrakt4rdem/ros2_ws/install/my_py_pkg/lib/python3.10/site-packages/my_py_pkg/__pycache__/template_publishernode.cpython-310.pyc
/home/bayrakt4rdem/ros2_ws/install/my_py_pkg/share/ament_index/resource_index/packages/my_py_pkg
/home/bayrakt4rdem/ros2_ws/install/my_py_pkg/share/my_py_pkg/package.xml
/home/bayrakt4rdem/ros2_ws/install/my_py_pkg/lib/python3.10/site-packages/my_py_pkg-0.0.0-py3.10.egg-info/PKG-INFO
/home/bayrakt4rdem/ros2_ws/install/my_py_pkg/lib/python3.10/site-packages/my_py_pkg-0.0.0-py3.10.egg-info/entry_points.txt
/home/bayrakt4rdem/ros2_ws/install/my_py_pkg/lib/python3.10/site-packages/my_py_pkg-0.0.0-py3.10.egg-info/dependency_links.txt
/home/bayrakt4rdem/ros2_ws/install/my_py_pkg/lib/python3.10/site-packages/my_py_pkg-0.0.0-py3.10.egg-info/zip-safe
/home/bayrakt4rdem/ros2_ws/install/my_py_pkg/lib/python3.10/site-packages/my_py_pkg-0.0.0-py3.10.egg-info/requires.txt
/home/bayrakt4rdem/ros2_ws/install/my_py_pkg/lib/python3.10/site-packages/my_py_pkg-0.0.0-py3.10.egg-info/SOURCES.txt
/home/bayrakt4rdem/ros2_ws/install/my_py_pkg/lib/python3.10/site-packages/my_py_pkg-0.0.0-py3.10.egg-info/top_level.txt
/home/bayrakt4rdem/ros2_ws/install/my_py_pkg/lib/my_py_pkg/battery_publishernode
/home/bayrakt4rdem/ros2_ws/install/my_py_pkg/lib/my_py_pkg/serial_publisher
/home/bayrakt4rdem/ros2_ws/install/my_py_pkg/lib/my_py_pkg/template_publishernode
/home/bayrakt4rdem/ros2_ws/install/my_py_pkg/lib/my_py_pkg/template_subscribernode
