/home/bayrakt4rdem/.local/lib/python3.10/site-packages/setuptools/dist.py:717: UserWarning: Usage of dash-separated 'script-dir' will not be supported in future versions. Please use the underscore name 'script_dir' instead
  warnings.warn(
running egg_info
creating ../../build/midibot_description/midibot_description.egg-info
writing ../../build/midibot_description/midibot_description.egg-info/PKG-INFO
writing dependency_links to ../../build/midibot_description/midibot_description.egg-info/dependency_links.txt
writing entry points to ../../build/midibot_description/midibot_description.egg-info/entry_points.txt
writing requirements to ../../build/midibot_description/midibot_description.egg-info/requires.txt
writing top-level names to ../../build/midibot_description/midibot_description.egg-info/top_level.txt
writing manifest file '../../build/midibot_description/midibot_description.egg-info/SOURCES.txt'
reading manifest file '../../build/midibot_description/midibot_description.egg-info/SOURCES.txt'
writing manifest file '../../build/midibot_description/midibot_description.egg-info/SOURCES.txt'
running build
running build_py
creating /home/bayrakt4rdem/ros2_ws/build/midibot_description/build
creating /home/bayrakt4rdem/ros2_ws/build/midibot_description/build/lib
creating /home/bayrakt4rdem/ros2_ws/build/midibot_description/build/lib/midibot_description
copying midibot_description/__init__.py -> /home/bayrakt4rdem/ros2_ws/build/midibot_description/build/lib/midibot_description
running install
running install_lib
creating /home/bayrakt4rdem/ros2_ws/install/midibot_description/lib/python3.10/site-packages/midibot_description
copying /home/bayrakt4rdem/ros2_ws/build/midibot_description/build/lib/midibot_description/__init__.py -> /home/bayrakt4rdem/ros2_ws/install/midibot_description/lib/python3.10/site-packages/midibot_description
byte-compiling /home/bayrakt4rdem/ros2_ws/install/midibot_description/lib/python3.10/site-packages/midibot_description/__init__.py to __init__.cpython-310.pyc
running install_data
creating /home/bayrakt4rdem/ros2_ws/install/midibot_description/share/ament_index
creating /home/bayrakt4rdem/ros2_ws/install/midibot_description/share/ament_index/resource_index
creating /home/bayrakt4rdem/ros2_ws/install/midibot_description/share/ament_index/resource_index/packages
copying resource/midibot_description -> /home/bayrakt4rdem/ros2_ws/install/midibot_description/share/ament_index/resource_index/packages
copying package.xml -> /home/bayrakt4rdem/ros2_ws/install/midibot_description/share/midibot_description
creating /home/bayrakt4rdem/ros2_ws/install/midibot_description/share/midibot_description/launch
copying launch/gazebo.launch.py -> /home/bayrakt4rdem/ros2_ws/install/midibot_description/share/midibot_description/launch
copying launch/display.launch.py -> /home/bayrakt4rdem/ros2_ws/install/midibot_description/share/midibot_description/launch
creating /home/bayrakt4rdem/ros2_ws/install/midibot_description/share/midibot_description/urdf
copying urdf/midibot.gazebo -> /home/bayrakt4rdem/ros2_ws/install/midibot_description/share/midibot_description/urdf
copying urdf/midibot.trans -> /home/bayrakt4rdem/ros2_ws/install/midibot_description/share/midibot_description/urdf
copying urdf/midibot.xacro -> /home/bayrakt4rdem/ros2_ws/install/midibot_description/share/midibot_description/urdf
copying urdf/materials.xacro -> /home/bayrakt4rdem/ros2_ws/install/midibot_description/share/midibot_description/urdf
creating /home/bayrakt4rdem/ros2_ws/install/midibot_description/share/midibot_description/meshes
copying meshes/back_wheel_1.stl -> /home/bayrakt4rdem/ros2_ws/install/midibot_description/share/midibot_description/meshes
copying meshes/base_link.stl -> /home/bayrakt4rdem/ros2_ws/install/midibot_description/share/midibot_description/meshes
copying meshes/right_wheel_1.stl -> /home/bayrakt4rdem/ros2_ws/install/midibot_description/share/midibot_description/meshes
copying meshes/left_wheel_1.stl -> /home/bayrakt4rdem/ros2_ws/install/midibot_description/share/midibot_description/meshes
creating /home/bayrakt4rdem/ros2_ws/install/midibot_description/share/midibot_description/config
copying config/display.rviz -> /home/bayrakt4rdem/ros2_ws/install/midibot_description/share/midibot_description/config
running install_egg_info
Copying ../../build/midibot_description/midibot_description.egg-info to /home/bayrakt4rdem/ros2_ws/install/midibot_description/lib/python3.10/site-packages/midibot_description-0.0.0-py3.10.egg-info
running install_scripts
writing list of installed files to '/home/bayrakt4rdem/ros2_ws/build/midibot_description/install.log'
