[0.029s] Invoking command in '/home/bayrakt4rdem/ros2_ws/build/articubot_one': CMAKE_PREFIX_PATH=${CMAKE_PREFIX_PATH}:/home/bayrakt4rdem/ros2_ws/install/my_py_pkg:/opt/ros/humble /usr/bin/cmake --build /home/bayrakt4rdem/ros2_ws/build/articubot_one -- -j12 -l12
[0.292s] Invoked command in '/home/bayrakt4rdem/ros2_ws/build/articubot_one' returned '0': CMAKE_PREFIX_PATH=${CMAKE_PREFIX_PATH}:/home/bayrakt4rdem/ros2_ws/install/my_py_pkg:/opt/ros/humble /usr/bin/cmake --build /home/bayrakt4rdem/ros2_ws/build/articubot_one -- -j12 -l12
[0.320s] Invoking command in '/home/bayrakt4rdem/ros2_ws/build/articubot_one': CMAKE_PREFIX_PATH=${CMAKE_PREFIX_PATH}:/home/bayrakt4rdem/ros2_ws/install/my_py_pkg:/opt/ros/humble /usr/bin/cmake --install /home/bayrakt4rdem/ros2_ws/build/articubot_one
[0.326s] -- Install configuration: ""
[0.326s] -- Up-to-date: /home/bayrakt4rdem/ros2_ws/install/articubot_one/share/articubot_one/config
[0.326s] -- Up-to-date: /home/bayrakt4rdem/ros2_ws/install/articubot_one/share/articubot_one/config/empty.yaml
[0.327s] -- Installing: /home/bayrakt4rdem/ros2_ws/install/articubot_one/share/articubot_one/config/view_bot.rviz
[0.327s] -- Up-to-date: /home/bayrakt4rdem/ros2_ws/install/articubot_one/share/articubot_one/description
[0.327s] -- Up-to-date: /home/bayrakt4rdem/ros2_ws/install/articubot_one/share/articubot_one/description/inertial_macros.xacro
[0.327s] -- Up-to-date: /home/bayrakt4rdem/ros2_ws/install/articubot_one/share/articubot_one/description/robot.urdf.xacro
[0.327s] -- Up-to-date: /home/bayrakt4rdem/ros2_ws/install/articubot_one/share/articubot_one/description/robot_core.xacro
[0.327s] -- Up-to-date: /home/bayrakt4rdem/ros2_ws/install/articubot_one/share/articubot_one/launch
[0.327s] -- Installing: /home/bayrakt4rdem/ros2_ws/install/articubot_one/share/articubot_one/launch/rsp.launch.py
[0.328s] -- Up-to-date: /home/bayrakt4rdem/ros2_ws/install/articubot_one/share/articubot_one/worlds
[0.328s] -- Up-to-date: /home/bayrakt4rdem/ros2_ws/install/articubot_one/share/articubot_one/worlds/empty.world
[0.328s] -- Up-to-date: /home/bayrakt4rdem/ros2_ws/install/articubot_one/share/ament_index/resource_index/package_run_dependencies/articubot_one
[0.328s] -- Up-to-date: /home/bayrakt4rdem/ros2_ws/install/articubot_one/share/ament_index/resource_index/parent_prefix_path/articubot_one
[0.328s] -- Up-to-date: /home/bayrakt4rdem/ros2_ws/install/articubot_one/share/articubot_one/environment/ament_prefix_path.sh
[0.328s] -- Up-to-date: /home/bayrakt4rdem/ros2_ws/install/articubot_one/share/articubot_one/environment/ament_prefix_path.dsv
[0.328s] -- Up-to-date: /home/bayrakt4rdem/ros2_ws/install/articubot_one/share/articubot_one/environment/path.sh
[0.328s] -- Up-to-date: /home/bayrakt4rdem/ros2_ws/install/articubot_one/share/articubot_one/environment/path.dsv
[0.328s] -- Up-to-date: /home/bayrakt4rdem/ros2_ws/install/articubot_one/share/articubot_one/local_setup.bash
[0.328s] -- Up-to-date: /home/bayrakt4rdem/ros2_ws/install/articubot_one/share/articubot_one/local_setup.sh
[0.328s] -- Up-to-date: /home/bayrakt4rdem/ros2_ws/install/articubot_one/share/articubot_one/local_setup.zsh
[0.328s] -- Up-to-date: /home/bayrakt4rdem/ros2_ws/install/articubot_one/share/articubot_one/local_setup.dsv
[0.328s] -- Installing: /home/bayrakt4rdem/ros2_ws/install/articubot_one/share/articubot_one/package.dsv
[0.328s] -- Up-to-date: /home/bayrakt4rdem/ros2_ws/install/articubot_one/share/ament_index/resource_index/packages/articubot_one
[0.328s] -- Up-to-date: /home/bayrakt4rdem/ros2_ws/install/articubot_one/share/articubot_one/cmake/articubot_oneConfig.cmake
[0.329s] -- Up-to-date: /home/bayrakt4rdem/ros2_ws/install/articubot_one/share/articubot_one/cmake/articubot_oneConfig-version.cmake
[0.329s] -- Up-to-date: /home/bayrakt4rdem/ros2_ws/install/articubot_one/share/articubot_one/package.xml
[0.332s] Invoked command in '/home/bayrakt4rdem/ros2_ws/build/articubot_one' returned '0': CMAKE_PREFIX_PATH=${CMAKE_PREFIX_PATH}:/home/bayrakt4rdem/ros2_ws/install/my_py_pkg:/opt/ros/humble /usr/bin/cmake --install /home/bayrakt4rdem/ros2_ws/build/articubot_one
