[1.946s] DEBUG:colcon:Command line arguments: ['/usr/bin/colcon', 'build', '--packages-select', 'py_pubsub']
[1.946s] DEBUG:colcon:Parsed command line arguments: Namespace(log_base=None, log_level=None, verb_name='build', build_base='build', install_base='install', merge_install=False, symlink_install=False, test_result_base=None, continue_on_error=False, executor='parallel', parallel_workers=4, event_handlers=None, ignore_user_meta=False, metas=['./colcon.meta'], base_paths=['.'], packages_ignore=None, packages_ignore_regex=None, paths=None, packages_up_to=None, packages_up_to_regex=None, packages_above=None, packages_above_and_dependencies=None, packages_above_depth=None, packages_select_by_dep=None, packages_skip_by_dep=None, packages_skip_up_to=None, packages_select_build_failed=False, packages_skip_build_finished=False, packages_select_test_failures=False, packages_skip_test_passed=False, packages_select=['py_pubsub'], packages_skip=None, packages_select_regex=None, packages_skip_regex=None, packages_start=None, packages_end=None, allow_overriding=[], cmake_args=None, cmake_target=None, cmake_target_skip_unavailable=False, cmake_clean_cache=False, cmake_clean_first=False, cmake_force_configure=False, ament_cmake_args=None, catkin_cmake_args=None, catkin_skip_building_tests=False, verb_parser=<colcon_defaults.argument_parser.defaults.DefaultArgumentsDecorator object at 0x7f000cf146d0>, verb_extension=<colcon_core.verb.build.BuildVerb object at 0x7f000df2ec80>, main=<bound method BuildVerb.main of <colcon_core.verb.build.BuildVerb object at 0x7f000df2ec80>>)
[2.039s] Level 1:colcon.colcon_core.package_discovery:discover_packages(colcon_meta) check parameters
[2.039s] Level 1:colcon.colcon_core.package_discovery:discover_packages(recursive) check parameters
[2.040s] Level 1:colcon.colcon_core.package_discovery:discover_packages(ignore) check parameters
[2.040s] Level 1:colcon.colcon_core.package_discovery:discover_packages(path) check parameters
[2.040s] Level 1:colcon.colcon_core.package_discovery:discover_packages(colcon_meta) discover
[2.040s] Level 1:colcon.colcon_core.package_discovery:discover_packages(recursive) discover
[2.040s] INFO:colcon.colcon_core.package_discovery:Crawling recursively for packages in '/home/sarpdengizmen/ME462-MIDI/ros2_ws'
[2.040s] Level 1:colcon.colcon_core.package_identification:_identify(.) by extensions ['ignore', 'ignore_ament_install']
[2.040s] Level 1:colcon.colcon_core.package_identification:_identify(.) by extension 'ignore'
[2.040s] Level 1:colcon.colcon_core.package_identification:_identify(.) by extension 'ignore_ament_install'
[2.040s] Level 1:colcon.colcon_core.package_identification:_identify(.) by extensions ['colcon_pkg']
[2.041s] Level 1:colcon.colcon_core.package_identification:_identify(.) by extension 'colcon_pkg'
[2.041s] Level 1:colcon.colcon_core.package_identification:_identify(.) by extensions ['colcon_meta']
[2.041s] Level 1:colcon.colcon_core.package_identification:_identify(.) by extension 'colcon_meta'
[2.041s] Level 1:colcon.colcon_core.package_identification:_identify(.) by extensions ['ros']
[2.041s] Level 1:colcon.colcon_core.package_identification:_identify(.) by extension 'ros'
[2.068s] Level 1:colcon.colcon_core.package_identification:_identify(.) by extensions ['cmake', 'python']
[2.069s] Level 1:colcon.colcon_core.package_identification:_identify(.) by extension 'cmake'
[2.069s] Level 1:colcon.colcon_core.package_identification:_identify(.) by extension 'python'
[2.069s] Level 1:colcon.colcon_core.package_identification:_identify(.) by extensions ['python_setup_py']
[2.069s] Level 1:colcon.colcon_core.package_identification:_identify(.) by extension 'python_setup_py'
[2.069s] Level 1:colcon.colcon_core.package_identification:_identify(build) by extensions ['ignore', 'ignore_ament_install']
[2.069s] Level 1:colcon.colcon_core.package_identification:_identify(build) by extension 'ignore'
[2.069s] Level 1:colcon.colcon_core.package_identification:_identify(build) ignored
[2.069s] Level 1:colcon.colcon_core.package_identification:_identify(install) by extensions ['ignore', 'ignore_ament_install']
[2.069s] Level 1:colcon.colcon_core.package_identification:_identify(install) by extension 'ignore'
[2.070s] Level 1:colcon.colcon_core.package_identification:_identify(install) ignored
[2.070s] Level 1:colcon.colcon_core.package_identification:_identify(log) by extensions ['ignore', 'ignore_ament_install']
[2.070s] Level 1:colcon.colcon_core.package_identification:_identify(log) by extension 'ignore'
[2.070s] Level 1:colcon.colcon_core.package_identification:_identify(log) ignored
[2.070s] Level 1:colcon.colcon_core.package_identification:_identify(src) by extensions ['ignore', 'ignore_ament_install']
[2.070s] Level 1:colcon.colcon_core.package_identification:_identify(src) by extension 'ignore'
[2.070s] Level 1:colcon.colcon_core.package_identification:_identify(src) by extension 'ignore_ament_install'
[2.070s] Level 1:colcon.colcon_core.package_identification:_identify(src) by extensions ['colcon_pkg']
[2.070s] Level 1:colcon.colcon_core.package_identification:_identify(src) by extension 'colcon_pkg'
[2.070s] Level 1:colcon.colcon_core.package_identification:_identify(src) by extensions ['colcon_meta']
[2.070s] Level 1:colcon.colcon_core.package_identification:_identify(src) by extension 'colcon_meta'
[2.070s] Level 1:colcon.colcon_core.package_identification:_identify(src) by extensions ['ros']
[2.071s] Level 1:colcon.colcon_core.package_identification:_identify(src) by extension 'ros'
[2.071s] Level 1:colcon.colcon_core.package_identification:_identify(src) by extensions ['cmake', 'python']
[2.071s] Level 1:colcon.colcon_core.package_identification:_identify(src) by extension 'cmake'
[2.071s] Level 1:colcon.colcon_core.package_identification:_identify(src) by extension 'python'
[2.071s] Level 1:colcon.colcon_core.package_identification:_identify(src) by extensions ['python_setup_py']
[2.071s] Level 1:colcon.colcon_core.package_identification:_identify(src) by extension 'python_setup_py'
[2.071s] Level 1:colcon.colcon_core.package_identification:_identify(src/py_pubsub) by extensions ['ignore', 'ignore_ament_install']
[2.071s] Level 1:colcon.colcon_core.package_identification:_identify(src/py_pubsub) by extension 'ignore'
[2.071s] Level 1:colcon.colcon_core.package_identification:_identify(src/py_pubsub) by extension 'ignore_ament_install'
[2.071s] Level 1:colcon.colcon_core.package_identification:_identify(src/py_pubsub) by extensions ['colcon_pkg']
[2.071s] Level 1:colcon.colcon_core.package_identification:_identify(src/py_pubsub) by extension 'colcon_pkg'
[2.071s] Level 1:colcon.colcon_core.package_identification:_identify(src/py_pubsub) by extensions ['colcon_meta']
[2.071s] Level 1:colcon.colcon_core.package_identification:_identify(src/py_pubsub) by extension 'colcon_meta'
[2.071s] Level 1:colcon.colcon_core.package_identification:_identify(src/py_pubsub) by extensions ['ros']
[2.071s] Level 1:colcon.colcon_core.package_identification:_identify(src/py_pubsub) by extension 'ros'
[2.076s] DEBUG:colcon.colcon_core.package_identification:Package 'src/py_pubsub' with type 'ros.ament_python' and name 'py_pubsub'
[2.076s] Level 1:colcon.colcon_core.package_discovery:discover_packages(recursive) using defaults
[2.076s] Level 1:colcon.colcon_core.package_discovery:discover_packages(ignore) discover
[2.076s] Level 1:colcon.colcon_core.package_discovery:discover_packages(ignore) using defaults
[2.076s] Level 1:colcon.colcon_core.package_discovery:discover_packages(path) discover
[2.076s] Level 1:colcon.colcon_core.package_discovery:discover_packages(path) using defaults
[2.242s] Level 1:colcon.colcon_core.package_discovery:discover_packages(prefix_path) check parameters
[2.242s] Level 1:colcon.colcon_core.package_discovery:discover_packages(prefix_path) discover
[2.298s] DEBUG:colcon.colcon_installed_package_information.package_discovery:Found 295 installed packages in /opt/ros/iron
[2.313s] Level 1:colcon.colcon_core.package_discovery:discover_packages(prefix_path) using defaults
[2.443s] Level 5:colcon.colcon_core.verb:set package 'py_pubsub' build argument 'cmake_args' from command line to 'None'
[2.443s] Level 5:colcon.colcon_core.verb:set package 'py_pubsub' build argument 'cmake_target' from command line to 'None'
[2.443s] Level 5:colcon.colcon_core.verb:set package 'py_pubsub' build argument 'cmake_target_skip_unavailable' from command line to 'False'
[2.443s] Level 5:colcon.colcon_core.verb:set package 'py_pubsub' build argument 'cmake_clean_cache' from command line to 'False'
[2.443s] Level 5:colcon.colcon_core.verb:set package 'py_pubsub' build argument 'cmake_clean_first' from command line to 'False'
[2.443s] Level 5:colcon.colcon_core.verb:set package 'py_pubsub' build argument 'cmake_force_configure' from command line to 'False'
[2.443s] Level 5:colcon.colcon_core.verb:set package 'py_pubsub' build argument 'ament_cmake_args' from command line to 'None'
[2.443s] Level 5:colcon.colcon_core.verb:set package 'py_pubsub' build argument 'catkin_cmake_args' from command line to 'None'
[2.443s] Level 5:colcon.colcon_core.verb:set package 'py_pubsub' build argument 'catkin_skip_building_tests' from command line to 'False'
[2.443s] DEBUG:colcon.colcon_core.verb:Building package 'py_pubsub' with the following arguments: {'ament_cmake_args': None, 'build_base': '/home/sarpdengizmen/ME462-MIDI/ros2_ws/build/py_pubsub', 'catkin_cmake_args': None, 'catkin_skip_building_tests': False, 'cmake_args': None, 'cmake_clean_cache': False, 'cmake_clean_first': False, 'cmake_force_configure': False, 'cmake_target': None, 'cmake_target_skip_unavailable': False, 'install_base': '/home/sarpdengizmen/ME462-MIDI/ros2_ws/install/py_pubsub', 'merge_install': False, 'path': '/home/sarpdengizmen/ME462-MIDI/ros2_ws/src/py_pubsub', 'symlink_install': False, 'test_result_base': None}
[2.469s] INFO:colcon.colcon_core.executor:Executing jobs using 'parallel' executor
[2.496s] DEBUG:colcon.colcon_parallel_executor.executor.parallel:run_until_complete
[2.496s] INFO:colcon.colcon_ros.task.ament_python.build:Building ROS package in '/home/sarpdengizmen/ME462-MIDI/ros2_ws/src/py_pubsub' with build type 'ament_python'
[2.496s] Level 1:colcon.colcon_core.shell:create_environment_hook('py_pubsub', 'ament_prefix_path')
[2.536s] INFO:colcon.colcon_core.plugin_system:Skipping extension 'colcon_core.shell.bat': Not used on non-Windows systems
[2.536s] INFO:colcon.colcon_core.shell:Creating environment hook '/home/sarpdengizmen/ME462-MIDI/ros2_ws/install/py_pubsub/share/py_pubsub/hook/ament_prefix_path.ps1'
[2.539s] INFO:colcon.colcon_core.shell:Creating environment descriptor '/home/sarpdengizmen/ME462-MIDI/ros2_ws/install/py_pubsub/share/py_pubsub/hook/ament_prefix_path.dsv'
[2.541s] INFO:colcon.colcon_core.shell:Creating environment hook '/home/sarpdengizmen/ME462-MIDI/ros2_ws/install/py_pubsub/share/py_pubsub/hook/ament_prefix_path.sh'
[2.587s] INFO:colcon.colcon_core.shell:Skip shell extension 'powershell' for command environment: Not usable outside of PowerShell
[2.587s] DEBUG:colcon.colcon_core.shell:Skip shell extension 'dsv' for command environment
[3.139s] INFO:colcon.colcon_core.task.python.build:Building Python package in '/home/sarpdengizmen/ME462-MIDI/ros2_ws/src/py_pubsub'
[3.164s] INFO:colcon.colcon_core.shell:Skip shell extension 'powershell' for command environment: Not usable outside of PowerShell
[3.165s] DEBUG:colcon.colcon_core.shell:Skip shell extension 'dsv' for command environment
[3.917s] DEBUG:colcon.colcon_core.event_handler.log_command:Invoking command in '/home/sarpdengizmen/ME462-MIDI/ros2_ws/src/py_pubsub': PYTHONPATH=/home/sarpdengizmen/ME462-MIDI/ros2_ws/build/py_pubsub/prefix_override:/home/sarpdengizmen/ME462-MIDI/ros2_ws/install/py_pubsub/lib/python3.10/site-packages:${PYTHONPATH} /usr/bin/python3 setup.py egg_info --egg-base ../../build/py_pubsub build --build-base /home/sarpdengizmen/ME462-MIDI/ros2_ws/build/py_pubsub/build install --record /home/sarpdengizmen/ME462-MIDI/ros2_ws/build/py_pubsub/install.log --single-version-externally-managed
[4.456s] DEBUG:colcon.colcon_core.event_handler.log_command:Invoked command in '/home/sarpdengizmen/ME462-MIDI/ros2_ws/src/py_pubsub' returned '0': PYTHONPATH=/home/sarpdengizmen/ME462-MIDI/ros2_ws/build/py_pubsub/prefix_override:/home/sarpdengizmen/ME462-MIDI/ros2_ws/install/py_pubsub/lib/python3.10/site-packages:${PYTHONPATH} /usr/bin/python3 setup.py egg_info --egg-base ../../build/py_pubsub build --build-base /home/sarpdengizmen/ME462-MIDI/ros2_ws/build/py_pubsub/build install --record /home/sarpdengizmen/ME462-MIDI/ros2_ws/build/py_pubsub/install.log --single-version-externally-managed
[4.490s] Level 1:colcon.colcon_core.environment:checking '/home/sarpdengizmen/ME462-MIDI/ros2_ws/install/py_pubsub' for CMake module files
[4.491s] Level 1:colcon.colcon_core.environment:checking '/home/sarpdengizmen/ME462-MIDI/ros2_ws/install/py_pubsub' for CMake config files
[4.492s] Level 1:colcon.colcon_core.environment:checking '/home/sarpdengizmen/ME462-MIDI/ros2_ws/install/py_pubsub/lib'
[4.492s] Level 1:colcon.colcon_core.environment:checking '/home/sarpdengizmen/ME462-MIDI/ros2_ws/install/py_pubsub/bin'
[4.492s] Level 1:colcon.colcon_core.environment:checking '/home/sarpdengizmen/ME462-MIDI/ros2_ws/install/py_pubsub/lib/pkgconfig/py_pubsub.pc'
[4.493s] Level 1:colcon.colcon_core.environment:checking '/home/sarpdengizmen/ME462-MIDI/ros2_ws/install/py_pubsub/lib/python3.10/site-packages'
[4.493s] Level 1:colcon.colcon_core.shell:create_environment_hook('py_pubsub', 'pythonpath')
[4.520s] INFO:colcon.colcon_core.shell:Creating environment hook '/home/sarpdengizmen/ME462-MIDI/ros2_ws/install/py_pubsub/share/py_pubsub/hook/pythonpath.ps1'
[4.521s] INFO:colcon.colcon_core.shell:Creating environment descriptor '/home/sarpdengizmen/ME462-MIDI/ros2_ws/install/py_pubsub/share/py_pubsub/hook/pythonpath.dsv'
[4.522s] INFO:colcon.colcon_core.shell:Creating environment hook '/home/sarpdengizmen/ME462-MIDI/ros2_ws/install/py_pubsub/share/py_pubsub/hook/pythonpath.sh'
[4.522s] Level 1:colcon.colcon_core.environment:checking '/home/sarpdengizmen/ME462-MIDI/ros2_ws/install/py_pubsub/bin'
[4.522s] Level 1:colcon.colcon_core.environment:create_environment_scripts_only(py_pubsub)
[4.550s] INFO:colcon.colcon_core.shell:Creating package script '/home/sarpdengizmen/ME462-MIDI/ros2_ws/install/py_pubsub/share/py_pubsub/package.ps1'
[4.552s] INFO:colcon.colcon_core.shell:Creating package descriptor '/home/sarpdengizmen/ME462-MIDI/ros2_ws/install/py_pubsub/share/py_pubsub/package.dsv'
[4.553s] INFO:colcon.colcon_core.shell:Creating package script '/home/sarpdengizmen/ME462-MIDI/ros2_ws/install/py_pubsub/share/py_pubsub/package.sh'
[4.554s] INFO:colcon.colcon_core.shell:Creating package script '/home/sarpdengizmen/ME462-MIDI/ros2_ws/install/py_pubsub/share/py_pubsub/package.bash'
[4.556s] INFO:colcon.colcon_core.shell:Creating package script '/home/sarpdengizmen/ME462-MIDI/ros2_ws/install/py_pubsub/share/py_pubsub/package.zsh'
[4.557s] Level 1:colcon.colcon_core.environment:create_file_with_runtime_dependencies(/home/sarpdengizmen/ME462-MIDI/ros2_ws/install/py_pubsub/share/colcon-core/packages/py_pubsub)
[4.557s] DEBUG:colcon.colcon_parallel_executor.executor.parallel:closing loop
[4.558s] DEBUG:colcon.colcon_parallel_executor.executor.parallel:loop closed
[4.558s] DEBUG:colcon.colcon_parallel_executor.executor.parallel:run_until_complete finished with '0'
[4.558s] DEBUG:colcon.colcon_core.event_reactor:joining thread
[4.603s] INFO:colcon.colcon_core.plugin_system:Skipping extension 'colcon_notification.desktop_notification.notify_send': Could not find 'notify-send'
[4.603s] INFO:colcon.colcon_core.plugin_system:Skipping extension 'colcon_notification.desktop_notification.terminal_notifier': Not used on non-Darwin systems
[4.604s] INFO:colcon.colcon_core.plugin_system:Skipping extension 'colcon_notification.desktop_notification.win32': Not used on non-Windows systems
[4.604s] INFO:colcon.colcon_notification.desktop_notification:Sending desktop notification using 'notify2'
[4.622s] DEBUG:colcon.colcon_core.event_reactor:joined thread
[4.652s] INFO:colcon.colcon_core.shell:Creating prefix script '/home/sarpdengizmen/ME462-MIDI/ros2_ws/install/local_setup.ps1'
[4.654s] INFO:colcon.colcon_core.shell:Creating prefix util module '/home/sarpdengizmen/ME462-MIDI/ros2_ws/install/_local_setup_util_ps1.py'
[4.656s] INFO:colcon.colcon_core.shell:Creating prefix chain script '/home/sarpdengizmen/ME462-MIDI/ros2_ws/install/setup.ps1'
[4.691s] INFO:colcon.colcon_core.shell:Creating prefix script '/home/sarpdengizmen/ME462-MIDI/ros2_ws/install/local_setup.sh'
[4.692s] INFO:colcon.colcon_core.shell:Creating prefix util module '/home/sarpdengizmen/ME462-MIDI/ros2_ws/install/_local_setup_util_sh.py'
[4.693s] INFO:colcon.colcon_core.shell:Creating prefix chain script '/home/sarpdengizmen/ME462-MIDI/ros2_ws/install/setup.sh'
[4.724s] INFO:colcon.colcon_core.shell:Creating prefix script '/home/sarpdengizmen/ME462-MIDI/ros2_ws/install/local_setup.bash'
[4.725s] INFO:colcon.colcon_core.shell:Creating prefix chain script '/home/sarpdengizmen/ME462-MIDI/ros2_ws/install/setup.bash'
[4.753s] INFO:colcon.colcon_core.shell:Creating prefix script '/home/sarpdengizmen/ME462-MIDI/ros2_ws/install/local_setup.zsh'
[4.754s] INFO:colcon.colcon_core.shell:Creating prefix chain script '/home/sarpdengizmen/ME462-MIDI/ros2_ws/install/setup.zsh'
