STEP to UG
! INFO-     NX STEP AP214 - V2206.8101
! INFO-      
! INFO-     Start of Translation: 24-DEC-2023  4:15:12 AM
! INFO-      
! STATUS-   Converting Part: C:\Users\furka\Desktop\car assembly v2\Battery_plug v2.step
! SUMMARY-   
! SUMMARY-    STEP Header Information
! SUMMARY-   
! SUMMARY-  Description      Unknown
! SUMMARY-  Imp_Level        2;1
! SUMMARY-  File_Name        Battery_plug v2.step
! SUMMARY-  Date             2023-06-01T22:50:59+03:00
! SUMMARY-  Author           Unknown
! SUMMARY-  Organization     Unknown
! SUMMARY-  Pre_Version      ST-DEVELOPER v19.2
! SUMMARY-  Orig_System      Autodesk Translation Framework v12.4.0.73
! SUMMARY-  Authorization    Unknown
! SUMMARY-  Schema_ID        automotive_design
! SUMMARY-   
! SUMMARY-    Summary of STEP Entities
! SUMMARY-   
! SUMMARY-  Entity Type                                                   Count
! SUMMARY-  -----------                                                   ------
! SUMMARY-  advanced_face ..............................................:     28
! SUMMARY-  application_context ........................................:      1
! SUMMARY-  axis2_placement_3d .........................................:     41
! SUMMARY-  cartesian_point ............................................:    143
! SUMMARY-  circle .....................................................:     12
! SUMMARY-  closed_shell ...............................................:      1
! SUMMARY-  cylindrical_surface ........................................:      6
! SUMMARY-  direction ..................................................:    140
! SUMMARY-  edge_curve .................................................:     70
! SUMMARY-  edge_loop ..................................................:     36
! SUMMARY-  face_bound .................................................:      8
! SUMMARY-  face_outer_bound ...........................................:     28
! SUMMARY-  geometric_representation_context_and_global_uncertainty_a ..:      2
! SUMMARY-  length_unit_and_si_unit ....................................:      1
! SUMMARY-  line .......................................................:     58
! SUMMARY-  manifold_solid_brep ........................................:      1
! SUMMARY-  oriented_edge ..............................................:    140
! SUMMARY-  plane ......................................................:     22
! SUMMARY-  plane_angle_unit_and_si_unit ...............................:      1
! SUMMARY-  product ....................................................:      1
! SUMMARY-  product_context ............................................:      1
! SUMMARY-  product_definition .........................................:      1
! SUMMARY-  product_definition_context .................................:      1
! SUMMARY-  product_definition_formation ...............................:      1
! SUMMARY-  product_definition_shape ...................................:      1
! SUMMARY-  product_related_product_category ...........................:      1
! SUMMARY-  si_unit_and_solid_angle_unit ...............................:      1
! SUMMARY-  uncertainty_measure_with_unit ..............................:      2
! SUMMARY-  vector .....................................................:     58
! SUMMARY-  vertex_point ...............................................:     44
! SUMMARY-                                                               -------
! SUMMARY-  Total                                                            851
! STATUS-    
! STATUS-   Converting to Output Form (Phase 2 of 3): 24-DEC-2023 4:15:12 AM
! STATUS-    
! STATUS-    
! STATUS-   Generating UG geometry and placing them in parts
! STATUS-    
! STATUS-   Creating the UG part (Phase 3 of 3): 24-DEC-2023  4:15:12 AM
! INFO-     Filing Part ..: C:\Users\furka\Desktop\car assembly v2\Battery_plug v2_step.prt
! SUMMARY-   
! SUMMARY-  Summary of Unigraphics Part Entities
! SUMMARY-   
! SUMMARY-  Entities Processed             Count
! SUMMARY-  ------------------             -----
! SUMMARY-  Solid .......................:     1
! SUMMARY-                                 -----
! SUMMARY-  Total                              1
! INFO-      
! INFO-     Total number of solids input for this translation       :         1
! INFO-      
! INFO-     Number of solids created without body validation faults :         1
! INFO-      
! INFO-     Number of solids created with body validation fault(s)  :         0
! INFO-      
! INFO-     Number of solids ending up as sheet bodies              :         0
! INFO-      
! INFO-     End of Translation: 24-DEC-2023  4:15:12 AM
! INFO-      
