STEP to UG
! INFO-     NX STEP AP214 - V2206.8101
! INFO-      
! INFO-     Start of Translation: 25-DEC-2023  2:20:17 AM
! INFO-      
! STATUS-   Converting Part: C:\Users\furka\Desktop\car assembly v2\hc-sr04.step
! SUMMARY-   
! SUMMARY-    STEP Header Information
! SUMMARY-   
! SUMMARY-  Description      FreeCAD Model
! SUMMARY-  Imp_Level        2;1
! SUMMARY-  File_Name        Open CASCADE Shape Model
! SUMMARY-  Date             2023-05-29T09:46:00
! SUMMARY-  Author           Unknown
! SUMMARY-  Organization     Unknown
! SUMMARY-  Pre_Version      Open CASCADE STEP processor 7.6
! SUMMARY-  Orig_System      FreeCAD
! SUMMARY-  Authorization    Unknown
! SUMMARY-  Schema_ID        automotive_design
! SUMMARY-   
! SUMMARY-    Summary of STEP Entities
! SUMMARY-   
! SUMMARY-  Entity Type                                                   Count
! SUMMARY-  -----------                                                   ------
! SUMMARY-  advanced_brep_shape_representation .........................:      5
! SUMMARY-  advanced_face ..............................................:   6488
! SUMMARY-  application_context ........................................:      1
! SUMMARY-  axis2_placement_2d .........................................:    246
! SUMMARY-  axis2_placement_3d .........................................:   6721
! SUMMARY-  b_spline_curve_with_knots ..................................:  19078
! SUMMARY-  b_spline_curve_with_knots_and_rational_b_spline_curve ......:    292
! SUMMARY-  cartesian_point ............................................: 109224
! SUMMARY-  circle .....................................................:    829
! SUMMARY-  closed_shell ...............................................:      5
! SUMMARY-  conical_surface ............................................:      8
! SUMMARY-  context_dependent_shape_representation .....................:      5
! SUMMARY-  cylindrical_surface ........................................:    270
! SUMMARY-  definitional_representation ................................:  38102
! SUMMARY-  direction ..................................................:  51354
! SUMMARY-  edge_curve .................................................:  19051
! SUMMARY-  edge_loop ..................................................:   9366
! SUMMARY-  face_bound .................................................:   9366
! SUMMARY-  geometric_representation_context_and_global_uncertainty_a ..:      6
! SUMMARY-  item_defined_transformation ................................:      5
! SUMMARY-  length_unit_and_si_unit ....................................:      6
! SUMMARY-  line .......................................................:  37310
! SUMMARY-  manifold_solid_brep ........................................:      5
! SUMMARY-  next_assembly_usage_occurrence .............................:      5
! SUMMARY-  oriented_edge ..............................................:  38102
! SUMMARY-  pcurve .....................................................:  38102
! SUMMARY-  plane ......................................................:   5838
! SUMMARY-  plane_angle_unit_and_si_unit ...............................:      6
! SUMMARY-  product ....................................................:      6
! SUMMARY-  product_context ............................................:      6
! SUMMARY-  product_definition .........................................:      6
! SUMMARY-  product_definition_context .................................:      6
! SUMMARY-  product_definition_formation ...............................:      6
! SUMMARY-  product_definition_shape ...................................:     11
! SUMMARY-  product_related_product_category ...........................:      6
! SUMMARY-  representation_relationship_with_transformation_and_shape ..:      5
! SUMMARY-  seam_curve .................................................:     70
! SUMMARY-  shape_representation .......................................:      1
! SUMMARY-  si_unit_and_solid_angle_unit ...............................:      6
! SUMMARY-  spherical_surface ..........................................:      2
! SUMMARY-  surface_curve ..............................................:  18981
! SUMMARY-  surface_of_linear_extrusion ................................:    356
! SUMMARY-  toroidal_surface ...........................................:     14
! SUMMARY-  uncertainty_measure_with_unit ..............................:      6
! SUMMARY-  vector .....................................................:  37666
! SUMMARY-  vertex_point ...............................................:  12675
! SUMMARY-                                                               -------
! SUMMARY-  Total                                                         459625
! STATUS-    
! STATUS-   Converting to Output Form (Phase 2 of 3): 25-DEC-2023 2:20:20 AM
! STATUS-    
! STATUS-    
! STATUS-   Generating UG geometry and placing them in parts
! STATUS-    
! STATUS-   Creating the UG part (Phase 3 of 3): 25-DEC-2023  2:20:29 AM
! INFO-     Filing Part ..: C:\Users\furka\Desktop\car assembly v2\HC_SR04_gitter_002
! SUMMARY-   
! SUMMARY-  Summary of Unigraphics Part Entities
! SUMMARY-   
! SUMMARY-  Entities Processed             Count
! SUMMARY-  ------------------             -----
! SUMMARY-  Solid .......................:     1
! SUMMARY-                                 -----
! SUMMARY-  Total                              1
! STATUS-   Creating the UG part (Phase 3 of 3): 25-DEC-2023  2:20:30 AM
! INFO-     Filing Part ..: C:\Users\furka\Desktop\car assembly v2\HC_SR04_gitter_001
! SUMMARY-   
! SUMMARY-  Summary of Unigraphics Part Entities
! SUMMARY-   
! SUMMARY-  Entities Processed             Count
! SUMMARY-  ------------------             -----
! SUMMARY-  Solid .......................:     1
! SUMMARY-                                 -----
! SUMMARY-  Total                              1
! STATUS-   Creating the UG part (Phase 3 of 3): 25-DEC-2023  2:20:31 AM
! INFO-     Filing Part ..: C:\Users\furka\Desktop\car assembly v2\Pins_4fach_90Grad_001
! SUMMARY-   
! SUMMARY-  Summary of Unigraphics Part Entities
! SUMMARY-   
! SUMMARY-  Entities Processed             Count
! SUMMARY-  ------------------             -----
! SUMMARY-  Solid .......................:     1
! SUMMARY-                                 -----
! SUMMARY-  Total                              1
! STATUS-   Creating the UG part (Phase 3 of 3): 25-DEC-2023  2:20:32 AM
! INFO-     Filing Part ..: C:\Users\furka\Desktop\car assembly v2\Platine
! SUMMARY-   
! SUMMARY-  Summary of Unigraphics Part Entities
! SUMMARY-   
! SUMMARY-  Entities Processed             Count
! SUMMARY-  ------------------             -----
! SUMMARY-  Solid .......................:     1
! SUMMARY-                                 -----
! SUMMARY-  Total                              1
! STATUS-   Creating the UG part (Phase 3 of 3): 25-DEC-2023  2:20:32 AM
! INFO-     Filing Part ..: C:\Users\furka\Desktop\car assembly v2\Quarz
! SUMMARY-   
! SUMMARY-  Summary of Unigraphics Part Entities
! SUMMARY-   
! SUMMARY-  Entities Processed             Count
! SUMMARY-  ------------------             -----
! SUMMARY-  Solid .......................:     1
! SUMMARY-                                 -----
! SUMMARY-  Total                              1
! STATUS-   Creating the UG part (Phase 3 of 3): 25-DEC-2023  2:20:32 AM
! INFO-     Filing Part ..: C:\Users\furka\Desktop\car assembly v2\hc-sr04_step.prt
! SUMMARY-   
! SUMMARY-  Summary of Unigraphics Part Entities
! SUMMARY-   
! SUMMARY-  Entities Processed             Count
! SUMMARY-  ------------------             -----
! SUMMARY-  Component ...................:     5
! SUMMARY-                                 -----
! SUMMARY-  Total                              5
! INFO-      
! INFO-     Total number of solids input for this translation       :         5
! INFO-      
! INFO-     Number of solids created without body validation faults :         5
! INFO-      
! INFO-     Number of solids created with body validation fault(s)  :         0
! INFO-      
! INFO-     Number of solids ending up as sheet bodies              :         0
! INFO-      
! INFO-     End of Translation: 25-DEC-2023  2:20:32 AM
! INFO-      
