STEP to UG
! INFO-     NX STEP AP214 - V2206.8101
! INFO-      
! INFO-     Start of Translation: 24-DEC-2023  4:12:48 AM
! INFO-      
! STATUS-   Converting Part: C:\Users\furka\Desktop\car assembly v2\Makita Battery Mounting 05b v2 v8.step
! SUMMARY-   
! SUMMARY-    STEP Header Information
! SUMMARY-   
! SUMMARY-  Description      Unknown
! SUMMARY-  Imp_Level        2;1
! SUMMARY-  File_Name        Makita Battery Mounting 05b v2 v8.step
! SUMMARY-  Date             2023-06-01T22:50:33+03:00
! SUMMARY-  Author           Unknown
! SUMMARY-  Organization     Unknown
! SUMMARY-  Pre_Version      ST-DEVELOPER v19.2
! SUMMARY-  Orig_System      Autodesk Translation Framework v12.4.0.73
! SUMMARY-  Authorization    Unknown
! SUMMARY-  Schema_ID        automotive_design
! SUMMARY-   
! SUMMARY-    Summary of STEP Entities
! SUMMARY-   
! SUMMARY-  Entity Type                                                   Count
! SUMMARY-  -----------                                                   ------
! SUMMARY-  advanced_face ..............................................:    131
! SUMMARY-  application_context ........................................:      1
! SUMMARY-  axis2_placement_3d .........................................:    226
! SUMMARY-  b_spline_curve_with_knots ..................................:     14
! SUMMARY-  b_spline_surface_with_knots ................................:      6
! SUMMARY-  cartesian_point ............................................:   1167
! SUMMARY-  circle .....................................................:     80
! SUMMARY-  closed_shell ...............................................:      1
! SUMMARY-  context_dependent_shape_representation .....................:      1
! SUMMARY-  cylindrical_surface ........................................:     47
! SUMMARY-  direction ..................................................:    679
! SUMMARY-  edge_curve .................................................:    339
! SUMMARY-  edge_loop ..................................................:    153
! SUMMARY-  ellipse ....................................................:     18
! SUMMARY-  face_bound .................................................:     22
! SUMMARY-  face_outer_bound ...........................................:    131
! SUMMARY-  geometric_representation_context_and_global_uncertainty_a ..:      3
! SUMMARY-  item_defined_transformation ................................:      1
! SUMMARY-  length_unit_and_si_unit ....................................:      1
! SUMMARY-  line .......................................................:    227
! SUMMARY-  manifold_solid_brep ........................................:      1
! SUMMARY-  next_assembly_usage_occurrence .............................:      1
! SUMMARY-  oriented_edge ..............................................:    678
! SUMMARY-  plane ......................................................:     70
! SUMMARY-  plane_angle_unit_and_si_unit ...............................:      1
! SUMMARY-  product ....................................................:      2
! SUMMARY-  product_context ............................................:      1
! SUMMARY-  product_definition .........................................:      2
! SUMMARY-  product_definition_context .................................:      1
! SUMMARY-  product_definition_formation ...............................:      2
! SUMMARY-  product_definition_shape ...................................:      3
! SUMMARY-  product_related_product_category ...........................:      2
! SUMMARY-  representation_relationship_with_transformation_and_shape ..:      1
! SUMMARY-  shape_representation .......................................:      2
! SUMMARY-  si_unit_and_solid_angle_unit ...............................:      1
! SUMMARY-  spherical_surface ..........................................:      2
! SUMMARY-  toroidal_surface ...........................................:      6
! SUMMARY-  uncertainty_measure_with_unit ..............................:      3
! SUMMARY-  vector .....................................................:    227
! SUMMARY-  vertex_point ...............................................:    216
! SUMMARY-                                                               -------
! SUMMARY-  Total                                                           4470
! STATUS-    
! STATUS-   Converting to Output Form (Phase 2 of 3): 24-DEC-2023 4:12:48 AM
! STATUS-    
! STATUS-    
! STATUS-   Generating UG geometry and placing them in parts
! STATUS-    
! STATUS-   Creating the UG part (Phase 3 of 3): 24-DEC-2023  4:12:48 AM
! INFO-     Filing Part ..: C:\Users\furka\Desktop\car assembly v2\Battery Mount
! SUMMARY-   
! SUMMARY-  Summary of Unigraphics Part Entities
! SUMMARY-   
! SUMMARY-  Entities Processed             Count
! SUMMARY-  ------------------             -----
! SUMMARY-                                 -----
! SUMMARY-  Total                              0
! STATUS-   Creating the UG part (Phase 3 of 3): 24-DEC-2023  4:12:48 AM
! INFO-     Filing Part ..: C:\Users\furka\Desktop\car assembly v2\Makita Battery Mounting 05b v2 v8_step.prt
! SUMMARY-   
! SUMMARY-  Summary of Unigraphics Part Entities
! SUMMARY-   
! SUMMARY-  Entities Processed             Count
! SUMMARY-  ------------------             -----
! SUMMARY-  Component ...................:     1
! SUMMARY-  Solid .......................:     1
! SUMMARY-                                 -----
! SUMMARY-  Total                              2
! INFO-      
! INFO-     Total number of solids input for this translation       :         1
! INFO-      
! INFO-     Number of solids created without body validation faults :         1
! INFO-      
! INFO-     Number of solids created with body validation fault(s)  :         0
! INFO-      
! INFO-     Number of solids ending up as sheet bodies              :         0
! INFO-      
! INFO-     End of Translation: 24-DEC-2023  4:12:48 AM
! INFO-      
