[1.100s] Invoking command in '/home/bayrakt4rdem/ros2_ws/src/midibot_description': PYTHONPATH=/home/bayrakt4rdem/ros2_ws/build/midibot_description/prefix_override:/home/bayrakt4rdem/ros2_ws/install/midibot_description/lib/python3.10/site-packages:${PYTHONPATH} /usr/bin/python3 -W ignore:setup.py install is deprecated setup.py egg_info --egg-base ../../build/midibot_description build --build-base /home/bayrakt4rdem/ros2_ws/build/midibot_description/build install --record /home/bayrakt4rdem/ros2_ws/build/midibot_description/install.log --install-scripts $base/lib/midibot_description --single-version-externally-managed install_data
[1.342s] /home/bayrakt4rdem/.local/lib/python3.10/site-packages/setuptools/dist.py:717: UserWarning: Usage of dash-separated 'script-dir' will not be supported in future versions. Please use the underscore name 'script_dir' instead
[1.342s]   warnings.warn(
[1.372s] running egg_info
[1.372s] writing ../../build/midibot_description/midibot_description.egg-info/PKG-INFO
[1.376s] writing dependency_links to ../../build/midibot_description/midibot_description.egg-info/dependency_links.txt
[1.378s] writing entry points to ../../build/midibot_description/midibot_description.egg-info/entry_points.txt
[1.380s] writing requirements to ../../build/midibot_description/midibot_description.egg-info/requires.txt
[1.383s] writing top-level names to ../../build/midibot_description/midibot_description.egg-info/top_level.txt
[1.388s] reading manifest file '../../build/midibot_description/midibot_description.egg-info/SOURCES.txt'
[1.389s] writing manifest file '../../build/midibot_description/midibot_description.egg-info/SOURCES.txt'
[1.392s] running build
[1.392s] running build_py
[1.393s] running install
[1.393s] running install_lib
[1.394s] running install_data
[1.396s] running install_egg_info
[1.398s] removing '/home/bayrakt4rdem/ros2_ws/install/midibot_description/lib/python3.10/site-packages/midibot_description-0.0.0-py3.10.egg-info' (and everything under it)
[1.398s] Copying ../../build/midibot_description/midibot_description.egg-info to /home/bayrakt4rdem/ros2_ws/install/midibot_description/lib/python3.10/site-packages/midibot_description-0.0.0-py3.10.egg-info
[1.400s] running install_scripts
[1.420s] writing list of installed files to '/home/bayrakt4rdem/ros2_ws/build/midibot_description/install.log'
[1.480s] Invoked command in '/home/bayrakt4rdem/ros2_ws/src/midibot_description' returned '0': PYTHONPATH=/home/bayrakt4rdem/ros2_ws/build/midibot_description/prefix_override:/home/bayrakt4rdem/ros2_ws/install/midibot_description/lib/python3.10/site-packages:${PYTHONPATH} /usr/bin/python3 -W ignore:setup.py install is deprecated setup.py egg_info --egg-base ../../build/midibot_description build --build-base /home/bayrakt4rdem/ros2_ws/build/midibot_description/build install --record /home/bayrakt4rdem/ros2_ws/build/midibot_description/install.log --install-scripts $base/lib/midibot_description --single-version-externally-managed install_data
