[0.088s] Invoking command in '/home/sarpdengizmen/ros2_ws/build/tutorial_interfaces': CMAKE_PREFIX_PATH=/opt/ros/iron /usr/bin/cmake /home/sarpdengizmen/ros2_ws/src/tutorial_interfaces -DCMAKE_INSTALL_PREFIX=/home/sarpdengizmen/ros2_ws/install/tutorial_interfaces
[0.268s] -- The C compiler identification is GNU 11.4.0
[0.384s] -- The CXX compiler identification is GNU 11.4.0
[0.398s] -- Detecting C compiler ABI info
[0.503s] -- Detecting C compiler ABI info - done
[0.513s] -- Check for working C compiler: /usr/bin/cc - skipped
[0.517s] -- Detecting C compile features
[0.518s] -- Detecting C compile features - done
[0.523s] -- Detecting CXX compiler ABI info
[0.639s] -- Detecting CXX compiler ABI info - done
[0.649s] -- Check for working CXX compiler: /usr/bin/c++ - skipped
[0.649s] -- Detecting CXX compile features
[0.650s] -- Detecting CXX compile features - done
[0.660s] -- Found ament_cmake: 2.0.3 (/opt/ros/iron/share/ament_cmake/cmake)
[0.889s] -- Found Python3: /usr/bin/python3.10 (found version "3.10.12") found components: Interpreter 
[1.019s] -- Found geometry_msgs: 5.0.0 (/opt/ros/iron/share/geometry_msgs/cmake)
[1.092s] -- Found rosidl_generator_c: 4.0.1 (/opt/ros/iron/share/rosidl_generator_c/cmake)
[1.112s] -- Found rosidl_generator_cpp: 4.0.1 (/opt/ros/iron/share/rosidl_generator_cpp/cmake)
[1.143s] -- Using all available rosidl_typesupport_c: rosidl_typesupport_fastrtps_c;rosidl_typesupport_introspection_c
[1.176s] -- Using all available rosidl_typesupport_cpp: rosidl_typesupport_fastrtps_cpp;rosidl_typesupport_introspection_cpp
[1.340s] -- Found rosidl_default_generators: 1.5.0 (/opt/ros/iron/share/rosidl_default_generators/cmake)
[1.362s] -- Found rosidl_adapter: 4.0.1 (/opt/ros/iron/share/rosidl_adapter/cmake)
[1.919s] -- Found ament_cmake_ros: 0.11.2 (/opt/ros/iron/share/ament_cmake_ros/cmake)
[2.550s] -- Using all available rosidl_typesupport_c: rosidl_typesupport_fastrtps_c;rosidl_typesupport_introspection_c
[2.784s] -- Using all available rosidl_typesupport_cpp: rosidl_typesupport_fastrtps_cpp;rosidl_typesupport_introspection_cpp
[2.819s] -- Found PythonInterp: /usr/bin/python3 (found suitable version "3.10.12", minimum required is "3.6") 
[2.822s] -- Found python_cmake_module: 0.10.2 (/opt/ros/iron/share/python_cmake_module/cmake)
[2.867s] -- Found PythonLibs: /usr/lib/x86_64-linux-gnu/libpython3.10.so (found suitable version "3.10.12", minimum required is "3.5") 
[2.867s] -- Using PYTHON_EXECUTABLE: /usr/bin/python3
[2.867s] -- Using PYTHON_INCLUDE_DIRS: /usr/include/python3.10
[2.867s] -- Using PYTHON_LIBRARIES: /usr/lib/x86_64-linux-gnu/libpython3.10.so
[2.896s] -- Found PythonExtra: .so  
[2.988s] -- Found ament_lint_auto: 0.14.2 (/opt/ros/iron/share/ament_lint_auto/cmake)
[3.020s] -- Added test 'lint_cmake' to check CMake code style
[3.022s] -- Added test 'xmllint' to check XML markup files
[3.027s] -- Configuring done
[3.091s] -- Generating done
[3.095s] -- Build files have been written to: /home/sarpdengizmen/ros2_ws/build/tutorial_interfaces
[3.109s] Invoked command in '/home/sarpdengizmen/ros2_ws/build/tutorial_interfaces' returned '0': CMAKE_PREFIX_PATH=/opt/ros/iron /usr/bin/cmake /home/sarpdengizmen/ros2_ws/src/tutorial_interfaces -DCMAKE_INSTALL_PREFIX=/home/sarpdengizmen/ros2_ws/install/tutorial_interfaces
[3.113s] Invoking command in '/home/sarpdengizmen/ros2_ws/build/tutorial_interfaces': CMAKE_PREFIX_PATH=/opt/ros/iron /usr/bin/cmake --build /home/sarpdengizmen/ros2_ws/build/tutorial_interfaces -- -j4 -l4
[3.202s] [  1%] [34m[1mGenerating type hashes for ROS interfaces[0m
[3.219s] [  1%] Built target ament_cmake_python_copy_tutorial_interfaces
[3.557s] [  1%] Built target tutorial_interfaces__rosidl_generator_type_description
[3.579s] [  3%] [34m[1mGenerating C code for ROS interfaces[0m
[3.598s] [  5%] [34m[1mGenerating C++ code for ROS interfaces[0m
[3.616s] running egg_info
[3.617s] creating tutorial_interfaces.egg-info
[3.618s] writing tutorial_interfaces.egg-info/PKG-INFO
[3.618s] writing dependency_links to tutorial_interfaces.egg-info/dependency_links.txt
[3.618s] writing top-level names to tutorial_interfaces.egg-info/top_level.txt
[3.619s] writing manifest file 'tutorial_interfaces.egg-info/SOURCES.txt'
[3.622s] reading manifest file 'tutorial_interfaces.egg-info/SOURCES.txt'
[3.623s] writing manifest file 'tutorial_interfaces.egg-info/SOURCES.txt'
[3.679s] [  5%] Built target ament_cmake_python_build_tutorial_interfaces_egg
[4.179s] [  5%] Built target tutorial_interfaces__cpp
[4.340s] [  7%] [32mBuilding C object CMakeFiles/tutorial_interfaces__rosidl_generator_c.dir/rosidl_generator_c/tutorial_interfaces/msg/detail/num__description.c.o[0m
[4.341s] [  9%] [32mBuilding C object CMakeFiles/tutorial_interfaces__rosidl_generator_c.dir/rosidl_generator_c/tutorial_interfaces/msg/detail/sphere__description.c.o[0m
[4.342s] [ 11%] [32mBuilding C object CMakeFiles/tutorial_interfaces__rosidl_generator_c.dir/rosidl_generator_c/tutorial_interfaces/msg/detail/num__type_support.c.o[0m
[4.344s] [ 12%] [32mBuilding C object CMakeFiles/tutorial_interfaces__rosidl_generator_c.dir/rosidl_generator_c/tutorial_interfaces/msg/detail/num__functions.c.o[0m
[4.425s] [ 14%] [32mBuilding C object CMakeFiles/tutorial_interfaces__rosidl_generator_c.dir/rosidl_generator_c/tutorial_interfaces/msg/detail/sphere__functions.c.o[0m
[4.441s] [ 16%] [32mBuilding C object CMakeFiles/tutorial_interfaces__rosidl_generator_c.dir/rosidl_generator_c/tutorial_interfaces/msg/detail/sphere__type_support.c.o[0m
[4.444s] [ 18%] [32mBuilding C object CMakeFiles/tutorial_interfaces__rosidl_generator_c.dir/rosidl_generator_c/tutorial_interfaces/srv/detail/add_three_ints__description.c.o[0m
[4.465s] [ 20%] [32mBuilding C object CMakeFiles/tutorial_interfaces__rosidl_generator_c.dir/rosidl_generator_c/tutorial_interfaces/srv/detail/add_three_ints__functions.c.o[0m
[4.517s] [ 22%] [32mBuilding C object CMakeFiles/tutorial_interfaces__rosidl_generator_c.dir/rosidl_generator_c/tutorial_interfaces/srv/detail/add_three_ints__type_support.c.o[0m
[4.617s] [ 24%] [32m[1mLinking C shared library libtutorial_interfaces__rosidl_generator_c.so[0m
[4.682s] [ 24%] Built target tutorial_interfaces__rosidl_generator_c
[4.703s] [ 29%] [34m[1mGenerating C type support for eProsima Fast-RTPS[0m
[4.703s] [ 29%] [34m[1mGenerating C++ type support dispatch for ROS interfaces[0m
[4.703s] [ 29%] [34m[1mGenerating C++ type support for eProsima Fast-RTPS[0m
[4.706s] [ 31%] [34m[1mGenerating C introspection for ROS interfaces[0m
[5.388s] [ 33%] [32mBuilding CXX object CMakeFiles/tutorial_interfaces__rosidl_typesupport_cpp.dir/rosidl_typesupport_cpp/tutorial_interfaces/msg/num__type_support.cpp.o[0m
[5.596s] [ 35%] [32mBuilding C object CMakeFiles/tutorial_interfaces__rosidl_typesupport_introspection_c.dir/rosidl_typesupport_introspection_c/tutorial_interfaces/msg/detail/num__type_support.c.o[0m
[5.611s] [ 37%] [32mBuilding CXX object CMakeFiles/tutorial_interfaces__rosidl_typesupport_fastrtps_cpp.dir/rosidl_typesupport_fastrtps_cpp/tutorial_interfaces/msg/detail/dds_fastrtps/num__type_support.cpp.o[0m
[5.626s] [ 38%] [32mBuilding CXX object CMakeFiles/tutorial_interfaces__rosidl_typesupport_fastrtps_c.dir/rosidl_typesupport_fastrtps_c/tutorial_interfaces/msg/detail/num__type_support_c.cpp.o[0m
[5.685s] [ 40%] [32mBuilding C object CMakeFiles/tutorial_interfaces__rosidl_typesupport_introspection_c.dir/rosidl_typesupport_introspection_c/tutorial_interfaces/msg/detail/sphere__type_support.c.o[0m
[5.776s] [ 42%] [32mBuilding C object CMakeFiles/tutorial_interfaces__rosidl_typesupport_introspection_c.dir/rosidl_typesupport_introspection_c/tutorial_interfaces/srv/detail/add_three_ints__type_support.c.o[0m
[5.891s] [ 44%] [32m[1mLinking C shared library libtutorial_interfaces__rosidl_typesupport_introspection_c.so[0m
[5.971s] [ 44%] Built target tutorial_interfaces__rosidl_typesupport_introspection_c
[5.994s] [ 46%] [34m[1mGenerating C type support dispatch for ROS interfaces[0m
[6.319s] [ 48%] [32mBuilding CXX object CMakeFiles/tutorial_interfaces__rosidl_typesupport_cpp.dir/rosidl_typesupport_cpp/tutorial_interfaces/msg/sphere__type_support.cpp.o[0m
[6.436s] [ 50%] [32mBuilding CXX object CMakeFiles/tutorial_interfaces__rosidl_typesupport_fastrtps_c.dir/rosidl_typesupport_fastrtps_c/tutorial_interfaces/msg/detail/sphere__type_support_c.cpp.o[0m
[6.770s] [ 51%] [32mBuilding CXX object CMakeFiles/tutorial_interfaces__rosidl_typesupport_c.dir/rosidl_typesupport_c/tutorial_interfaces/msg/num__type_support.cpp.o[0m
[6.842s] [ 53%] [32mBuilding CXX object CMakeFiles/tutorial_interfaces__rosidl_typesupport_fastrtps_cpp.dir/rosidl_typesupport_fastrtps_cpp/tutorial_interfaces/msg/detail/dds_fastrtps/sphere__type_support.cpp.o[0m
[6.872s] [ 55%] [32mBuilding CXX object CMakeFiles/tutorial_interfaces__rosidl_typesupport_c.dir/rosidl_typesupport_c/tutorial_interfaces/msg/sphere__type_support.cpp.o[0m
[6.971s] [ 57%] [32mBuilding CXX object CMakeFiles/tutorial_interfaces__rosidl_typesupport_c.dir/rosidl_typesupport_c/tutorial_interfaces/srv/add_three_ints__type_support.cpp.o[0m
[7.085s] [ 59%] [32m[1mLinking CXX shared library libtutorial_interfaces__rosidl_typesupport_c.so[0m
[7.185s] [ 59%] Built target tutorial_interfaces__rosidl_typesupport_c
[7.188s] [ 61%] [32mBuilding CXX object CMakeFiles/tutorial_interfaces__rosidl_typesupport_cpp.dir/rosidl_typesupport_cpp/tutorial_interfaces/srv/add_three_ints__type_support.cpp.o[0m
[7.206s] [ 62%] [34m[1mGenerating C++ introspection for ROS interfaces[0m
[7.241s] [ 64%] [32mBuilding CXX object CMakeFiles/tutorial_interfaces__rosidl_typesupport_fastrtps_c.dir/rosidl_typesupport_fastrtps_c/tutorial_interfaces/srv/detail/add_three_ints__type_support_c.cpp.o[0m
[8.068s] [ 66%] [32mBuilding CXX object CMakeFiles/tutorial_interfaces__rosidl_typesupport_fastrtps_cpp.dir/rosidl_typesupport_fastrtps_cpp/tutorial_interfaces/srv/detail/dds_fastrtps/add_three_ints__type_support.cpp.o[0m
[8.080s] [ 68%] [32m[1mLinking CXX shared library libtutorial_interfaces__rosidl_typesupport_fastrtps_c.so[0m
[8.130s] [ 70%] [32mBuilding CXX object CMakeFiles/tutorial_interfaces__rosidl_typesupport_introspection_cpp.dir/rosidl_typesupport_introspection_cpp/tutorial_interfaces/msg/detail/num__type_support.cpp.o[0m
[8.236s] [ 72%] [32m[1mLinking CXX shared library libtutorial_interfaces__rosidl_typesupport_cpp.so[0m
[8.280s] [ 72%] Built target tutorial_interfaces__rosidl_typesupport_fastrtps_c
[8.298s] [ 74%] [32mBuilding CXX object CMakeFiles/tutorial_interfaces__rosidl_typesupport_introspection_cpp.dir/rosidl_typesupport_introspection_cpp/tutorial_interfaces/msg/detail/sphere__type_support.cpp.o[0m
[8.436s] [ 74%] Built target tutorial_interfaces__rosidl_typesupport_cpp
[8.455s] [ 75%] [32mBuilding CXX object CMakeFiles/tutorial_interfaces__rosidl_typesupport_introspection_cpp.dir/rosidl_typesupport_introspection_cpp/tutorial_interfaces/srv/detail/add_three_ints__type_support.cpp.o[0m
[9.385s] [ 77%] [32m[1mLinking CXX shared library libtutorial_interfaces__rosidl_typesupport_fastrtps_cpp.so[0m
[9.425s] [ 79%] [32m[1mLinking CXX shared library libtutorial_interfaces__rosidl_typesupport_introspection_cpp.so[0m
[9.519s] [ 79%] Built target tutorial_interfaces__rosidl_typesupport_fastrtps_cpp
[9.559s] [ 79%] Built target tutorial_interfaces__rosidl_typesupport_introspection_cpp
[9.589s] [ 79%] Built target tutorial_interfaces
[9.619s] [ 81%] [34m[1mGenerating Python code for ROS interfaces[0m
[10.384s] [ 81%] Built target tutorial_interfaces__py
[10.418s] [ 83%] [32mBuilding C object CMakeFiles/tutorial_interfaces__rosidl_generator_py.dir/rosidl_generator_py/tutorial_interfaces/msg/_sphere_s.c.o[0m
[10.418s] [ 85%] [32mBuilding C object CMakeFiles/tutorial_interfaces__rosidl_generator_py.dir/rosidl_generator_py/tutorial_interfaces/msg/_num_s.c.o[0m
[10.419s] [ 87%] [32mBuilding C object CMakeFiles/tutorial_interfaces__rosidl_generator_py.dir/rosidl_generator_py/tutorial_interfaces/srv/_add_three_ints_s.c.o[0m
[10.684s] [ 88%] [32m[1mLinking C shared library rosidl_generator_py/tutorial_interfaces/libtutorial_interfaces__rosidl_generator_py.so[0m
[10.750s] [ 88%] Built target tutorial_interfaces__rosidl_generator_py
[10.786s] [ 90%] [32mBuilding C object CMakeFiles/tutorial_interfaces__rosidl_typesupport_c__pyext.dir/rosidl_generator_py/tutorial_interfaces/_tutorial_interfaces_s.ep.rosidl_typesupport_c.c.o[0m
[10.787s] [ 92%] [32mBuilding C object CMakeFiles/tutorial_interfaces__rosidl_typesupport_introspection_c__pyext.dir/rosidl_generator_py/tutorial_interfaces/_tutorial_interfaces_s.ep.rosidl_typesupport_introspection_c.c.o[0m
[10.790s] [ 94%] [32mBuilding C object CMakeFiles/tutorial_interfaces__rosidl_typesupport_fastrtps_c__pyext.dir/rosidl_generator_py/tutorial_interfaces/_tutorial_interfaces_s.ep.rosidl_typesupport_fastrtps_c.c.o[0m
[10.972s] [ 96%] [32m[1mLinking C shared library rosidl_generator_py/tutorial_interfaces/tutorial_interfaces_s__rosidl_typesupport_introspection_c.cpython-310-x86_64-linux-gnu.so[0m
[11.040s] [ 96%] Built target tutorial_interfaces__rosidl_typesupport_introspection_c__pyext
[11.065s] [ 98%] [32m[1mLinking C shared library rosidl_generator_py/tutorial_interfaces/tutorial_interfaces_s__rosidl_typesupport_c.cpython-310-x86_64-linux-gnu.so[0m
[11.068s] [100%] [32m[1mLinking C shared library rosidl_generator_py/tutorial_interfaces/tutorial_interfaces_s__rosidl_typesupport_fastrtps_c.cpython-310-x86_64-linux-gnu.so[0m
[11.131s] [100%] Built target tutorial_interfaces__rosidl_typesupport_c__pyext
[11.136s] [100%] Built target tutorial_interfaces__rosidl_typesupport_fastrtps_c__pyext
[11.153s] Invoked command in '/home/sarpdengizmen/ros2_ws/build/tutorial_interfaces' returned '0': CMAKE_PREFIX_PATH=/opt/ros/iron /usr/bin/cmake --build /home/sarpdengizmen/ros2_ws/build/tutorial_interfaces -- -j4 -l4
[11.338s] Invoking command in '/home/sarpdengizmen/ros2_ws/build/tutorial_interfaces': CMAKE_PREFIX_PATH=/opt/ros/iron /usr/bin/cmake --install /home/sarpdengizmen/ros2_ws/build/tutorial_interfaces
[11.349s] -- Install configuration: ""
[11.350s] -- Installing: /home/sarpdengizmen/ros2_ws/install/tutorial_interfaces/share/ament_index/resource_index/rosidl_interfaces/tutorial_interfaces
[11.350s] -- Installing: /home/sarpdengizmen/ros2_ws/install/tutorial_interfaces/share/tutorial_interfaces/msg/Num.json
[11.350s] -- Installing: /home/sarpdengizmen/ros2_ws/install/tutorial_interfaces/share/tutorial_interfaces/msg/Sphere.json
[11.351s] -- Installing: /home/sarpdengizmen/ros2_ws/install/tutorial_interfaces/share/tutorial_interfaces/srv/AddThreeInts.json
[11.351s] -- Installing: /home/sarpdengizmen/ros2_ws/install/tutorial_interfaces/include/tutorial_interfaces/tutorial_interfaces
[11.352s] -- Installing: /home/sarpdengizmen/ros2_ws/install/tutorial_interfaces/include/tutorial_interfaces/tutorial_interfaces/srv
[11.352s] -- Installing: /home/sarpdengizmen/ros2_ws/install/tutorial_interfaces/include/tutorial_interfaces/tutorial_interfaces/srv/detail
[11.352s] -- Installing: /home/sarpdengizmen/ros2_ws/install/tutorial_interfaces/include/tutorial_interfaces/tutorial_interfaces/srv/detail/add_three_ints__struct.h
[11.352s] -- Installing: /home/sarpdengizmen/ros2_ws/install/tutorial_interfaces/include/tutorial_interfaces/tutorial_interfaces/srv/detail/add_three_ints__functions.c
[11.353s] -- Installing: /home/sarpdengizmen/ros2_ws/install/tutorial_interfaces/include/tutorial_interfaces/tutorial_interfaces/srv/detail/add_three_ints__type_support.c
[11.353s] -- Installing: /home/sarpdengizmen/ros2_ws/install/tutorial_interfaces/include/tutorial_interfaces/tutorial_interfaces/srv/detail/add_three_ints__description.c
[11.353s] -- Installing: /home/sarpdengizmen/ros2_ws/install/tutorial_interfaces/include/tutorial_interfaces/tutorial_interfaces/srv/detail/add_three_ints__functions.h
[11.353s] -- Installing: /home/sarpdengizmen/ros2_ws/install/tutorial_interfaces/include/tutorial_interfaces/tutorial_interfaces/srv/detail/add_three_ints__type_support.h
[11.353s] -- Installing: /home/sarpdengizmen/ros2_ws/install/tutorial_interfaces/include/tutorial_interfaces/tutorial_interfaces/srv/add_three_ints.h
[11.354s] -- Installing: /home/sarpdengizmen/ros2_ws/install/tutorial_interfaces/include/tutorial_interfaces/tutorial_interfaces/msg
[11.354s] -- Installing: /home/sarpdengizmen/ros2_ws/install/tutorial_interfaces/include/tutorial_interfaces/tutorial_interfaces/msg/num.h
[11.354s] -- Installing: /home/sarpdengizmen/ros2_ws/install/tutorial_interfaces/include/tutorial_interfaces/tutorial_interfaces/msg/rosidl_generator_c__visibility_control.h
[11.354s] -- Installing: /home/sarpdengizmen/ros2_ws/install/tutorial_interfaces/include/tutorial_interfaces/tutorial_interfaces/msg/detail
[11.355s] -- Installing: /home/sarpdengizmen/ros2_ws/install/tutorial_interfaces/include/tutorial_interfaces/tutorial_interfaces/msg/detail/num__type_support.c
[11.355s] -- Installing: /home/sarpdengizmen/ros2_ws/install/tutorial_interfaces/include/tutorial_interfaces/tutorial_interfaces/msg/detail/sphere__struct.h
[11.356s] -- Installing: /home/sarpdengizmen/ros2_ws/install/tutorial_interfaces/include/tutorial_interfaces/tutorial_interfaces/msg/detail/sphere__type_support.c
[11.356s] -- Installing: /home/sarpdengizmen/ros2_ws/install/tutorial_interfaces/include/tutorial_interfaces/tutorial_interfaces/msg/detail/num__struct.h
[11.356s] -- Installing: /home/sarpdengizmen/ros2_ws/install/tutorial_interfaces/include/tutorial_interfaces/tutorial_interfaces/msg/detail/sphere__type_support.h
[11.357s] -- Installing: /home/sarpdengizmen/ros2_ws/install/tutorial_interfaces/include/tutorial_interfaces/tutorial_interfaces/msg/detail/sphere__functions.h
[11.357s] -- Installing: /home/sarpdengizmen/ros2_ws/install/tutorial_interfaces/include/tutorial_interfaces/tutorial_interfaces/msg/detail/num__type_support.h
[11.357s] -- Installing: /home/sarpdengizmen/ros2_ws/install/tutorial_interfaces/include/tutorial_interfaces/tutorial_interfaces/msg/detail/num__description.c
[11.358s] -- Installing: /home/sarpdengizmen/ros2_ws/install/tutorial_interfaces/include/tutorial_interfaces/tutorial_interfaces/msg/detail/sphere__description.c
[11.358s] -- Installing: /home/sarpdengizmen/ros2_ws/install/tutorial_interfaces/include/tutorial_interfaces/tutorial_interfaces/msg/detail/num__functions.c
[11.358s] -- Installing: /home/sarpdengizmen/ros2_ws/install/tutorial_interfaces/include/tutorial_interfaces/tutorial_interfaces/msg/detail/sphere__functions.c
[11.358s] -- Installing: /home/sarpdengizmen/ros2_ws/install/tutorial_interfaces/include/tutorial_interfaces/tutorial_interfaces/msg/detail/num__functions.h
[11.358s] -- Installing: /home/sarpdengizmen/ros2_ws/install/tutorial_interfaces/include/tutorial_interfaces/tutorial_interfaces/msg/sphere.h
[11.358s] -- Installing: /home/sarpdengizmen/ros2_ws/install/tutorial_interfaces/share/tutorial_interfaces/environment/library_path.sh
[11.359s] -- Installing: /home/sarpdengizmen/ros2_ws/install/tutorial_interfaces/share/tutorial_interfaces/environment/library_path.dsv
[11.359s] -- Installing: /home/sarpdengizmen/ros2_ws/install/tutorial_interfaces/lib/libtutorial_interfaces__rosidl_generator_c.so
[11.360s] -- Set runtime path of "/home/sarpdengizmen/ros2_ws/install/tutorial_interfaces/lib/libtutorial_interfaces__rosidl_generator_c.so" to ""
[11.361s] -- Up-to-date: /home/sarpdengizmen/ros2_ws/install/tutorial_interfaces/include/tutorial_interfaces/tutorial_interfaces
[11.361s] -- Up-to-date: /home/sarpdengizmen/ros2_ws/install/tutorial_interfaces/include/tutorial_interfaces/tutorial_interfaces/srv
[11.361s] -- Up-to-date: /home/sarpdengizmen/ros2_ws/install/tutorial_interfaces/include/tutorial_interfaces/tutorial_interfaces/srv/detail
[11.362s] -- Installing: /home/sarpdengizmen/ros2_ws/install/tutorial_interfaces/include/tutorial_interfaces/tutorial_interfaces/srv/detail/add_three_ints__rosidl_typesupport_fastrtps_c.h
[11.362s] -- Up-to-date: /home/sarpdengizmen/ros2_ws/install/tutorial_interfaces/include/tutorial_interfaces/tutorial_interfaces/msg
[11.362s] -- Installing: /home/sarpdengizmen/ros2_ws/install/tutorial_interfaces/include/tutorial_interfaces/tutorial_interfaces/msg/rosidl_typesupport_fastrtps_c__visibility_control.h
[11.362s] -- Up-to-date: /home/sarpdengizmen/ros2_ws/install/tutorial_interfaces/include/tutorial_interfaces/tutorial_interfaces/msg/detail
[11.362s] -- Installing: /home/sarpdengizmen/ros2_ws/install/tutorial_interfaces/include/tutorial_interfaces/tutorial_interfaces/msg/detail/sphere__rosidl_typesupport_fastrtps_c.h
[11.363s] -- Installing: /home/sarpdengizmen/ros2_ws/install/tutorial_interfaces/include/tutorial_interfaces/tutorial_interfaces/msg/detail/num__rosidl_typesupport_fastrtps_c.h
[11.363s] -- Installing: /home/sarpdengizmen/ros2_ws/install/tutorial_interfaces/lib/libtutorial_interfaces__rosidl_typesupport_fastrtps_c.so
[11.363s] -- Set runtime path of "/home/sarpdengizmen/ros2_ws/install/tutorial_interfaces/lib/libtutorial_interfaces__rosidl_typesupport_fastrtps_c.so" to ""
[11.364s] -- Up-to-date: /home/sarpdengizmen/ros2_ws/install/tutorial_interfaces/include/tutorial_interfaces/tutorial_interfaces
[11.364s] -- Up-to-date: /home/sarpdengizmen/ros2_ws/install/tutorial_interfaces/include/tutorial_interfaces/tutorial_interfaces/srv
[11.364s] -- Up-to-date: /home/sarpdengizmen/ros2_ws/install/tutorial_interfaces/include/tutorial_interfaces/tutorial_interfaces/srv/detail
[11.364s] -- Installing: /home/sarpdengizmen/ros2_ws/install/tutorial_interfaces/include/tutorial_interfaces/tutorial_interfaces/srv/detail/add_three_ints__traits.hpp
[11.365s] -- Installing: /home/sarpdengizmen/ros2_ws/install/tutorial_interfaces/include/tutorial_interfaces/tutorial_interfaces/srv/detail/add_three_ints__builder.hpp
[11.365s] -- Installing: /home/sarpdengizmen/ros2_ws/install/tutorial_interfaces/include/tutorial_interfaces/tutorial_interfaces/srv/detail/add_three_ints__struct.hpp
[11.365s] -- Installing: /home/sarpdengizmen/ros2_ws/install/tutorial_interfaces/include/tutorial_interfaces/tutorial_interfaces/srv/add_three_ints.hpp
[11.365s] -- Up-to-date: /home/sarpdengizmen/ros2_ws/install/tutorial_interfaces/include/tutorial_interfaces/tutorial_interfaces/msg
[11.366s] -- Installing: /home/sarpdengizmen/ros2_ws/install/tutorial_interfaces/include/tutorial_interfaces/tutorial_interfaces/msg/sphere.hpp
[11.366s] -- Installing: /home/sarpdengizmen/ros2_ws/install/tutorial_interfaces/include/tutorial_interfaces/tutorial_interfaces/msg/num.hpp
[11.366s] -- Up-to-date: /home/sarpdengizmen/ros2_ws/install/tutorial_interfaces/include/tutorial_interfaces/tutorial_interfaces/msg/detail
[11.366s] -- Installing: /home/sarpdengizmen/ros2_ws/install/tutorial_interfaces/include/tutorial_interfaces/tutorial_interfaces/msg/detail/sphere__builder.hpp
[11.367s] -- Installing: /home/sarpdengizmen/ros2_ws/install/tutorial_interfaces/include/tutorial_interfaces/tutorial_interfaces/msg/detail/num__struct.hpp
[11.367s] -- Installing: /home/sarpdengizmen/ros2_ws/install/tutorial_interfaces/include/tutorial_interfaces/tutorial_interfaces/msg/detail/num__builder.hpp
[11.367s] -- Installing: /home/sarpdengizmen/ros2_ws/install/tutorial_interfaces/include/tutorial_interfaces/tutorial_interfaces/msg/detail/sphere__struct.hpp
[11.367s] -- Installing: /home/sarpdengizmen/ros2_ws/install/tutorial_interfaces/include/tutorial_interfaces/tutorial_interfaces/msg/detail/sphere__traits.hpp
[11.368s] -- Installing: /home/sarpdengizmen/ros2_ws/install/tutorial_interfaces/include/tutorial_interfaces/tutorial_interfaces/msg/detail/num__traits.hpp
[11.368s] -- Up-to-date: /home/sarpdengizmen/ros2_ws/install/tutorial_interfaces/include/tutorial_interfaces/tutorial_interfaces
[11.368s] -- Up-to-date: /home/sarpdengizmen/ros2_ws/install/tutorial_interfaces/include/tutorial_interfaces/tutorial_interfaces/srv
[11.368s] -- Up-to-date: /home/sarpdengizmen/ros2_ws/install/tutorial_interfaces/include/tutorial_interfaces/tutorial_interfaces/srv/detail
[11.369s] -- Installing: /home/sarpdengizmen/ros2_ws/install/tutorial_interfaces/include/tutorial_interfaces/tutorial_interfaces/srv/detail/dds_fastrtps
[11.369s] -- Installing: /home/sarpdengizmen/ros2_ws/install/tutorial_interfaces/include/tutorial_interfaces/tutorial_interfaces/srv/detail/add_three_ints__rosidl_typesupport_fastrtps_cpp.hpp
[11.369s] -- Up-to-date: /home/sarpdengizmen/ros2_ws/install/tutorial_interfaces/include/tutorial_interfaces/tutorial_interfaces/msg
[11.369s] -- Installing: /home/sarpdengizmen/ros2_ws/install/tutorial_interfaces/include/tutorial_interfaces/tutorial_interfaces/msg/rosidl_typesupport_fastrtps_cpp__visibility_control.h
[11.369s] -- Up-to-date: /home/sarpdengizmen/ros2_ws/install/tutorial_interfaces/include/tutorial_interfaces/tutorial_interfaces/msg/detail
[11.370s] -- Installing: /home/sarpdengizmen/ros2_ws/install/tutorial_interfaces/include/tutorial_interfaces/tutorial_interfaces/msg/detail/num__rosidl_typesupport_fastrtps_cpp.hpp
[11.370s] -- Installing: /home/sarpdengizmen/ros2_ws/install/tutorial_interfaces/include/tutorial_interfaces/tutorial_interfaces/msg/detail/sphere__rosidl_typesupport_fastrtps_cpp.hpp
[11.370s] -- Installing: /home/sarpdengizmen/ros2_ws/install/tutorial_interfaces/include/tutorial_interfaces/tutorial_interfaces/msg/detail/dds_fastrtps
[11.370s] -- Installing: /home/sarpdengizmen/ros2_ws/install/tutorial_interfaces/lib/libtutorial_interfaces__rosidl_typesupport_fastrtps_cpp.so
[11.371s] -- Set runtime path of "/home/sarpdengizmen/ros2_ws/install/tutorial_interfaces/lib/libtutorial_interfaces__rosidl_typesupport_fastrtps_cpp.so" to ""
[11.371s] -- Up-to-date: /home/sarpdengizmen/ros2_ws/install/tutorial_interfaces/include/tutorial_interfaces/tutorial_interfaces
[11.371s] -- Up-to-date: /home/sarpdengizmen/ros2_ws/install/tutorial_interfaces/include/tutorial_interfaces/tutorial_interfaces/srv
[11.371s] -- Up-to-date: /home/sarpdengizmen/ros2_ws/install/tutorial_interfaces/include/tutorial_interfaces/tutorial_interfaces/srv/detail
[11.372s] -- Installing: /home/sarpdengizmen/ros2_ws/install/tutorial_interfaces/include/tutorial_interfaces/tutorial_interfaces/srv/detail/add_three_ints__rosidl_typesupport_introspection_c.h
[11.372s] -- Installing: /home/sarpdengizmen/ros2_ws/install/tutorial_interfaces/include/tutorial_interfaces/tutorial_interfaces/srv/detail/add_three_ints__type_support.c
[11.372s] -- Up-to-date: /home/sarpdengizmen/ros2_ws/install/tutorial_interfaces/include/tutorial_interfaces/tutorial_interfaces/msg
[11.372s] -- Installing: /home/sarpdengizmen/ros2_ws/install/tutorial_interfaces/include/tutorial_interfaces/tutorial_interfaces/msg/rosidl_typesupport_introspection_c__visibility_control.h
[11.373s] -- Up-to-date: /home/sarpdengizmen/ros2_ws/install/tutorial_interfaces/include/tutorial_interfaces/tutorial_interfaces/msg/detail
[11.373s] -- Installing: /home/sarpdengizmen/ros2_ws/install/tutorial_interfaces/include/tutorial_interfaces/tutorial_interfaces/msg/detail/num__type_support.c
[11.373s] -- Installing: /home/sarpdengizmen/ros2_ws/install/tutorial_interfaces/include/tutorial_interfaces/tutorial_interfaces/msg/detail/sphere__type_support.c
[11.373s] -- Installing: /home/sarpdengizmen/ros2_ws/install/tutorial_interfaces/include/tutorial_interfaces/tutorial_interfaces/msg/detail/sphere__rosidl_typesupport_introspection_c.h
[11.373s] -- Installing: /home/sarpdengizmen/ros2_ws/install/tutorial_interfaces/include/tutorial_interfaces/tutorial_interfaces/msg/detail/num__rosidl_typesupport_introspection_c.h
[11.374s] -- Installing: /home/sarpdengizmen/ros2_ws/install/tutorial_interfaces/lib/libtutorial_interfaces__rosidl_typesupport_introspection_c.so
[11.374s] -- Set runtime path of "/home/sarpdengizmen/ros2_ws/install/tutorial_interfaces/lib/libtutorial_interfaces__rosidl_typesupport_introspection_c.so" to ""
[11.374s] -- Installing: /home/sarpdengizmen/ros2_ws/install/tutorial_interfaces/lib/libtutorial_interfaces__rosidl_typesupport_c.so
[11.375s] -- Set runtime path of "/home/sarpdengizmen/ros2_ws/install/tutorial_interfaces/lib/libtutorial_interfaces__rosidl_typesupport_c.so" to ""
[11.375s] -- Up-to-date: /home/sarpdengizmen/ros2_ws/install/tutorial_interfaces/include/tutorial_interfaces/tutorial_interfaces
[11.375s] -- Up-to-date: /home/sarpdengizmen/ros2_ws/install/tutorial_interfaces/include/tutorial_interfaces/tutorial_interfaces/srv
[11.376s] -- Up-to-date: /home/sarpdengizmen/ros2_ws/install/tutorial_interfaces/include/tutorial_interfaces/tutorial_interfaces/srv/detail
[11.376s] -- Installing: /home/sarpdengizmen/ros2_ws/install/tutorial_interfaces/include/tutorial_interfaces/tutorial_interfaces/srv/detail/add_three_ints__type_support.cpp
[11.376s] -- Installing: /home/sarpdengizmen/ros2_ws/install/tutorial_interfaces/include/tutorial_interfaces/tutorial_interfaces/srv/detail/add_three_ints__rosidl_typesupport_introspection_cpp.hpp
[11.376s] -- Up-to-date: /home/sarpdengizmen/ros2_ws/install/tutorial_interfaces/include/tutorial_interfaces/tutorial_interfaces/msg
[11.376s] -- Up-to-date: /home/sarpdengizmen/ros2_ws/install/tutorial_interfaces/include/tutorial_interfaces/tutorial_interfaces/msg/detail
[11.376s] -- Installing: /home/sarpdengizmen/ros2_ws/install/tutorial_interfaces/include/tutorial_interfaces/tutorial_interfaces/msg/detail/sphere__rosidl_typesupport_introspection_cpp.hpp
[11.377s] -- Installing: /home/sarpdengizmen/ros2_ws/install/tutorial_interfaces/include/tutorial_interfaces/tutorial_interfaces/msg/detail/num__rosidl_typesupport_introspection_cpp.hpp
[11.377s] -- Installing: /home/sarpdengizmen/ros2_ws/install/tutorial_interfaces/include/tutorial_interfaces/tutorial_interfaces/msg/detail/num__type_support.cpp
[11.377s] -- Installing: /home/sarpdengizmen/ros2_ws/install/tutorial_interfaces/include/tutorial_interfaces/tutorial_interfaces/msg/detail/sphere__type_support.cpp
[11.377s] -- Installing: /home/sarpdengizmen/ros2_ws/install/tutorial_interfaces/lib/libtutorial_interfaces__rosidl_typesupport_introspection_cpp.so
[11.377s] -- Set runtime path of "/home/sarpdengizmen/ros2_ws/install/tutorial_interfaces/lib/libtutorial_interfaces__rosidl_typesupport_introspection_cpp.so" to ""
[11.378s] -- Installing: /home/sarpdengizmen/ros2_ws/install/tutorial_interfaces/lib/libtutorial_interfaces__rosidl_typesupport_cpp.so
[11.378s] -- Set runtime path of "/home/sarpdengizmen/ros2_ws/install/tutorial_interfaces/lib/libtutorial_interfaces__rosidl_typesupport_cpp.so" to ""
[11.379s] -- Installing: /home/sarpdengizmen/ros2_ws/install/tutorial_interfaces/share/tutorial_interfaces/environment/pythonpath.sh
[11.379s] -- Installing: /home/sarpdengizmen/ros2_ws/install/tutorial_interfaces/share/tutorial_interfaces/environment/pythonpath.dsv
[11.379s] -- Installing: /home/sarpdengizmen/ros2_ws/install/tutorial_interfaces/lib/python3.10/site-packages/tutorial_interfaces-0.0.0-py3.10.egg-info
[11.379s] -- Installing: /home/sarpdengizmen/ros2_ws/install/tutorial_interfaces/lib/python3.10/site-packages/tutorial_interfaces-0.0.0-py3.10.egg-info/PKG-INFO
[11.379s] -- Installing: /home/sarpdengizmen/ros2_ws/install/tutorial_interfaces/lib/python3.10/site-packages/tutorial_interfaces-0.0.0-py3.10.egg-info/SOURCES.txt
[11.379s] -- Installing: /home/sarpdengizmen/ros2_ws/install/tutorial_interfaces/lib/python3.10/site-packages/tutorial_interfaces-0.0.0-py3.10.egg-info/top_level.txt
[11.380s] -- Installing: /home/sarpdengizmen/ros2_ws/install/tutorial_interfaces/lib/python3.10/site-packages/tutorial_interfaces-0.0.0-py3.10.egg-info/dependency_links.txt
[11.380s] -- Installing: /home/sarpdengizmen/ros2_ws/install/tutorial_interfaces/lib/python3.10/site-packages/tutorial_interfaces
[11.380s] -- Installing: /home/sarpdengizmen/ros2_ws/install/tutorial_interfaces/lib/python3.10/site-packages/tutorial_interfaces/tutorial_interfaces_s__rosidl_typesupport_c.cpython-310-x86_64-linux-gnu.so
[11.380s] -- Installing: /home/sarpdengizmen/ros2_ws/install/tutorial_interfaces/lib/python3.10/site-packages/tutorial_interfaces/srv
[11.380s] -- Installing: /home/sarpdengizmen/ros2_ws/install/tutorial_interfaces/lib/python3.10/site-packages/tutorial_interfaces/srv/_add_three_ints_s.c
[11.380s] -- Installing: /home/sarpdengizmen/ros2_ws/install/tutorial_interfaces/lib/python3.10/site-packages/tutorial_interfaces/srv/__init__.py
[11.381s] -- Installing: /home/sarpdengizmen/ros2_ws/install/tutorial_interfaces/lib/python3.10/site-packages/tutorial_interfaces/srv/_add_three_ints.py
[11.381s] -- Installing: /home/sarpdengizmen/ros2_ws/install/tutorial_interfaces/lib/python3.10/site-packages/tutorial_interfaces/__init__.py
[11.381s] -- Installing: /home/sarpdengizmen/ros2_ws/install/tutorial_interfaces/lib/python3.10/site-packages/tutorial_interfaces/_tutorial_interfaces_s.ep.rosidl_typesupport_introspection_c.c
[11.381s] -- Installing: /home/sarpdengizmen/ros2_ws/install/tutorial_interfaces/lib/python3.10/site-packages/tutorial_interfaces/_tutorial_interfaces_s.ep.rosidl_typesupport_fastrtps_c.c
[11.381s] -- Installing: /home/sarpdengizmen/ros2_ws/install/tutorial_interfaces/lib/python3.10/site-packages/tutorial_interfaces/libtutorial_interfaces__rosidl_generator_py.so
[11.382s] -- Installing: /home/sarpdengizmen/ros2_ws/install/tutorial_interfaces/lib/python3.10/site-packages/tutorial_interfaces/_tutorial_interfaces_s.ep.rosidl_typesupport_c.c
[11.382s] -- Installing: /home/sarpdengizmen/ros2_ws/install/tutorial_interfaces/lib/python3.10/site-packages/tutorial_interfaces/tutorial_interfaces_s__rosidl_typesupport_fastrtps_c.cpython-310-x86_64-linux-gnu.so
[11.382s] -- Installing: /home/sarpdengizmen/ros2_ws/install/tutorial_interfaces/lib/python3.10/site-packages/tutorial_interfaces/tutorial_interfaces_s__rosidl_typesupport_introspection_c.cpython-310-x86_64-linux-gnu.so
[11.382s] -- Installing: /home/sarpdengizmen/ros2_ws/install/tutorial_interfaces/lib/python3.10/site-packages/tutorial_interfaces/msg
[11.382s] -- Installing: /home/sarpdengizmen/ros2_ws/install/tutorial_interfaces/lib/python3.10/site-packages/tutorial_interfaces/msg/_sphere_s.c
[11.383s] -- Installing: /home/sarpdengizmen/ros2_ws/install/tutorial_interfaces/lib/python3.10/site-packages/tutorial_interfaces/msg/__init__.py
[11.383s] -- Installing: /home/sarpdengizmen/ros2_ws/install/tutorial_interfaces/lib/python3.10/site-packages/tutorial_interfaces/msg/_num_s.c
[11.383s] -- Installing: /home/sarpdengizmen/ros2_ws/install/tutorial_interfaces/lib/python3.10/site-packages/tutorial_interfaces/msg/_sphere.py
[11.383s] -- Installing: /home/sarpdengizmen/ros2_ws/install/tutorial_interfaces/lib/python3.10/site-packages/tutorial_interfaces/msg/_num.py
[11.434s] Listing '/home/sarpdengizmen/ros2_ws/install/tutorial_interfaces/lib/python3.10/site-packages/tutorial_interfaces'...
[11.434s] Compiling '/home/sarpdengizmen/ros2_ws/install/tutorial_interfaces/lib/python3.10/site-packages/tutorial_interfaces/__init__.py'...
[11.435s] Listing '/home/sarpdengizmen/ros2_ws/install/tutorial_interfaces/lib/python3.10/site-packages/tutorial_interfaces/msg'...
[11.435s] Compiling '/home/sarpdengizmen/ros2_ws/install/tutorial_interfaces/lib/python3.10/site-packages/tutorial_interfaces/msg/__init__.py'...
[11.435s] Compiling '/home/sarpdengizmen/ros2_ws/install/tutorial_interfaces/lib/python3.10/site-packages/tutorial_interfaces/msg/_num.py'...
[11.435s] Compiling '/home/sarpdengizmen/ros2_ws/install/tutorial_interfaces/lib/python3.10/site-packages/tutorial_interfaces/msg/_sphere.py'...
[11.435s] Listing '/home/sarpdengizmen/ros2_ws/install/tutorial_interfaces/lib/python3.10/site-packages/tutorial_interfaces/srv'...
[11.435s] Compiling '/home/sarpdengizmen/ros2_ws/install/tutorial_interfaces/lib/python3.10/site-packages/tutorial_interfaces/srv/__init__.py'...
[11.435s] Compiling '/home/sarpdengizmen/ros2_ws/install/tutorial_interfaces/lib/python3.10/site-packages/tutorial_interfaces/srv/_add_three_ints.py'...
[11.441s] -- Installing: /home/sarpdengizmen/ros2_ws/install/tutorial_interfaces/lib/python3.10/site-packages/tutorial_interfaces/tutorial_interfaces_s__rosidl_typesupport_fastrtps_c.cpython-310-x86_64-linux-gnu.so
[11.442s] -- Set runtime path of "/home/sarpdengizmen/ros2_ws/install/tutorial_interfaces/lib/python3.10/site-packages/tutorial_interfaces/tutorial_interfaces_s__rosidl_typesupport_fastrtps_c.cpython-310-x86_64-linux-gnu.so" to ""
[11.442s] -- Installing: /home/sarpdengizmen/ros2_ws/install/tutorial_interfaces/lib/python3.10/site-packages/tutorial_interfaces/tutorial_interfaces_s__rosidl_typesupport_introspection_c.cpython-310-x86_64-linux-gnu.so
[11.443s] -- Set runtime path of "/home/sarpdengizmen/ros2_ws/install/tutorial_interfaces/lib/python3.10/site-packages/tutorial_interfaces/tutorial_interfaces_s__rosidl_typesupport_introspection_c.cpython-310-x86_64-linux-gnu.so" to ""
[11.444s] -- Installing: /home/sarpdengizmen/ros2_ws/install/tutorial_interfaces/lib/python3.10/site-packages/tutorial_interfaces/tutorial_interfaces_s__rosidl_typesupport_c.cpython-310-x86_64-linux-gnu.so
[11.444s] -- Set runtime path of "/home/sarpdengizmen/ros2_ws/install/tutorial_interfaces/lib/python3.10/site-packages/tutorial_interfaces/tutorial_interfaces_s__rosidl_typesupport_c.cpython-310-x86_64-linux-gnu.so" to ""
[11.445s] -- Installing: /home/sarpdengizmen/ros2_ws/install/tutorial_interfaces/lib/libtutorial_interfaces__rosidl_generator_py.so
[11.446s] -- Set runtime path of "/home/sarpdengizmen/ros2_ws/install/tutorial_interfaces/lib/libtutorial_interfaces__rosidl_generator_py.so" to ""
[11.446s] -- Installing: /home/sarpdengizmen/ros2_ws/install/tutorial_interfaces/share/tutorial_interfaces/msg/Num.idl
[11.446s] -- Installing: /home/sarpdengizmen/ros2_ws/install/tutorial_interfaces/share/tutorial_interfaces/msg/Sphere.idl
[11.446s] -- Installing: /home/sarpdengizmen/ros2_ws/install/tutorial_interfaces/share/tutorial_interfaces/srv/AddThreeInts.idl
[11.447s] -- Installing: /home/sarpdengizmen/ros2_ws/install/tutorial_interfaces/share/tutorial_interfaces/msg/Num.msg
[11.447s] -- Installing: /home/sarpdengizmen/ros2_ws/install/tutorial_interfaces/share/tutorial_interfaces/msg/Sphere.msg
[11.447s] -- Installing: /home/sarpdengizmen/ros2_ws/install/tutorial_interfaces/share/tutorial_interfaces/srv/AddThreeInts.srv
[11.448s] -- Installing: /home/sarpdengizmen/ros2_ws/install/tutorial_interfaces/share/tutorial_interfaces/srv/AddThreeInts_Request.msg
[11.448s] -- Installing: /home/sarpdengizmen/ros2_ws/install/tutorial_interfaces/share/tutorial_interfaces/srv/AddThreeInts_Response.msg
[11.448s] -- Installing: /home/sarpdengizmen/ros2_ws/install/tutorial_interfaces/share/ament_index/resource_index/package_run_dependencies/tutorial_interfaces
[11.449s] -- Installing: /home/sarpdengizmen/ros2_ws/install/tutorial_interfaces/share/ament_index/resource_index/parent_prefix_path/tutorial_interfaces
[11.449s] -- Installing: /home/sarpdengizmen/ros2_ws/install/tutorial_interfaces/share/tutorial_interfaces/environment/ament_prefix_path.sh
[11.449s] -- Installing: /home/sarpdengizmen/ros2_ws/install/tutorial_interfaces/share/tutorial_interfaces/environment/ament_prefix_path.dsv
[11.449s] -- Installing: /home/sarpdengizmen/ros2_ws/install/tutorial_interfaces/share/tutorial_interfaces/environment/path.sh
[11.450s] -- Installing: /home/sarpdengizmen/ros2_ws/install/tutorial_interfaces/share/tutorial_interfaces/environment/path.dsv
[11.450s] -- Installing: /home/sarpdengizmen/ros2_ws/install/tutorial_interfaces/share/tutorial_interfaces/local_setup.bash
[11.450s] -- Installing: /home/sarpdengizmen/ros2_ws/install/tutorial_interfaces/share/tutorial_interfaces/local_setup.sh
[11.450s] -- Installing: /home/sarpdengizmen/ros2_ws/install/tutorial_interfaces/share/tutorial_interfaces/local_setup.zsh
[11.451s] -- Installing: /home/sarpdengizmen/ros2_ws/install/tutorial_interfaces/share/tutorial_interfaces/local_setup.dsv
[11.451s] -- Installing: /home/sarpdengizmen/ros2_ws/install/tutorial_interfaces/share/tutorial_interfaces/package.dsv
[11.451s] -- Installing: /home/sarpdengizmen/ros2_ws/install/tutorial_interfaces/share/ament_index/resource_index/packages/tutorial_interfaces
[11.451s] -- Installing: /home/sarpdengizmen/ros2_ws/install/tutorial_interfaces/share/tutorial_interfaces/cmake/export_tutorial_interfaces__rosidl_generator_cExport.cmake
[11.452s] -- Installing: /home/sarpdengizmen/ros2_ws/install/tutorial_interfaces/share/tutorial_interfaces/cmake/export_tutorial_interfaces__rosidl_generator_cExport-noconfig.cmake
[11.452s] -- Installing: /home/sarpdengizmen/ros2_ws/install/tutorial_interfaces/share/tutorial_interfaces/cmake/export_tutorial_interfaces__rosidl_typesupport_fastrtps_cExport.cmake
[11.452s] -- Installing: /home/sarpdengizmen/ros2_ws/install/tutorial_interfaces/share/tutorial_interfaces/cmake/export_tutorial_interfaces__rosidl_typesupport_fastrtps_cExport-noconfig.cmake
[11.452s] -- Installing: /home/sarpdengizmen/ros2_ws/install/tutorial_interfaces/share/tutorial_interfaces/cmake/export_tutorial_interfaces__rosidl_generator_cppExport.cmake
[11.453s] -- Installing: /home/sarpdengizmen/ros2_ws/install/tutorial_interfaces/share/tutorial_interfaces/cmake/export_tutorial_interfaces__rosidl_typesupport_fastrtps_cppExport.cmake
[11.453s] -- Installing: /home/sarpdengizmen/ros2_ws/install/tutorial_interfaces/share/tutorial_interfaces/cmake/export_tutorial_interfaces__rosidl_typesupport_fastrtps_cppExport-noconfig.cmake
[11.453s] -- Installing: /home/sarpdengizmen/ros2_ws/install/tutorial_interfaces/share/tutorial_interfaces/cmake/tutorial_interfaces__rosidl_typesupport_introspection_cExport.cmake
[11.453s] -- Installing: /home/sarpdengizmen/ros2_ws/install/tutorial_interfaces/share/tutorial_interfaces/cmake/tutorial_interfaces__rosidl_typesupport_introspection_cExport-noconfig.cmake
[11.454s] -- Installing: /home/sarpdengizmen/ros2_ws/install/tutorial_interfaces/share/tutorial_interfaces/cmake/tutorial_interfaces__rosidl_typesupport_cExport.cmake
[11.454s] -- Installing: /home/sarpdengizmen/ros2_ws/install/tutorial_interfaces/share/tutorial_interfaces/cmake/tutorial_interfaces__rosidl_typesupport_cExport-noconfig.cmake
[11.455s] -- Installing: /home/sarpdengizmen/ros2_ws/install/tutorial_interfaces/share/tutorial_interfaces/cmake/tutorial_interfaces__rosidl_typesupport_introspection_cppExport.cmake
[11.455s] -- Installing: /home/sarpdengizmen/ros2_ws/install/tutorial_interfaces/share/tutorial_interfaces/cmake/tutorial_interfaces__rosidl_typesupport_introspection_cppExport-noconfig.cmake
[11.455s] -- Installing: /home/sarpdengizmen/ros2_ws/install/tutorial_interfaces/share/tutorial_interfaces/cmake/tutorial_interfaces__rosidl_typesupport_cppExport.cmake
[11.455s] -- Installing: /home/sarpdengizmen/ros2_ws/install/tutorial_interfaces/share/tutorial_interfaces/cmake/tutorial_interfaces__rosidl_typesupport_cppExport-noconfig.cmake
[11.456s] -- Installing: /home/sarpdengizmen/ros2_ws/install/tutorial_interfaces/share/tutorial_interfaces/cmake/export_tutorial_interfaces__rosidl_generator_pyExport.cmake
[11.456s] -- Installing: /home/sarpdengizmen/ros2_ws/install/tutorial_interfaces/share/tutorial_interfaces/cmake/export_tutorial_interfaces__rosidl_generator_pyExport-noconfig.cmake
[11.456s] -- Installing: /home/sarpdengizmen/ros2_ws/install/tutorial_interfaces/share/tutorial_interfaces/cmake/rosidl_cmake-extras.cmake
[11.456s] -- Installing: /home/sarpdengizmen/ros2_ws/install/tutorial_interfaces/share/tutorial_interfaces/cmake/ament_cmake_export_dependencies-extras.cmake
[11.457s] -- Installing: /home/sarpdengizmen/ros2_ws/install/tutorial_interfaces/share/tutorial_interfaces/cmake/ament_cmake_export_include_directories-extras.cmake
[11.457s] -- Installing: /home/sarpdengizmen/ros2_ws/install/tutorial_interfaces/share/tutorial_interfaces/cmake/ament_cmake_export_libraries-extras.cmake
[11.457s] -- Installing: /home/sarpdengizmen/ros2_ws/install/tutorial_interfaces/share/tutorial_interfaces/cmake/ament_cmake_export_targets-extras.cmake
[11.458s] -- Installing: /home/sarpdengizmen/ros2_ws/install/tutorial_interfaces/share/tutorial_interfaces/cmake/rosidl_cmake_export_typesupport_targets-extras.cmake
[11.458s] -- Installing: /home/sarpdengizmen/ros2_ws/install/tutorial_interfaces/share/tutorial_interfaces/cmake/rosidl_cmake_export_typesupport_libraries-extras.cmake
[11.458s] -- Installing: /home/sarpdengizmen/ros2_ws/install/tutorial_interfaces/share/tutorial_interfaces/cmake/tutorial_interfacesConfig.cmake
[11.459s] -- Installing: /home/sarpdengizmen/ros2_ws/install/tutorial_interfaces/share/tutorial_interfaces/cmake/tutorial_interfacesConfig-version.cmake
[11.459s] -- Installing: /home/sarpdengizmen/ros2_ws/install/tutorial_interfaces/share/tutorial_interfaces/package.xml
[11.463s] Invoked command in '/home/sarpdengizmen/ros2_ws/build/tutorial_interfaces' returned '0': CMAKE_PREFIX_PATH=/opt/ros/iron /usr/bin/cmake --install /home/sarpdengizmen/ros2_ws/build/tutorial_interfaces
