[1.393s] Invoking command in '/home/sarpdengizmen/ME462-MIDI/ros2_ws/src/py_pubsub': PYTHONPATH=/home/sarpdengizmen/ME462-MIDI/ros2_ws/build/py_pubsub/prefix_override:/home/sarpdengizmen/ME462-MIDI/ros2_ws/install/py_pubsub/lib/python3.10/site-packages:${PYTHONPATH} /usr/bin/python3 setup.py egg_info --egg-base ../../build/py_pubsub build --build-base /home/sarpdengizmen/ME462-MIDI/ros2_ws/build/py_pubsub/build install --record /home/sarpdengizmen/ME462-MIDI/ros2_ws/build/py_pubsub/install.log --single-version-externally-managed
[1.768s] running egg_info
[1.769s] writing ../../build/py_pubsub/py_pubsub.egg-info/PKG-INFO
[1.770s] writing dependency_links to ../../build/py_pubsub/py_pubsub.egg-info/dependency_links.txt
[1.770s] writing entry points to ../../build/py_pubsub/py_pubsub.egg-info/entry_points.txt
[1.770s] writing requirements to ../../build/py_pubsub/py_pubsub.egg-info/requires.txt
[1.770s] writing top-level names to ../../build/py_pubsub/py_pubsub.egg-info/top_level.txt
[1.773s] reading manifest file '../../build/py_pubsub/py_pubsub.egg-info/SOURCES.txt'
[1.774s] adding license file 'LICENSE'
[1.775s] writing manifest file '../../build/py_pubsub/py_pubsub.egg-info/SOURCES.txt'
[1.775s] running build
[1.775s] running build_py
[1.776s] copying py_pubsub/publisher_member_function.py -> /home/sarpdengizmen/ME462-MIDI/ros2_ws/build/py_pubsub/build/lib/py_pubsub
[1.776s] copying py_pubsub/subscriber_member_function.py -> /home/sarpdengizmen/ME462-MIDI/ros2_ws/build/py_pubsub/build/lib/py_pubsub
[1.777s] running install
[1.778s] /usr/lib/python3/dist-packages/setuptools/command/install.py:34: SetuptoolsDeprecationWarning: setup.py install is deprecated. Use build and pip and other standards-based tools.
[1.778s]   warnings.warn(
[1.778s] running install_lib
[1.780s] copying /home/sarpdengizmen/ME462-MIDI/ros2_ws/build/py_pubsub/build/lib/py_pubsub/publisher_member_function.py -> /home/sarpdengizmen/ME462-MIDI/ros2_ws/install/py_pubsub/lib/python3.10/site-packages/py_pubsub
[1.780s] copying /home/sarpdengizmen/ME462-MIDI/ros2_ws/build/py_pubsub/build/lib/py_pubsub/subscriber_member_function.py -> /home/sarpdengizmen/ME462-MIDI/ros2_ws/install/py_pubsub/lib/python3.10/site-packages/py_pubsub
[1.782s] byte-compiling /home/sarpdengizmen/ME462-MIDI/ros2_ws/install/py_pubsub/lib/python3.10/site-packages/py_pubsub/publisher_member_function.py to publisher_member_function.cpython-310.pyc
[1.783s] byte-compiling /home/sarpdengizmen/ME462-MIDI/ros2_ws/install/py_pubsub/lib/python3.10/site-packages/py_pubsub/subscriber_member_function.py to subscriber_member_function.cpython-310.pyc
[1.783s] running install_data
[1.784s] running install_egg_info
[1.787s] removing '/home/sarpdengizmen/ME462-MIDI/ros2_ws/install/py_pubsub/lib/python3.10/site-packages/py_pubsub-0.0.0-py3.10.egg-info' (and everything under it)
[1.787s] Copying ../../build/py_pubsub/py_pubsub.egg-info to /home/sarpdengizmen/ME462-MIDI/ros2_ws/install/py_pubsub/lib/python3.10/site-packages/py_pubsub-0.0.0-py3.10.egg-info
[1.788s] running install_scripts
[1.818s] Installing listener script to /home/sarpdengizmen/ME462-MIDI/ros2_ws/install/py_pubsub/lib/py_pubsub
[1.819s] Installing talker script to /home/sarpdengizmen/ME462-MIDI/ros2_ws/install/py_pubsub/lib/py_pubsub
[1.820s] writing list of installed files to '/home/sarpdengizmen/ME462-MIDI/ros2_ws/build/py_pubsub/install.log'
[1.855s] Invoked command in '/home/sarpdengizmen/ME462-MIDI/ros2_ws/src/py_pubsub' returned '0': PYTHONPATH=/home/sarpdengizmen/ME462-MIDI/ros2_ws/build/py_pubsub/prefix_override:/home/sarpdengizmen/ME462-MIDI/ros2_ws/install/py_pubsub/lib/python3.10/site-packages:${PYTHONPATH} /usr/bin/python3 setup.py egg_info --egg-base ../../build/py_pubsub build --build-base /home/sarpdengizmen/ME462-MIDI/ros2_ws/build/py_pubsub/build install --record /home/sarpdengizmen/ME462-MIDI/ros2_ws/build/py_pubsub/install.log --single-version-externally-managed
