[1.242s] Invoking command in '/home/sarpdengizmen/ME462-MIDI/ros2_ws/src/py_pubsub': PYTHONPATH=/home/sarpdengizmen/ME462-MIDI/ros2_ws/build/py_pubsub/prefix_override:/home/sarpdengizmen/ME462-MIDI/ros2_ws/install/py_pubsub/lib/python3.10/site-packages:${PYTHONPATH} /usr/bin/python3 setup.py egg_info --egg-base ../../build/py_pubsub build --build-base /home/sarpdengizmen/ME462-MIDI/ros2_ws/build/py_pubsub/build install --record /home/sarpdengizmen/ME462-MIDI/ros2_ws/build/py_pubsub/install.log --single-version-externally-managed
[1.615s] running egg_info
[1.616s] writing ../../build/py_pubsub/py_pubsub.egg-info/PKG-INFO
[1.617s] writing dependency_links to ../../build/py_pubsub/py_pubsub.egg-info/dependency_links.txt
[1.617s] writing entry points to ../../build/py_pubsub/py_pubsub.egg-info/entry_points.txt
[1.617s] writing requirements to ../../build/py_pubsub/py_pubsub.egg-info/requires.txt
[1.617s] writing top-level names to ../../build/py_pubsub/py_pubsub.egg-info/top_level.txt
[1.621s] reading manifest file '../../build/py_pubsub/py_pubsub.egg-info/SOURCES.txt'
[1.622s] adding license file 'LICENSE'
[1.623s] writing manifest file '../../build/py_pubsub/py_pubsub.egg-info/SOURCES.txt'
[1.623s] running build
[1.624s] running build_py
[1.624s] copying py_pubsub/publisher_member_function.py -> /home/sarpdengizmen/ME462-MIDI/ros2_ws/build/py_pubsub/build/lib/py_pubsub
[1.624s] copying py_pubsub/subscriber_member_function.py -> /home/sarpdengizmen/ME462-MIDI/ros2_ws/build/py_pubsub/build/lib/py_pubsub
[1.625s] copying py_pubsub/subscriber_member_function_twist.py -> /home/sarpdengizmen/ME462-MIDI/ros2_ws/build/py_pubsub/build/lib/py_pubsub
[1.626s] running install
[1.627s] /usr/lib/python3/dist-packages/setuptools/command/install.py:34: SetuptoolsDeprecationWarning: setup.py install is deprecated. Use build and pip and other standards-based tools.
[1.627s]   warnings.warn(
[1.628s] running install_lib
[1.629s] copying /home/sarpdengizmen/ME462-MIDI/ros2_ws/build/py_pubsub/build/lib/py_pubsub/publisher_member_function.py -> /home/sarpdengizmen/ME462-MIDI/ros2_ws/install/py_pubsub/lib/python3.10/site-packages/py_pubsub
[1.629s] copying /home/sarpdengizmen/ME462-MIDI/ros2_ws/build/py_pubsub/build/lib/py_pubsub/subscriber_member_function.py -> /home/sarpdengizmen/ME462-MIDI/ros2_ws/install/py_pubsub/lib/python3.10/site-packages/py_pubsub
[1.630s] copying /home/sarpdengizmen/ME462-MIDI/ros2_ws/build/py_pubsub/build/lib/py_pubsub/subscriber_member_function_twist.py -> /home/sarpdengizmen/ME462-MIDI/ros2_ws/install/py_pubsub/lib/python3.10/site-packages/py_pubsub
[1.631s] byte-compiling /home/sarpdengizmen/ME462-MIDI/ros2_ws/install/py_pubsub/lib/python3.10/site-packages/py_pubsub/publisher_member_function.py to publisher_member_function.cpython-310.pyc
[1.633s] byte-compiling /home/sarpdengizmen/ME462-MIDI/ros2_ws/install/py_pubsub/lib/python3.10/site-packages/py_pubsub/subscriber_member_function.py to subscriber_member_function.cpython-310.pyc
[1.634s] byte-compiling /home/sarpdengizmen/ME462-MIDI/ros2_ws/install/py_pubsub/lib/python3.10/site-packages/py_pubsub/subscriber_member_function_twist.py to subscriber_member_function_twist.cpython-310.pyc
[1.634s] running install_data
[1.635s] running install_egg_info
[1.638s] removing '/home/sarpdengizmen/ME462-MIDI/ros2_ws/install/py_pubsub/lib/python3.10/site-packages/py_pubsub-0.0.0-py3.10.egg-info' (and everything under it)
[1.638s] Copying ../../build/py_pubsub/py_pubsub.egg-info to /home/sarpdengizmen/ME462-MIDI/ros2_ws/install/py_pubsub/lib/python3.10/site-packages/py_pubsub-0.0.0-py3.10.egg-info
[1.640s] running install_scripts
[1.670s] Installing listener script to /home/sarpdengizmen/ME462-MIDI/ros2_ws/install/py_pubsub/lib/py_pubsub
[1.670s] Installing talker script to /home/sarpdengizmen/ME462-MIDI/ros2_ws/install/py_pubsub/lib/py_pubsub
[1.670s] writing list of installed files to '/home/sarpdengizmen/ME462-MIDI/ros2_ws/build/py_pubsub/install.log'
[1.705s] Invoked command in '/home/sarpdengizmen/ME462-MIDI/ros2_ws/src/py_pubsub' returned '0': PYTHONPATH=/home/sarpdengizmen/ME462-MIDI/ros2_ws/build/py_pubsub/prefix_override:/home/sarpdengizmen/ME462-MIDI/ros2_ws/install/py_pubsub/lib/python3.10/site-packages:${PYTHONPATH} /usr/bin/python3 setup.py egg_info --egg-base ../../build/py_pubsub build --build-base /home/sarpdengizmen/ME462-MIDI/ros2_ws/build/py_pubsub/build install --record /home/sarpdengizmen/ME462-MIDI/ros2_ws/build/py_pubsub/install.log --single-version-externally-managed
