[0.802s] Invoking command in '/home/bayrakt4rdem/ros2_ws/src/my_py_pkg': PYTHONPATH=/home/bayrakt4rdem/ros2_ws/build/my_py_pkg/prefix_override:/home/bayrakt4rdem/ros2_ws/install/my_py_pkg/lib/python3.10/site-packages:${PYTHONPATH} /usr/bin/python3 -W ignore:setup.py install is deprecated setup.py egg_info --egg-base ../../build/my_py_pkg build --build-base /home/bayrakt4rdem/ros2_ws/build/my_py_pkg/build install --record /home/bayrakt4rdem/ros2_ws/build/my_py_pkg/install.log --single-version-externally-managed install_data
[1.056s] running egg_info
[1.056s] writing ../../build/my_py_pkg/my_py_pkg.egg-info/PKG-INFO
[1.058s] writing dependency_links to ../../build/my_py_pkg/my_py_pkg.egg-info/dependency_links.txt
[1.060s] writing entry points to ../../build/my_py_pkg/my_py_pkg.egg-info/entry_points.txt
[1.063s] writing requirements to ../../build/my_py_pkg/my_py_pkg.egg-info/requires.txt
[1.064s] writing top-level names to ../../build/my_py_pkg/my_py_pkg.egg-info/top_level.txt
[1.068s] reading manifest file '../../build/my_py_pkg/my_py_pkg.egg-info/SOURCES.txt'
[1.069s] writing manifest file '../../build/my_py_pkg/my_py_pkg.egg-info/SOURCES.txt'
[1.071s] running build
[1.071s] running build_py
[1.071s] copying my_py_pkg/serial_publisher.py -> /home/bayrakt4rdem/ros2_ws/build/my_py_pkg/build/lib/my_py_pkg
[1.072s] running install
[1.072s] running install_lib
[1.073s] copying /home/bayrakt4rdem/ros2_ws/build/my_py_pkg/build/lib/my_py_pkg/serial_publisher.py -> /home/bayrakt4rdem/ros2_ws/install/my_py_pkg/lib/python3.10/site-packages/my_py_pkg
[1.073s] byte-compiling /home/bayrakt4rdem/ros2_ws/install/my_py_pkg/lib/python3.10/site-packages/my_py_pkg/serial_publisher.py to serial_publisher.cpython-310.pyc
[1.078s] running install_data
[1.078s] running install_egg_info
[1.080s] removing '/home/bayrakt4rdem/ros2_ws/install/my_py_pkg/lib/python3.10/site-packages/my_py_pkg-0.0.0-py3.10.egg-info' (and everything under it)
[1.080s] Copying ../../build/my_py_pkg/my_py_pkg.egg-info to /home/bayrakt4rdem/ros2_ws/install/my_py_pkg/lib/python3.10/site-packages/my_py_pkg-0.0.0-py3.10.egg-info
[1.081s] running install_scripts
[1.097s] Installing serial_publisher script to /home/bayrakt4rdem/ros2_ws/install/my_py_pkg/lib/my_py_pkg
[1.099s] Installing template_publishernode script to /home/bayrakt4rdem/ros2_ws/install/my_py_pkg/lib/my_py_pkg
[1.102s] Installing template_subscribernode script to /home/bayrakt4rdem/ros2_ws/install/my_py_pkg/lib/my_py_pkg
[1.104s] writing list of installed files to '/home/bayrakt4rdem/ros2_ws/build/my_py_pkg/install.log'
[1.123s] Invoked command in '/home/bayrakt4rdem/ros2_ws/src/my_py_pkg' returned '0': PYTHONPATH=/home/bayrakt4rdem/ros2_ws/build/my_py_pkg/prefix_override:/home/bayrakt4rdem/ros2_ws/install/my_py_pkg/lib/python3.10/site-packages:${PYTHONPATH} /usr/bin/python3 -W ignore:setup.py install is deprecated setup.py egg_info --egg-base ../../build/my_py_pkg build --build-base /home/bayrakt4rdem/ros2_ws/build/my_py_pkg/build install --record /home/bayrakt4rdem/ros2_ws/build/my_py_pkg/install.log --single-version-externally-managed install_data
