[1.130s] Invoking command in '/home/sarpdengizmen/ros2_ws/src/py_pubsub': PYTHONPATH=/home/sarpdengizmen/ros2_ws/build/py_pubsub/prefix_override:/home/sarpdengizmen/ros2_ws/install/py_pubsub/lib/python3.10/site-packages:${PYTHONPATH} /usr/bin/python3 setup.py egg_info --egg-base ../../build/py_pubsub build --build-base /home/sarpdengizmen/ros2_ws/build/py_pubsub/build install --record /home/sarpdengizmen/ros2_ws/build/py_pubsub/install.log --single-version-externally-managed
[1.475s] running egg_info
[1.477s] writing ../../build/py_pubsub/py_pubsub.egg-info/PKG-INFO
[1.477s] writing dependency_links to ../../build/py_pubsub/py_pubsub.egg-info/dependency_links.txt
[1.477s] writing entry points to ../../build/py_pubsub/py_pubsub.egg-info/entry_points.txt
[1.478s] writing requirements to ../../build/py_pubsub/py_pubsub.egg-info/requires.txt
[1.478s] writing top-level names to ../../build/py_pubsub/py_pubsub.egg-info/top_level.txt
[1.481s] reading manifest file '../../build/py_pubsub/py_pubsub.egg-info/SOURCES.txt'
[1.482s] adding license file 'LICENSE'
[1.483s] writing manifest file '../../build/py_pubsub/py_pubsub.egg-info/SOURCES.txt'
[1.483s] running build
[1.483s] running build_py
[1.484s] copying py_pubsub/subscriber_member_function.py -> /home/sarpdengizmen/ros2_ws/build/py_pubsub/build/lib/py_pubsub
[1.484s] running install
[1.484s] /usr/lib/python3/dist-packages/setuptools/command/install.py:34: SetuptoolsDeprecationWarning: setup.py install is deprecated. Use build and pip and other standards-based tools.
[1.484s]   warnings.warn(
[1.485s] running install_lib
[1.486s] copying /home/sarpdengizmen/ros2_ws/build/py_pubsub/build/lib/py_pubsub/subscriber_member_function.py -> /home/sarpdengizmen/ros2_ws/install/py_pubsub/lib/python3.10/site-packages/py_pubsub
[1.487s] byte-compiling /home/sarpdengizmen/ros2_ws/install/py_pubsub/lib/python3.10/site-packages/py_pubsub/subscriber_member_function.py to subscriber_member_function.cpython-310.pyc
[1.487s] running install_data
[1.488s] running install_egg_info
[1.491s] removing '/home/sarpdengizmen/ros2_ws/install/py_pubsub/lib/python3.10/site-packages/py_pubsub-0.0.0-py3.10.egg-info' (and everything under it)
[1.491s] Copying ../../build/py_pubsub/py_pubsub.egg-info to /home/sarpdengizmen/ros2_ws/install/py_pubsub/lib/python3.10/site-packages/py_pubsub-0.0.0-py3.10.egg-info
[1.493s] running install_scripts
[1.521s] Installing listener script to /home/sarpdengizmen/ros2_ws/install/py_pubsub/lib/py_pubsub
[1.522s] Installing talker script to /home/sarpdengizmen/ros2_ws/install/py_pubsub/lib/py_pubsub
[1.522s] writing list of installed files to '/home/sarpdengizmen/ros2_ws/build/py_pubsub/install.log'
[1.557s] Invoked command in '/home/sarpdengizmen/ros2_ws/src/py_pubsub' returned '0': PYTHONPATH=/home/sarpdengizmen/ros2_ws/build/py_pubsub/prefix_override:/home/sarpdengizmen/ros2_ws/install/py_pubsub/lib/python3.10/site-packages:${PYTHONPATH} /usr/bin/python3 setup.py egg_info --egg-base ../../build/py_pubsub build --build-base /home/sarpdengizmen/ros2_ws/build/py_pubsub/build install --record /home/sarpdengizmen/ros2_ws/build/py_pubsub/install.log --single-version-externally-managed
